#
# There is insufficient memory for the Java Runtime Environment to continue.
# Native memory allocation (mmap) failed to map 134217728 bytes for Failed to commit area from 0x0000000081c00000 to 0x0000000089c00000 of length 134217728.
# Possible reasons:
#   The system is out of physical RAM or swap space
#   The process is running with CompressedOops enabled, and the Java Heap may be blocking the growth of the native heap
# Possible solutions:
#   Reduce memory load on the system
#   Increase physical memory or swap space
#   Check if swap backing store is full
#   Decrease Java heap size (-Xmx/-Xms)
#   Decrease number of Java threads
#   Decrease Java thread stack sizes (-Xss)
#   Set larger code cache with -XX:ReservedCodeCacheSize=
# This output file may be truncated or incomplete.
#
#  Out of Memory Error (./src/hotspot/os/windows/os_windows.cpp:3303), pid=15880, tid=9180
#
# JRE version:  (11.0.9+11) (build )
# Java VM: OpenJDK 64-Bit Server VM (11.0.9+11-b1145.21, mixed mode, sharing, tiered, compressed oops, g1 gc, windows-amd64)
# No core dump will be written. Minidumps are not enabled by default on client versions of Windows
#

---------------  S U M M A R Y ------------

Command Line: org.jetbrains.git4idea.http.GitAskPassApp Username for 'https://github.com': 

Host: Intel(R) Core(TM) i5-2520M CPU @ 2.50GHz, 4 cores, 7G,  Windows 10 , 64 bit Build 19041 (10.0.19041.662)
Time: Wed Dec 16 12:19:43 2020 Közép-európai téli idõ  elapsed time: 0.024554 seconds (0d 0h 0m 0s)

---------------  T H R E A D  ---------------

Current thread (0x0000026f2e9ef000):  JavaThread "Unknown thread" [_thread_in_vm, id=9180, stack(0x000000ba5a300000,0x000000ba5a400000)]

Stack: [0x000000ba5a300000,0x000000ba5a400000]
Native frames: (J=compiled Java code, j=interpreted, Vv=VM code, C=native code)
V  [jvm.dll+0x5ed3ca]
V  [jvm.dll+0x722725]
V  [jvm.dll+0x723c7d]
V  [jvm.dll+0x724333]
V  [jvm.dll+0x242bd8]
V  [jvm.dll+0x5ea884]
V  [jvm.dll+0x5df995]
V  [jvm.dll+0x2fe13b]
V  [jvm.dll+0x2fe0aa]
V  [jvm.dll+0x2fdf82]
V  [jvm.dll+0x302e56]
V  [jvm.dll+0x34b583]
V  [jvm.dll+0x34bc86]
V  [jvm.dll+0x34b683]
V  [jvm.dll+0x2d8df8]
V  [jvm.dll+0x2d9f97]
V  [jvm.dll+0x701517]
V  [jvm.dll+0x702d0c]
V  [jvm.dll+0x358b39]
V  [jvm.dll+0x6e4f9e]
V  [jvm.dll+0x3c0db3]
V  [jvm.dll+0x3c2f61]
C  [jli.dll+0x5373]
C  [ucrtbase.dll+0x214c2]
C  [KERNEL32.DLL+0x17034]
C  [ntdll.dll+0x4d0d1]


---------------  P R O C E S S  ---------------

Threads class SMR info:
_java_thread_list=0x0000026f2c8e4040, length=0, elements={
}

Java Threads: ( => current thread )

Other Threads:
  0x0000026f2ea07800 GCTaskThread "GC Thread#0" [stack: 0x000000ba5a400000,0x000000ba5a500000] [id=14896]
  0x0000026f2ea39800 ConcurrentGCThread "G1 Main Marker" [stack: 0x000000ba5a500000,0x000000ba5a600000] [id=14168]
  0x0000026f2ea3d000 ConcurrentGCThread "G1 Conc#0" [stack: 0x000000ba5a600000,0x000000ba5a700000] [id=8688]

[error occurred during error reporting (printing all threads), id 0xc0000005, EXCEPTION_ACCESS_VIOLATION (0xc0000005) at pc=0x00007ffdcc049397]

VM state:not at safepoint (not fully initialized)

VM Mutex/Monitor currently owned by a thread:  ([mutex/lock_event])
[0x0000026f2e9eb500] Heap_lock - owner thread: 0x0000026f2e9ef000

Heap address: 0x0000000081c00000, size: 2020 MB, Compressed Oops mode: Non-zero based: 0x0000000081c00000
Narrow klass base: 0x0000000000000000, Narrow klass shift: 0

GC Heap History (0 events):
No events

Deoptimization events (0 events):
No events

Classes redefined (0 events):
No events

Internal exceptions (0 events):
No events

Events (1 events):
Event: 0.014 Loaded shared library C:\Users\ervin_1nmnhvl\AppData\Local\JetBrains\Toolbox\apps\IDEA-U\ch-0\203.5981.155\jbr\bin\zip.dll


Dynamic libraries:
0x00007ff61e8a0000 - 0x00007ff61e8aa000 	C:\Users\ervin_1nmnhvl\AppData\Local\JetBrains\Toolbox\apps\IDEA-U\ch-0\203.5981.155\jbr\bin\java.exe
0x00007ffe3d990000 - 0x00007ffe3db86000 	C:\WINDOWS\SYSTEM32\ntdll.dll
0x00007ffe3d7b0000 - 0x00007ffe3d86d000 	C:\WINDOWS\System32\KERNEL32.DLL
0x00007ffe3b170000 - 0x00007ffe3b439000 	C:\WINDOWS\System32\KERNELBASE.dll
0x00007ffe3b570000 - 0x00007ffe3b670000 	C:\WINDOWS\System32\ucrtbase.dll
0x00007ffe37520000 - 0x00007ffe37537000 	C:\Users\ervin_1nmnhvl\AppData\Local\JetBrains\Toolbox\apps\IDEA-U\ch-0\203.5981.155\jbr\bin\VCRUNTIME140.dll
0x00007ffe37540000 - 0x00007ffe37559000 	C:\Users\ervin_1nmnhvl\AppData\Local\JetBrains\Toolbox\apps\IDEA-U\ch-0\203.5981.155\jbr\bin\jli.dll
0x00007ffe3d5e0000 - 0x00007ffe3d780000 	C:\WINDOWS\System32\USER32.dll
0x00007ffe3b940000 - 0x00007ffe3b962000 	C:\WINDOWS\System32\win32u.dll
0x00007ffe3d780000 - 0x00007ffe3d7aa000 	C:\WINDOWS\System32\GDI32.dll
0x00007ffe27640000 - 0x00007ffe278db000 	C:\WINDOWS\WinSxS\amd64_microsoft.windows.common-controls_6595b64144ccf1df_6.0.19041.488_none_ca04af081b815d21\COMCTL32.dll
0x00007ffe3b670000 - 0x00007ffe3b779000 	C:\WINDOWS\System32\gdi32full.dll
0x00007ffe3cba0000 - 0x00007ffe3cc3e000 	C:\WINDOWS\System32\msvcrt.dll
0x00007ffe3b0d0000 - 0x00007ffe3b16d000 	C:\WINDOWS\System32\msvcp_win.dll
0x00007ffe3b9f0000 - 0x00007ffe3ba20000 	C:\WINDOWS\System32\IMM32.DLL
0x00007ffe0e8f0000 - 0x00007ffe0e98d000 	C:\Users\ervin_1nmnhvl\AppData\Local\JetBrains\Toolbox\apps\IDEA-U\ch-0\203.5981.155\jbr\bin\msvcp140.dll
0x00007ffdcbd60000 - 0x00007ffdcc82e000 	C:\Users\ervin_1nmnhvl\AppData\Local\JetBrains\Toolbox\apps\IDEA-U\ch-0\203.5981.155\jbr\bin\server\jvm.dll
0x00007ffe3c0b0000 - 0x00007ffe3c15c000 	C:\WINDOWS\System32\ADVAPI32.dll
0x00007ffe3bf90000 - 0x00007ffe3c02c000 	C:\WINDOWS\System32\sechost.dll
0x00007ffe3c320000 - 0x00007ffe3c44b000 	C:\WINDOWS\System32\RPCRT4.dll
0x00007ffe3c160000 - 0x00007ffe3c168000 	C:\WINDOWS\System32\PSAPI.DLL
0x00007ffe345b0000 - 0x00007ffe345d7000 	C:\WINDOWS\SYSTEM32\WINMM.dll
0x00007ffe16af0000 - 0x00007ffe16af9000 	C:\WINDOWS\SYSTEM32\WSOCK32.dll
0x00007ffe340e0000 - 0x00007ffe340ea000 	C:\WINDOWS\SYSTEM32\VERSION.dll
0x00007ffe3c030000 - 0x00007ffe3c09b000 	C:\WINDOWS\System32\WS2_32.dll
0x00007ffe39870000 - 0x00007ffe39882000 	C:\WINDOWS\SYSTEM32\kernel.appcore.dll
0x00007ffe374b0000 - 0x00007ffe374c1000 	C:\Users\ervin_1nmnhvl\AppData\Local\JetBrains\Toolbox\apps\IDEA-U\ch-0\203.5981.155\jbr\bin\verify.dll
0x00007ffe33180000 - 0x00007ffe33364000 	C:\WINDOWS\SYSTEM32\DBGHELP.DLL
0x00007ffe1dc20000 - 0x00007ffe1dc4c000 	C:\WINDOWS\SYSTEM32\dbgcore.DLL
0x00007ffe3b970000 - 0x00007ffe3b9f0000 	C:\WINDOWS\System32\bcryptPrimitives.dll
0x00007ffdea2e0000 - 0x00007ffdea309000 	C:\Users\ervin_1nmnhvl\AppData\Local\JetBrains\Toolbox\apps\IDEA-U\ch-0\203.5981.155\jbr\bin\java.dll
0x00007ffe374a0000 - 0x00007ffe374ab000 	C:\Users\ervin_1nmnhvl\AppData\Local\JetBrains\Toolbox\apps\IDEA-U\ch-0\203.5981.155\jbr\bin\jimage.dll
0x00007ffe37460000 - 0x00007ffe37478000 	C:\Users\ervin_1nmnhvl\AppData\Local\JetBrains\Toolbox\apps\IDEA-U\ch-0\203.5981.155\jbr\bin\zip.dll

dbghelp: loaded successfully - version: 4.0.5 - missing functions: none
symbol engine: initialized successfully - sym options: 0x614 - pdb path: .;C:\Users\ervin_1nmnhvl\AppData\Local\JetBrains\Toolbox\apps\IDEA-U\ch-0\203.5981.155\jbr\bin;C:\WINDOWS\SYSTEM32;C:\WINDOWS\WinSxS\amd64_microsoft.windows.common-controls_6595b64144ccf1df_6.0.19041.488_none_ca04af081b815d21;C:\Users\ervin_1nmnhvl\AppData\Local\JetBrains\Toolbox\apps\IDEA-U\ch-0\203.5981.155\jbr\bin\server

VM Arguments:
java_command: org.jetbrains.git4idea.http.GitAskPassApp Username for 'https://github.com': 
java_class_path (initial): C:/Users/ervin_1nmnhvl/AppData/Local/JetBrains/Toolbox/apps/IDEA-U/ch-0/203.5981.155/plugins/git4idea/lib/git4idea-rt.jar;C:/Users/ervin_1nmnhvl/AppData/Local/JetBrains/Toolbox/apps/IDEA-U/ch-0/203.5981.155/lib/xmlrpc-2.0.1.jar;C:/Users/ervin_1nmnhvl/AppData/Local/JetBrains/Toolbox/apps/IDEA-U/ch-0/203.5981.155/lib/commons-codec-1.14.jar
Launcher Type: SUN_STANDARD

[Global flags]
     intx CICompilerCount                          = 3                                         {product} {ergonomic}
     uint ConcGCThreads                            = 1                                         {product} {ergonomic}
     uint G1ConcRefinementThreads                  = 4                                         {product} {ergonomic}
   size_t G1HeapRegionSize                         = 1048576                                   {product} {ergonomic}
    uintx GCDrainStackTargetSize                   = 64                                        {product} {ergonomic}
   size_t InitialHeapSize                          = 134217728                                 {product} {ergonomic}
   size_t MarkStackSize                            = 4194304                                   {product} {ergonomic}
   size_t MaxHeapSize                              = 2118123520                                {product} {ergonomic}
   size_t MinHeapDeltaBytes                        = 1048576                                   {product} {ergonomic}
    uintx NonNMethodCodeHeapSize                   = 5830732                                {pd product} {ergonomic}
    uintx NonProfiledCodeHeapSize                  = 122913754                              {pd product} {ergonomic}
    uintx ProfiledCodeHeapSize                     = 122913754                              {pd product} {ergonomic}
    uintx ReservedCodeCacheSize                    = 251658240                              {pd product} {ergonomic}
     bool SegmentedCodeCache                       = true                                      {product} {ergonomic}
     bool UseCompressedClassPointers               = true                                 {lp64_product} {ergonomic}
     bool UseCompressedOops                        = true                                 {lp64_product} {ergonomic}
     bool UseG1GC                                  = true                                      {product} {ergonomic}
     bool UseLargePagesIndividualAllocation        = false                                  {pd product} {ergonomic}

Logging:
Log output configuration:
 #0: stdout all=warning uptime,level,tags
 #1: stderr all=off uptime,level,tags

Environment Variables:
JAVA_HOME=C:\Program Files\Java\jdk-11.0.4
PATH=C:\Program Files\Git\mingw64\libexec\git-core;C:\Program Files\Git\mingw64\bin;C:\Program Files\Git\usr\bin;C:\Users\ervin_1nmnhvl\bin;C:\Program Files\Docker\Docker\Resources\bin;C:\ProgramData\Oracle\Java\javapath;C:\WINDOWS\system32;C:\WINDOWS;C:\WINDOWS\System32\Wbem;C:\WINDOWS\System32\WindowsPowerShell\v1.0;C:\Program Files (x86)\cloudControl;C:\Program Files\Git\cmd;C:\bin;C:\Program Files (x86)\Windows Kits\8.1\Windows Performance Toolkit;C:\Program Files (x86)\PuTTY;C:\Program Files (x86)\Nodist\bin;G:\save\sdk\android\tools;G:\save\sdk\android\platform-tools;C:\boxfuse;C:\Program Files (x86)\Skype\Phone;C:\Program Files (x86)\GtkSharp\2.12\bin;C:\Program Files (x86)\IVI Foundation\VISA\WinNT\Bin;C:\WINDOWS\system32;C:\WINDOWS;C:\WINDOWS\System32\Wbem;C:\WINDOWS\System32\WindowsPowerShell\v1.0;C:\WINDOWS\System32\OpenSSH;C:\Users\ervin_1nmnhvl\AppData\Local\Microsoft\WindowsApps
USERNAME=ervin_1nmnhvl
DISPLAY=:0.0
LC_ALL=en_US.UTF-8
OS=Windows_NT
PROCESSOR_IDENTIFIER=Intel64 Family 6 Model 42 Stepping 7, GenuineIntel



---------------  S Y S T E M  ---------------

OS: Windows 10 , 64 bit Build 19041 (10.0.19041.662)
OS uptime: 0 days 20:30 hours
HyperV virtualization detected

CPU:total 4 (initial active 4) (2 cores per cpu, 2 threads per core) family 6 model 42 stepping 7, cmov, cx8, fxsr, mmx, sse, sse2, sse3, ssse3, sse4.1, sse4.2, popcnt, avx, aes, clmul, ht, tsc, tscinvbit

Memory: 4k page, system-wide physical 8073M (448M free)
TotalPageFile size 10106M (AvailPageFile size 80M)
current process WorkingSet (physical memory assigned to process): 9M, peak: 9M
current process commit charge ("private bytes"): 51M, peak: 179M

vm_info: OpenJDK 64-Bit Server VM (11.0.9+11-b1145.21) for windows-amd64 JRE (11.0.9+11-b1145.21), built on Nov 21 2020 14:37:09 by "" with MS VC++ 14.0 (VS2015)

END.
