#
# There is insufficient memory for the Java Runtime Environment to continue.
# Native memory allocation (malloc) failed to allocate 1119536 bytes for Chunk::new
# Possible reasons:
#   The system is out of physical RAM or swap space
#   In 32 bit mode, the process size limit was hit
# Possible solutions:
#   Reduce memory load on the system
#   Increase physical memory or swap space
#   Check if swap backing store is full
#   Use 64 bit Java on a 64 bit OS
#   Decrease Java heap size (-Xmx/-Xms)
#   Decrease number of Java threads
#   Decrease Java thread stack sizes (-Xss)
#   Set larger code cache with -XX:ReservedCodeCacheSize=
# This output file may be truncated or incomplete.
#
#  Out of Memory Error (allocation.cpp:390), pid=4924, tid=23380
#
# JRE version: Java(TM) SE Runtime Environment (8.0_51-b16) (build 1.8.0_51-b16)
# Java VM: Java HotSpot(TM) 64-Bit Server VM (25.51-b03 mixed mode windows-amd64 compressed oops)
# Failed to write core dump. Minidumps are not enabled by default on client versions of Windows
#

---------------  T H R E A D  ---------------

Current thread (0x0000000019a08000):  JavaThread "C2 CompilerThread1" daemon [_thread_in_native, id=23380, stack(0x0000000019c20000,0x0000000019d20000)]

Stack: [0x0000000019c20000,0x0000000019d20000]
Native frames: (J=compiled Java code, j=interpreted, Vv=VM code, C=native code)
V  [jvm.dll+0x32b4ca]
V  [jvm.dll+0x2797e3]
V  [jvm.dll+0x27a479]
V  [jvm.dll+0x271765]
V  [jvm.dll+0xcba02]
V  [jvm.dll+0xcbecc]
V  [jvm.dll+0x492a7c]
V  [jvm.dll+0x45f98a]
V  [jvm.dll+0x46a7cb]
V  [jvm.dll+0x46cde2]
V  [jvm.dll+0x4501a2]
V  [jvm.dll+0xa43a2]
V  [jvm.dll+0xa4cdf]
V  [jvm.dll+0x2418a4]
V  [jvm.dll+0x29846a]
C  [msvcr100.dll+0x21d9f]
C  [msvcr100.dll+0x21e3b]
C  [KERNEL32.DLL+0x17034]
C  [ntdll.dll+0x4d0d1]


Current CompileTask:
C2: 151881 18895       4       net.minecraft.entity.Entity::handleFluidAcceleration (449 bytes)


---------------  P R O C E S S  ---------------

Java Threads: ( => current thread )
  0x0000000019fe6800 JavaThread "Sound engine" daemon [_thread_blocked, id=14376, stack(0x0000000021ae0000,0x0000000021be0000)]
  0x0000000019fe2000 JavaThread "Worker-Main-19" daemon [_thread_blocked, id=18808, stack(0x000000001b9f0000,0x000000001baf0000)]
  0x000000002310c000 JavaThread "Worker-Main-18" daemon [_thread_blocked, id=16764, stack(0x00000000015b0000,0x00000000016b0000)]
  0x0000000023112000 JavaThread "Netty Server IO #1" daemon [_thread_in_native, id=19160, stack(0x00000000432f0000,0x00000000433f0000)]
  0x0000000023116000 JavaThread "Netty Local Client IO #0" daemon [_thread_blocked, id=6352, stack(0x0000000030df0000,0x0000000030ef0000)]
  0x0000000023115000 JavaThread "Keep-Alive-Timer" daemon [_thread_blocked, id=12904, stack(0x0000000030cf0000,0x0000000030df0000)]
  0x0000000023111800 JavaThread "Netty Server IO #0" daemon [_thread_in_native, id=14872, stack(0x00000000410e0000,0x00000000411e0000)]
  0x0000000023109000 JavaThread "ObjectCleanerThread" daemon [_thread_blocked, id=5832, stack(0x00000000400c0000,0x00000000401c0000)]
  0x0000000023113800 JavaThread "Java2D Disposer" daemon [_thread_blocked, id=14264, stack(0x000000003fa30000,0x000000003fb30000)]
  0x0000000023116800 JavaThread "IO-Worker-17" [_thread_blocked, id=22556, stack(0x0000000030bf0000,0x0000000030cf0000)]
  0x000000002310a000 JavaThread "IO-Worker-16" [_thread_blocked, id=14292, stack(0x0000000030af0000,0x0000000030bf0000)]
  0x0000000023110800 JavaThread "IO-Worker-15" [_thread_blocked, id=22744, stack(0x000000003aef0000,0x000000003aff0000)]
  0x000000002310b800 JavaThread "IO-Worker-14" [_thread_blocked, id=5680, stack(0x000000003a440000,0x000000003a540000)]
  0x0000000023108800 JavaThread "Thread-11" daemon [_thread_in_native, id=13244, stack(0x000000002aca0000,0x000000002ada0000)]
  0x000000002310d800 JavaThread "Server thread" [_thread_blocked, id=19804, stack(0x0000000029a00000,0x0000000029b00000)]
  0x000000002310d000 JavaThread "Snooper Timer" daemon [_thread_blocked, id=23128, stack(0x00000000282f0000,0x00000000283f0000)]
  0x0000000023110000 JavaThread "Worker-Main-11" daemon [_thread_blocked, id=19308, stack(0x000000002af30000,0x000000002b030000)]
  0x000000002310e800 JavaThread "Narrator" [_thread_blocked, id=19432, stack(0x000000002a930000,0x000000002aa30000)]
  0x0000000019fe3800 JavaThread "Snooper Timer" daemon [_thread_blocked, id=16060, stack(0x00000000281f0000,0x00000000282f0000)]
  0x0000000019fe1000 JavaThread "Timer hack thread" daemon [_thread_blocked, id=15920, stack(0x00000000270d0000,0x00000000271d0000)]
  0x0000000019fe5800 JavaThread "pool-3-thread-1" [_thread_blocked, id=11972, stack(0x000000001c430000,0x000000001c530000)]
  0x0000000019e81000 JavaThread "Thread-2" daemon [_thread_in_native, id=8256, stack(0x000000001c630000,0x000000001c730000)]
  0x0000000019e80800 JavaThread "Thread-1" daemon [_thread_blocked, id=17832, stack(0x000000001c530000,0x000000001c630000)]
  0x0000000019a1d800 JavaThread "Service Thread" daemon [_thread_blocked, id=12816, stack(0x000000001a620000,0x000000001a720000)]
  0x0000000019a0a000 JavaThread "C1 CompilerThread2" daemon [_thread_blocked, id=22028, stack(0x0000000019d20000,0x0000000019e20000)]
=>0x0000000019a08000 JavaThread "C2 CompilerThread1" daemon [_thread_in_native, id=23380, stack(0x0000000019c20000,0x0000000019d20000)]
  0x00000000180ec000 JavaThread "C2 CompilerThread0" daemon [_thread_blocked, id=19156, stack(0x0000000019b20000,0x0000000019c20000)]
  0x00000000199e8000 JavaThread "Monitor Ctrl-Break" daemon [_thread_in_native, id=21024, stack(0x0000000019a20000,0x0000000019b20000)]
  0x0000000018098000 JavaThread "Attach Listener" daemon [_thread_blocked, id=9720, stack(0x0000000019520000,0x0000000019620000)]
  0x0000000018096800 JavaThread "Signal Dispatcher" daemon [_thread_blocked, id=8, stack(0x0000000019420000,0x0000000019520000)]
  0x000000000345c800 JavaThread "Finalizer" daemon [_thread_blocked, id=1568, stack(0x0000000019320000,0x0000000019420000)]
  0x0000000003459800 JavaThread "Reference Handler" daemon [_thread_blocked, id=23304, stack(0x0000000019220000,0x0000000019320000)]
  0x0000000003362800 JavaThread "Render thread" [_thread_blocked, id=11016, stack(0x0000000003250000,0x0000000003350000)]

Other Threads:
  0x0000000018059000 VMThread [stack: 0x0000000019120000,0x0000000019220000] [id=18104]
  0x0000000019a1e800 WatcherThread [stack: 0x000000001a720000,0x000000001a820000] [id=8692]

VM state:at safepoint (normal execution)

VM Mutex/Monitor currently owned by a thread:  ([mutex/lock_event])
[0x00000000033683c0] Threads_lock - owner thread: 0x0000000018059000
[0x00000000033606d0] Heap_lock - owner thread: 0x0000000003362800

Heap:
 PSYoungGen      total 459264K, used 296815K [0x00000000d5f00000, 0x0000000100000000, 0x0000000100000000)
  eden space 233984K, 53% used [0x00000000d5f00000,0x00000000dd83df88,0x00000000e4380000)
  from space 225280K, 76% used [0x00000000e4380000,0x00000000eec1de58,0x00000000f1f80000)
  to   space 229376K, 34% used [0x00000000f2000000,0x00000000f6c69818,0x0000000100000000)
 ParOldGen       total 648192K, used 576668K [0x0000000081c00000, 0x00000000a9500000, 0x00000000d5f00000)
  object space 648192K, 88% used [0x0000000081c00000,0x00000000a4f270e8,0x00000000a9500000)
 Metaspace       used 91018K, capacity 102668K, committed 103040K, reserved 1136640K
  class space    used 13493K, capacity 16396K, committed 16512K, reserved 1048576K

Card table byte_map: [0x0000000012920000,0x0000000012d20000] byte_map_base: 0x0000000012512000

Marking Bits: (ParMarkBitMap*) 0x0000000057604040
 Begin Bits: [0x00000000133d0000, 0x0000000015360000)
 End Bits:   [0x0000000015360000, 0x00000000172f0000)

Polling page: 0x0000000001800000

CodeCache: size=245760Kb used=44877Kb max_used=45003Kb free=200882Kb
 bounds [0x0000000003560000, 0x00000000061f0000, 0x0000000012560000]
 total_blobs=15229 nmethods=13552 adapters=1586
 compilation: enabled

Compilation events (10 events):
Event: 151.767 Thread 0x0000000019a0a000 18968   !   2       io.netty.channel.nio.NioEventLoop::select (330 bytes)
Event: 151.772 Thread 0x0000000019a0a000 nmethod 18968 0x000000000612ac90 code [0x000000000612af80, 0x000000000612c0b8]
Event: 151.772 Thread 0x0000000019a0a000 18967       2       java.util.concurrent.atomic.AtomicBoolean::getAndSet (16 bytes)
Event: 151.773 Thread 0x0000000019a0a000 nmethod 18967 0x000000000612a890 code [0x000000000612a9e0, 0x000000000612abd0]
Event: 151.773 Thread 0x0000000019a0a000 18969       2       io.netty.util.concurrent.SingleThreadEventExecutor::delayNanos (19 bytes)
Event: 151.774 Thread 0x0000000019a0a000 nmethod 18969 0x000000000612a3d0 code [0x000000000612a540, 0x000000000612a788]
Event: 151.774 Thread 0x0000000019a0a000 18970       2       io.netty.channel.nio.SelectedSelectionKeySetSelector::select (16 bytes)
Event: 151.774 Thread 0x0000000019a0a000 nmethod 18970 0x0000000006129f90 code [0x000000000612a100, 0x000000000612a2d8]
Event: 151.774 Thread 0x0000000019a0a000 18971       2       sun.nio.ch.SelectorImpl::select (34 bytes)
Event: 151.775 Thread 0x0000000019a0a000 nmethod 18971 0x0000000006129ad0 code [0x0000000006129c40, 0x0000000006129e98]

GC Heap History (10 events):
Event: 135.973 GC heap after
Heap after GC invocations=156 (full 7):
 PSYoungGen      total 422912K, used 155529K [0x00000000d5f00000, 0x0000000100000000, 0x0000000100000000)
  eden space 267264K, 0% used [0x00000000d5f00000,0x00000000d5f00000,0x00000000e6400000)
  from space 155648K, 99% used [0x00000000e6400000,0x00000000efbe25f0,0x00000000efc00000)
  to   space 226816K, 0% used [0x00000000f2280000,0x00000000f2280000,0x0000000100000000)
 ParOldGen       total 648192K, used 563600K [0x0000000081c00000, 0x00000000a9500000, 0x00000000d5f00000)
  object space 648192K, 86% used [0x0000000081c00000,0x00000000a42643a8,0x00000000a9500000)
 Metaspace       used 82806K, capacity 93434K, committed 93696K, reserved 1128448K
  class space    used 12412K, capacity 15045K, committed 15104K, reserved 1048576K
}
Event: 143.761 GC heap before
{Heap before GC invocations=157 (full 7):
 PSYoungGen      total 422912K, used 422793K [0x00000000d5f00000, 0x0000000100000000, 0x0000000100000000)
  eden space 267264K, 100% used [0x00000000d5f00000,0x00000000e6400000,0x00000000e6400000)
  from space 155648K, 99% used [0x00000000e6400000,0x00000000efbe25f0,0x00000000efc00000)
  to   space 226816K, 0% used [0x00000000f2280000,0x00000000f2280000,0x0000000100000000)
 ParOldGen       total 648192K, used 563600K [0x0000000081c00000, 0x00000000a9500000, 0x00000000d5f00000)
  object space 648192K, 86% used [0x0000000081c00000,0x00000000a42643a8,0x00000000a9500000)
 Metaspace       used 83444K, capacity 94222K, committed 94336K, reserved 1128448K
  class space    used 12461K, capacity 15165K, committed 15232K, reserved 1048576K
Event: 143.826 GC heap after
Heap after GC invocations=157 (full 7):
 PSYoungGen      total 476160K, used 86075K [0x00000000d5f00000, 0x0000000100000000, 0x0000000100000000)
  eden space 249344K, 0% used [0x00000000d5f00000,0x00000000d5f00000,0x00000000e5280000)
  from space 226816K, 37% used [0x00000000f2280000,0x00000000f768ee78,0x0000000100000000)
  to   space 212992K, 0% used [0x00000000e5280000,0x00000000e5280000,0x00000000f2280000)
 ParOldGen       total 648192K, used 563608K [0x0000000081c00000, 0x00000000a9500000, 0x00000000d5f00000)
  object space 648192K, 86% used [0x0000000081c00000,0x00000000a42663a8,0x00000000a9500000)
 Metaspace       used 83444K, capacity 94222K, committed 94336K, reserved 1128448K
  class space    used 12461K, capacity 15165K, committed 15232K, reserved 1048576K
}
Event: 147.676 GC heap before
{Heap before GC invocations=158 (full 7):
 PSYoungGen      total 476160K, used 335419K [0x00000000d5f00000, 0x0000000100000000, 0x0000000100000000)
  eden space 249344K, 100% used [0x00000000d5f00000,0x00000000e5280000,0x00000000e5280000)
  from space 226816K, 37% used [0x00000000f2280000,0x00000000f768ee78,0x0000000100000000)
  to   space 212992K, 0% used [0x00000000e5280000,0x00000000e5280000,0x00000000f2280000)
 ParOldGen       total 648192K, used 563608K [0x0000000081c00000, 0x00000000a9500000, 0x00000000d5f00000)
  object space 648192K, 86% used [0x0000000081c00000,0x00000000a42663a8,0x00000000a9500000)
 Metaspace       used 87524K, capacity 98588K, committed 98688K, reserved 1132544K
  class space    used 12946K, capacity 15686K, committed 15744K, reserved 1048576K
Event: 147.848 GC heap after
Heap after GC invocations=158 (full 7):
 PSYoungGen      total 360960K, used 111523K [0x00000000d5f00000, 0x00000000fec80000, 0x0000000100000000)
  eden space 249344K, 0% used [0x00000000d5f00000,0x00000000d5f00000,0x00000000e5280000)
  from space 111616K, 99% used [0x00000000e5280000,0x00000000ebf68f40,0x00000000ebf80000)
  to   space 209920K, 0% used [0x00000000f1f80000,0x00000000f1f80000,0x00000000fec80000)
 ParOldGen       total 648192K, used 563616K [0x0000000081c00000, 0x00000000a9500000, 0x00000000d5f00000)
  object space 648192K, 86% used [0x0000000081c00000,0x00000000a42683a8,0x00000000a9500000)
 Metaspace       used 87524K, capacity 98588K, committed 98688K, reserved 1132544K
  class space    used 12946K, capacity 15686K, committed 15744K, reserved 1048576K
}
Event: 149.483 GC heap before
{Heap before GC invocations=159 (full 7):
 PSYoungGen      total 360960K, used 360867K [0x00000000d5f00000, 0x00000000fec80000, 0x0000000100000000)
  eden space 249344K, 100% used [0x00000000d5f00000,0x00000000e5280000,0x00000000e5280000)
  from space 111616K, 99% used [0x00000000e5280000,0x00000000ebf68f40,0x00000000ebf80000)
  to   space 209920K, 0% used [0x00000000f1f80000,0x00000000f1f80000,0x00000000fec80000)
 ParOldGen       total 648192K, used 563616K [0x0000000081c00000, 0x00000000a9500000, 0x00000000d5f00000)
  object space 648192K, 86% used [0x0000000081c00000,0x00000000a42683a8,0x00000000a9500000)
 Metaspace       used 88964K, capacity 100152K, committed 100224K, reserved 1134592K
  class space    used 13167K, capacity 15970K, committed 16000K, reserved 1048576K
Event: 149.650 GC heap after
Heap after GC invocations=159 (full 7):
 PSYoungGen      total 443904K, used 162055K [0x00000000d5f00000, 0x0000000100000000, 0x0000000100000000)
  eden space 233984K, 0% used [0x00000000d5f00000,0x00000000d5f00000,0x00000000e4380000)
  from space 209920K, 77% used [0x00000000f1f80000,0x00000000fbdc1db0,0x00000000fec80000)
  to   space 225280K, 0% used [0x00000000e4380000,0x00000000e4380000,0x00000000f1f80000)
 ParOldGen       total 648192K, used 563624K [0x0000000081c00000, 0x00000000a9500000, 0x00000000d5f00000)
  object space 648192K, 86% used [0x0000000081c00000,0x00000000a426a3a8,0x00000000a9500000)
 Metaspace       used 88964K, capacity 100152K, committed 100224K, reserved 1134592K
  class space    used 13167K, capacity 15970K, committed 16000K, reserved 1048576K
}
Event: 150.892 GC heap before
{Heap before GC invocations=160 (full 7):
 PSYoungGen      total 443904K, used 396039K [0x00000000d5f00000, 0x0000000100000000, 0x0000000100000000)
  eden space 233984K, 100% used [0x00000000d5f00000,0x00000000e4380000,0x00000000e4380000)
  from space 209920K, 77% used [0x00000000f1f80000,0x00000000fbdc1db0,0x00000000fec80000)
  to   space 225280K, 0% used [0x00000000e4380000,0x00000000e4380000,0x00000000f1f80000)
 ParOldGen       total 648192K, used 563642K [0x0000000081c00000, 0x00000000a9500000, 0x00000000d5f00000)
  object space 648192K, 86% used [0x0000000081c00000,0x00000000a426ea10,0x00000000a9500000)
 Metaspace       used 90141K, capacity 101640K, committed 101760K, reserved 1134592K
  class space    used 13369K, capacity 16226K, committed 16256K, reserved 1048576K
Event: 151.079 GC heap after
Heap after GC invocations=160 (full 7):
 PSYoungGen      total 459264K, used 172663K [0x00000000d5f00000, 0x0000000100000000, 0x0000000100000000)
  eden space 233984K, 0% used [0x00000000d5f00000,0x00000000d5f00000,0x00000000e4380000)
  from space 225280K, 76% used [0x00000000e4380000,0x00000000eec1de58,0x00000000f1f80000)
  to   space 229376K, 0% used [0x00000000f2000000,0x00000000f2000000,0x0000000100000000)
 ParOldGen       total 648192K, used 563658K [0x0000000081c00000, 0x00000000a9500000, 0x00000000d5f00000)
  object space 648192K, 86% used [0x0000000081c00000,0x00000000a4272a10,0x00000000a9500000)
 Metaspace       used 90141K, capacity 101640K, committed 101760K, reserved 1134592K
  class space    used 13369K, capacity 16226K, committed 16256K, reserved 1048576K
}
Event: 151.801 GC heap before
{Heap before GC invocations=161 (full 7):
 PSYoungGen      total 459264K, used 296815K [0x00000000d5f00000, 0x0000000100000000, 0x0000000100000000)
  eden space 233984K, 53% used [0x00000000d5f00000,0x00000000dd83df88,0x00000000e4380000)
  from space 225280K, 76% used [0x00000000e4380000,0x00000000eec1de58,0x00000000f1f80000)
  to   space 229376K, 0% used [0x00000000f2000000,0x00000000f2000000,0x0000000100000000)
 ParOldGen       total 648192K, used 563658K [0x0000000081c00000, 0x00000000a9500000, 0x00000000d5f00000)
  object space 648192K, 86% used [0x0000000081c00000,0x00000000a4272a10,0x00000000a9500000)
 Metaspace       used 91018K, capacity 102668K, committed 103040K, reserved 1136640K
  class space    used 13493K, capacity 16396K, committed 16512K, reserved 1048576K

Deoptimization events (10 events):
Event: 151.579 Thread 0x000000002310d800 Uncommon trap: reason=unstable_if action=reinterpret pc=0x0000000006160600 method=net.minecraft.util.math.shapes.VoxelShapeSpliterator.<init>(Lnet/minecraft/world/ICollisionReader;Lnet/minecraft/entity/Entity;Lnet/minecraft/util/math/AxisAlignedBB;Ljava/ut3í¬'Äòb@
Event: 151.586 Thread 0x000000002310d800 Uncommon trap: reason=bimorphic action=maybe_recompile pc=0x0000000005bc2a68 method=java.util.Random.nextLong()J @ 3
Event: 151.586 Thread 0x000000002310d800 Uncommon trap: reason=bimorphic action=maybe_recompile pc=0x0000000005bc2a68 method=java.util.Random.nextLong()J @ 3
Event: 151.593 Thread 0x000000002310d800 Uncommon trap: reason=bimorphic action=maybe_recompile pc=0x0000000005bc2a68 method=java.util.Random.nextLong()J @ 3
Event: 151.682 Thread 0x000000002310d800 Uncommon trap: reason=unstable_if action=reinterpret pc=0x0000000004060444 method=net.minecraft.entity.Entity.func_233567_aH_()V @ 35
Event: 151.682 Thread 0x0000000003362800 Uncommon trap: reason=unstable_if action=reinterpret pc=0x000000000604b1e8 method=java.util.HashMap$Values.forEach(Ljava/util/function/Consumer;)V @ 19
Event: 151.683 Thread 0x000000002310d800 Uncommon trap: reason=unstable_if action=reinterpret pc=0x00000000041d2fd8 method=net.minecraft.entity.Entity.func_233567_aH_()V @ 35
Event: 151.684 Thread 0x000000002310d800 Uncommon trap: reason=unstable_if action=reinterpret pc=0x00000000056e054c method=net.minecraft.entity.Entity.func_233567_aH_()V @ 35
Event: 151.752 Thread 0x0000000003362800 Uncommon trap: reason=class_check action=maybe_recompile pc=0x000000000577d8a0 method=java.util.Map.forEach(Ljava/util/function/BiConsumer;)V @ 6
Event: 151.768 Thread 0x0000000019fe6800 Uncommon trap: reason=bimorphic action=maybe_recompile pc=0x0000000005f472e0 method=net.minecraft.util.concurrent.ThreadTaskExecutor.driveUntil(Ljava/util/function/BooleanSupplier;)V @ 11

Internal exceptions (10 events):
Event: 150.820 Thread 0x000000002310d800 Exception <a 'sun/nio/fs/WindowsException'> (0x00000000e38c0440) thrown at [C:\re\workspace\8-2-build-windows-amd64-cygwin\jdk8u51\3951\hotspot\src\share\vm\prims\jni.cpp, line 709]
Event: 150.827 Thread 0x000000002310d800 Exception <a 'sun/nio/fs/WindowsException'> (0x00000000e38e0290) thrown at [C:\re\workspace\8-2-build-windows-amd64-cygwin\jdk8u51\3951\hotspot\src\share\vm\prims\jni.cpp, line 709]
Event: 150.827 Thread 0x000000002310d800 Exception <a 'sun/nio/fs/WindowsException'> (0x00000000e38e0820) thrown at [C:\re\workspace\8-2-build-windows-amd64-cygwin\jdk8u51\3951\hotspot\src\share\vm\prims\jni.cpp, line 709]
Event: 150.828 Thread 0x000000002310d800 Exception <a 'sun/nio/fs/WindowsException'> (0x00000000e38e1588) thrown at [C:\re\workspace\8-2-build-windows-amd64-cygwin\jdk8u51\3951\hotspot\src\share\vm\prims\jni.cpp, line 709]
Event: 150.828 Thread 0x000000002310d800 Exception <a 'sun/nio/fs/WindowsException'> (0x00000000e38e1b18) thrown at [C:\re\workspace\8-2-build-windows-amd64-cygwin\jdk8u51\3951\hotspot\src\share\vm\prims\jni.cpp, line 709]
Event: 150.828 Thread 0x000000002310d800 Exception <a 'sun/nio/fs/WindowsException'> (0x00000000e38e2800) thrown at [C:\re\workspace\8-2-build-windows-amd64-cygwin\jdk8u51\3951\hotspot\src\share\vm\prims\jni.cpp, line 709]
Event: 150.828 Thread 0x000000002310d800 Exception <a 'sun/nio/fs/WindowsException'> (0x00000000e38e2e60) thrown at [C:\re\workspace\8-2-build-windows-amd64-cygwin\jdk8u51\3951\hotspot\src\share\vm\prims\jni.cpp, line 709]
Event: 151.579 Thread 0x000000002310d800 Exception <a 'java/lang/NoSuchMethodError': java.lang.Object.lambda$hasNoCollisions$0(Lnet/minecraft/entity/Entity;)Z> (0x00000000dbad8f38) thrown at [C:\re\workspace\8-2-build-windows-amd64-cygwin\jdk8u51\3951\hotspot\src\share\vm\interpreter\linkResolver
Event: 151.579 Thread 0x000000002310d800 Implicit null exception at 0x000000000615ff3d to 0x00000000061605dd
Event: 151.801 Thread 0x0000000003362800 Exception <a 'java/lang/OutOfMemoryError'> (0x00000000dd7f15e0) thrown at [C:\re\workspace\8-2-build-windows-amd64-cygwin\jdk8u51\3951\hotspot\src\share\vm\prims\unsafe.cpp, line 602]

Events (10 events):
Event: 151.752 Thread 0x0000000003362800 DEOPT PACKING pc=0x000000000577d8a0 sp=0x000000000334e000
Event: 151.752 Thread 0x0000000003362800 DEOPT UNPACKING pc=0x00000000035a582a sp=0x000000000334dfb0 mode 2
Event: 151.752 loading class it/unimi/dsi/fastutil/objects/Object2ObjectArrayMap$EntrySet$1
Event: 151.752 loading class it/unimi/dsi/fastutil/objects/Object2ObjectArrayMap$EntrySet$1 done
Event: 151.766 loading class net/minecraft/client/renderer/RenderType
Event: 151.766 loading class net/minecraft/client/renderer/RenderType done
Event: 151.768 Thread 0x0000000019fe6800 Uncommon trap: trap_request=0xffffffc6 fr.pc=0x0000000005f472e0
Event: 151.768 Thread 0x0000000019fe6800 DEOPT PACKING pc=0x0000000005f472e0 sp=0x0000000021bdeef0
Event: 151.768 Thread 0x0000000019fe6800 DEOPT UNPACKING pc=0x00000000035a582a sp=0x0000000021bdeee0 mode 2
Event: 151.801 Executing VM operation: ParallelGCSystemGC


Dynamic libraries:
0x00007ff791cb0000 - 0x00007ff791ce7000 	C:\Program Files (x86)\Minecraft\runtime\jre-x64\bin\java.exe
0x00007ffe3d990000 - 0x00007ffe3db86000 	C:\WINDOWS\SYSTEM32\ntdll.dll
0x00007ffe3d7b0000 - 0x00007ffe3d86d000 	C:\WINDOWS\System32\KERNEL32.DLL
0x00007ffe3b170000 - 0x00007ffe3b439000 	C:\WINDOWS\System32\KERNELBASE.dll
0x00007ffe3c0b0000 - 0x00007ffe3c15c000 	C:\WINDOWS\System32\ADVAPI32.dll
0x00007ffe3cba0000 - 0x00007ffe3cc3e000 	C:\WINDOWS\System32\msvcrt.dll
0x00007ffe3bf90000 - 0x00007ffe3c02c000 	C:\WINDOWS\System32\sechost.dll
0x00007ffe3c320000 - 0x00007ffe3c44b000 	C:\WINDOWS\System32\RPCRT4.dll
0x00007ffe3d5e0000 - 0x00007ffe3d780000 	C:\WINDOWS\System32\USER32.dll
0x00007ffe3b940000 - 0x00007ffe3b962000 	C:\WINDOWS\System32\win32u.dll
0x00007ffe3d780000 - 0x00007ffe3d7aa000 	C:\WINDOWS\System32\GDI32.dll
0x00007ffe3b670000 - 0x00007ffe3b779000 	C:\WINDOWS\System32\gdi32full.dll
0x00007ffe3b0d0000 - 0x00007ffe3b16d000 	C:\WINDOWS\System32\msvcp_win.dll
0x00007ffe3b570000 - 0x00007ffe3b670000 	C:\WINDOWS\System32\ucrtbase.dll
0x00007ffe27640000 - 0x00007ffe278db000 	C:\WINDOWS\WinSxS\amd64_microsoft.windows.common-controls_6595b64144ccf1df_6.0.19041.488_none_ca04af081b815d21\COMCTL32.dll
0x00007ffe3b9f0000 - 0x00007ffe3ba20000 	C:\WINDOWS\System32\IMM32.DLL
0x0000000057690000 - 0x0000000057762000 	C:\Program Files (x86)\Minecraft\runtime\jre-x64\bin\msvcr100.dll
0x0000000056e00000 - 0x0000000057683000 	C:\Program Files (x86)\Minecraft\runtime\jre-x64\bin\server\jvm.dll
0x00007ffe3c160000 - 0x00007ffe3c168000 	C:\WINDOWS\System32\PSAPI.DLL
0x00007ffe16af0000 - 0x00007ffe16af9000 	C:\WINDOWS\SYSTEM32\WSOCK32.dll
0x00007ffe345b0000 - 0x00007ffe345d7000 	C:\WINDOWS\SYSTEM32\WINMM.dll
0x00007ffe3c030000 - 0x00007ffe3c09b000 	C:\WINDOWS\System32\WS2_32.dll
0x00007ffe340e0000 - 0x00007ffe340ea000 	C:\WINDOWS\SYSTEM32\VERSION.dll
0x0000000056df0000 - 0x0000000056dff000 	C:\Program Files (x86)\Minecraft\runtime\jre-x64\bin\verify.dll
0x0000000056dc0000 - 0x0000000056de9000 	C:\Program Files (x86)\Minecraft\runtime\jre-x64\bin\java.dll
0x0000000056d90000 - 0x0000000056db3000 	C:\Program Files (x86)\Minecraft\runtime\jre-x64\bin\instrument.dll
0x0000000056d70000 - 0x0000000056d86000 	C:\Program Files (x86)\Minecraft\runtime\jre-x64\bin\zip.dll
0x00007ffe3c450000 - 0x00007ffe3cb92000 	C:\WINDOWS\System32\SHELL32.dll
0x00007ffe39090000 - 0x00007ffe39825000 	C:\WINDOWS\SYSTEM32\windows.storage.dll
0x00007ffe3cc40000 - 0x00007ffe3cf96000 	C:\WINDOWS\System32\combase.dll
0x00007ffe3a9a0000 - 0x00007ffe3a9cc000 	C:\WINDOWS\SYSTEM32\Wldp.dll
0x00007ffe3bad0000 - 0x00007ffe3bb7e000 	C:\WINDOWS\System32\SHCORE.dll
0x00007ffe3bde0000 - 0x00007ffe3be35000 	C:\WINDOWS\System32\shlwapi.dll
0x00007ffe3b000000 - 0x00007ffe3b026000 	C:\WINDOWS\SYSTEM32\profapi.dll
0x00007ffe2a3b0000 - 0x00007ffe2a3ca000 	C:\Users\ervin_1nmnhvl\AppData\Local\JetBrains\Toolbox\apps\IDEA-U\ch-0\203.5981.155\bin\breakgen64.dll
0x0000000056d50000 - 0x0000000056d6a000 	C:\Program Files (x86)\Minecraft\runtime\jre-x64\bin\net.dll
0x00007ffe3a790000 - 0x00007ffe3a7fa000 	C:\WINDOWS\system32\mswsock.dll
0x0000000056d40000 - 0x0000000056d4d000 	C:\Program Files (x86)\Minecraft\runtime\jre-x64\bin\management.dll
0x00007ffe11420000 - 0x00007ffe11437000 	C:\WINDOWS\system32\napinsp.dll
0x00007ffe09a20000 - 0x00007ffe09a3b000 	C:\WINDOWS\system32\pnrpnsp.dll
0x00007ffe35e10000 - 0x00007ffe35e25000 	C:\WINDOWS\system32\wshbth.dll
0x00007ffe367b0000 - 0x00007ffe367cd000 	C:\WINDOWS\system32\NLAapi.dll
0x00007ffe3a4a0000 - 0x00007ffe3a4db000 	C:\WINDOWS\SYSTEM32\IPHLPAPI.DLL
0x00007ffe3a4e0000 - 0x00007ffe3a5ab000 	C:\WINDOWS\SYSTEM32\DNSAPI.dll
0x00007ffe3bb80000 - 0x00007ffe3bb88000 	C:\WINDOWS\System32\NSI.dll
0x00007ffe154b0000 - 0x00007ffe154c2000 	C:\WINDOWS\System32\winrnr.dll
0x00007ffe2cc30000 - 0x00007ffe2cc3a000 	C:\Windows\System32\rasadhlp.dll
0x00007ffe30490000 - 0x00007ffe3050f000 	C:\WINDOWS\System32\fwpuclnt.dll
0x00007ffe3b540000 - 0x00007ffe3b567000 	C:\WINDOWS\System32\bcrypt.dll
0x0000000056d20000 - 0x0000000056d31000 	C:\Program Files (x86)\Minecraft\runtime\jre-x64\bin\nio.dll
0x0000000056cf0000 - 0x0000000056d14000 	C:\Program Files (x86)\Minecraft\runtime\jre-x64\bin\sunec.dll
0x00007ffe3ad30000 - 0x00007ffe3ad48000 	C:\WINDOWS\SYSTEM32\CRYPTSP.dll
0x00007ffe3a040000 - 0x00007ffe3a074000 	C:\WINDOWS\system32\rsaenh.dll
0x00007ffe3afc0000 - 0x00007ffe3afee000 	C:\WINDOWS\SYSTEM32\USERENV.dll
0x00007ffe3b970000 - 0x00007ffe3b9f0000 	C:\WINDOWS\System32\bcryptprimitives.dll
0x00007ffe3a910000 - 0x00007ffe3a91c000 	C:\WINDOWS\SYSTEM32\CRYPTBASE.dll
0x00007ffe32eb0000 - 0x00007ffe32ec7000 	C:\WINDOWS\SYSTEM32\dhcpcsvc6.DLL
0x00007ffe32fe0000 - 0x00007ffe32ffd000 	C:\WINDOWS\SYSTEM32\dhcpcsvc.DLL
0x00007ffe11e70000 - 0x00007ffe11ee2000 	C:\Users\ervin_1nmnhvl\AppData\Local\Temp\lwjglervin_1nmnhvl\3.2.2-build-10\lwjgl.dll
0x00007ffde9c60000 - 0x00007ffde9eb1000 	C:\Users\ERVIN_~1\AppData\Local\Temp\lwjglervin_1nmnhvl\3.2.2-build-10\jemalloc.dll
0x00007ffe10460000 - 0x00007ffe104be000 	C:\Users\ERVIN_~1\AppData\Local\Temp\lwjglervin_1nmnhvl\3.2.2-build-10\glfw.dll
0x00007ffe38930000 - 0x00007ffe389ce000 	C:\WINDOWS\system32\uxtheme.dll
0x00007ffe20b80000 - 0x00007ffe20bc5000 	C:\WINDOWS\SYSTEM32\dinput8.dll
0x00007ffe29ce0000 - 0x00007ffe29cf1000 	C:\WINDOWS\SYSTEM32\xinput1_4.dll
0x00007ffe3b4f0000 - 0x00007ffe3b53e000 	C:\WINDOWS\System32\cfgmgr32.dll
0x00007ffe3ae10000 - 0x00007ffe3ae3c000 	C:\WINDOWS\SYSTEM32\DEVOBJ.dll
0x00007ffe38b20000 - 0x00007ffe38b4f000 	C:\WINDOWS\SYSTEM32\dwmapi.dll
0x00007ffe2ae30000 - 0x00007ffe2af82000 	C:\WINDOWS\SYSTEM32\inputhost.dll
0x00007ffe3bd10000 - 0x00007ffe3bddd000 	C:\WINDOWS\System32\OLEAUT32.dll
0x00007ffe38470000 - 0x00007ffe38562000 	C:\WINDOWS\SYSTEM32\CoreMessaging.dll
0x00007ffe37a40000 - 0x00007ffe37b96000 	C:\WINDOWS\SYSTEM32\wintypes.dll
0x00007ffe38110000 - 0x00007ffe3846e000 	C:\WINDOWS\SYSTEM32\CoreUIComponents.dll
0x00007ffe39cd0000 - 0x00007ffe39d03000 	C:\WINDOWS\SYSTEM32\ntmarta.dll
0x00007ffe39870000 - 0x00007ffe39882000 	C:\WINDOWS\SYSTEM32\kernel.appcore.dll
0x00007ffe36510000 - 0x00007ffe36607000 	C:\WINDOWS\SYSTEM32\PROPSYS.dll
0x00007ffe3bbf0000 - 0x00007ffe3bd06000 	C:\WINDOWS\System32\MSCTF.dll
0x00007ffe39830000 - 0x00007ffe3983d000 	C:\WINDOWS\SYSTEM32\HID.DLL
0x00007ffe3d170000 - 0x00007ffe3d5d7000 	C:\WINDOWS\System32\SETUPAPI.DLL
0x00007ffe3b780000 - 0x00007ffe3b7e0000 	C:\WINDOWS\System32\WINTRUST.dll
0x00007ffe3b7e0000 - 0x00007ffe3b93d000 	C:\WINDOWS\System32\CRYPT32.dll
0x00007ffe3adf0000 - 0x00007ffe3ae02000 	C:\WINDOWS\SYSTEM32\MSASN1.dll
0x00007ffdfbaf0000 - 0x00007ffdfbc15000 	C:\WINDOWS\SYSTEM32\opengl32.dll
0x00007ffe15bc0000 - 0x00007ffe15bec000 	C:\WINDOWS\SYSTEM32\GLU32.dll
0x00007ffe3ba20000 - 0x00007ffe3bac9000 	C:\WINDOWS\System32\clbcatq.dll
0x00007ffdd68e0000 - 0x00007ffdd7564000 	C:\WINDOWS\SYSTEM32\ig4icd64.dll
0x00007ffe398e0000 - 0x00007ffe399d3000 	C:\WINDOWS\SYSTEM32\dxgi.dll
0x00007ffe370d0000 - 0x00007ffe37334000 	C:\WINDOWS\SYSTEM32\d3d11.dll
0x00007ffe07d00000 - 0x00007ffe08950000 	C:\WINDOWS\SYSTEM32\igd10umd64.dll
0x00007ffe2fa70000 - 0x00007ffe2faab000 	C:\WINDOWS\SYSTEM32\dxcore.dll
0x00007ffe103e0000 - 0x00007ffe1045f000 	C:\Users\ervin_1nmnhvl\AppData\Local\Temp\lwjglervin_1nmnhvl\3.2.2-build-10\lwjgl_stb.dll
0x00007ffe35bd0000 - 0x00007ffe35c7e000 	C:\WINDOWS\SYSTEM32\mscms.dll
0x00007ffe35b60000 - 0x00007ffe35b71000 	C:\WINDOWS\SYSTEM32\ColorAdapterClient.dll
0x00007ffe150e0000 - 0x00007ffe15123000 	C:\WINDOWS\SYSTEM32\icm32.dll
0x00007ffe2af90000 - 0x00007ffe2b08d000 	C:\WINDOWS\SYSTEM32\textinputframework.dll
0x00007ffe10380000 - 0x00007ffe103d8000 	C:\Users\ervin_1nmnhvl\AppData\Local\Temp\lwjglervin_1nmnhvl\3.2.2-build-10\lwjgl_opengl.dll
0x00007ffe2a260000 - 0x00007ffe2a2a2000 	C:\Users\ervin_1nmnhvl\AppData\Local\Temp\jna-2118671535\jna1481605219647948406.dll
0x00007ffe374e0000 - 0x00007ffe374fa000 	C:\save\modding\nimrod_mod_1\build\natives\SAPIWrapper_x64.dll
0x00007ffe3be60000 - 0x00007ffe3bf8a000 	C:\WINDOWS\System32\ole32.dll
0x00007ffdfeeb0000 - 0x00007ffdff034000 	C:\WINDOWS\System32\Speech\Common\sapi.dll
0x00007ffe2b3e0000 - 0x00007ffe2b3fe000 	C:\WINDOWS\SYSTEM32\MSACM32.dll
0x00007ffe29ec0000 - 0x00007ffe29ecb000 	C:\WINDOWS\SYSTEM32\msdmo.dll
0x00007ffe26310000 - 0x00007ffe26336000 	C:\WINDOWS\SYSTEM32\winmmbase.dll
0x00007ffe2bc50000 - 0x00007ffe2bcd5000 	C:\WINDOWS\System32\MMDevApi.dll
0x00007ffe0aad0000 - 0x00007ffe0abe4000 	C:\Users\ERVIN_~1\AppData\Local\Temp\lwjglervin_1nmnhvl\3.2.2-build-10\OpenAL.dll
0x00007ffe23b00000 - 0x00007ffe23c84000 	C:\WINDOWS\SYSTEM32\AUDIOSES.DLL
0x00007ffe3ae80000 - 0x00007ffe3aecb000 	C:\WINDOWS\SYSTEM32\powrprof.dll
0x00007ffe3ae60000 - 0x00007ffe3ae72000 	C:\WINDOWS\SYSTEM32\UMPDC.dll
0x00007ffe38a30000 - 0x00007ffe38a44000 	C:\WINDOWS\SYSTEM32\resourcepolicyclient.dll
0x0000000056b50000 - 0x0000000056ce8000 	C:\Program Files (x86)\Minecraft\runtime\jre-x64\bin\awt.dll
0x00007ffe38780000 - 0x00007ffe38810000 	C:\WINDOWS\SYSTEM32\apphelp.dll
0x00007ffe33180000 - 0x00007ffe33364000 	C:\WINDOWS\SYSTEM32\dbghelp.dll

VM Arguments:
jvm_args: -Dforge.logging.console.level=debug -Dforge.logging.markers=SCAN,REGISTRIES,REGISTRYDUMP -XX:HeapDumpPath=MojangTricksIntelDriversForPerformance_javaw.exe_minecraft.exe.heapdump -Dos.name=Windows 10 -Dos.version=10.0 -javaagent:C:\Users\ervin_1nmnhvl\AppData\Local\JetBrains\Toolbox\apps\IDEA-U\ch-0\203.5981.155\lib\idea_rt.jar=58113:C:\Users\ervin_1nmnhvl\AppData\Local\JetBrains\Toolbox\apps\IDEA-U\ch-0\203.5981.155\bin -Dfile.encoding=UTF-8 
java_command: net.minecraftforge.userdev.LaunchTesting
java_class_path (initial): C:\Program Files (x86)\Minecraft\runtime\jre-x64\lib\charsets.jar;C:\Program Files (x86)\Minecraft\runtime\jre-x64\lib\deploy.jar;C:\Program Files (x86)\Minecraft\runtime\jre-x64\lib\ext\access-bridge-64.jar;C:\Program Files (x86)\Minecraft\runtime\jre-x64\lib\ext\cldrdata.jar;C:\Program Files (x86)\Minecraft\runtime\jre-x64\lib\ext\dnsns.jar;C:\Program Files (x86)\Minecraft\runtime\jre-x64\lib\ext\jaccess.jar;C:\Program Files (x86)\Minecraft\runtime\jre-x64\lib\ext\jfxrt.jar;C:\Program Files (x86)\Minecraft\runtime\jre-x64\lib\ext\localedata.jar;C:\Program Files (x86)\Minecraft\runtime\jre-x64\lib\ext\nashorn.jar;C:\Program Files (x86)\Minecraft\runtime\jre-x64\lib\ext\sunec.jar;C:\Program Files (x86)\Minecraft\runtime\jre-x64\lib\ext\sunjce_provider.jar;C:\Program Files (x86)\Minecraft\runtime\jre-x64\lib\ext\sunmscapi.jar;C:\Program Files (x86)\Minecraft\runtime\jre-x64\lib\ext\sunpkcs11.jar;C:\Program Files (x86)\Minecraft\runtime\jre-x64\lib\ext\zipfs.jar;C:\Program Files (x86)\Minecraft\runtime\jre-x64\lib\javaws.jar;C:\Program Files (x86)\Minecraft\runtime\jre-x64\lib\jce.jar;C:\Program Files (x86)\Minecraft\runtime\jre-x64\lib\jfr.jar;C:\Program Files (x86)\Minecraft\runtime\jre-x64\lib\jfxswt.jar;C:\Program Files (x86)\Minecraft\runtime\jre-x64\lib\jsse.jar;C:\Program Files (x86)\Minecraft\runtime\jre-x64\lib\management-agent.jar;C:\Program Files (x86)\Minecraft\runtime\jre-x64\lib\plugin.jar;C:\Program Files (x86)\Minecraft\runtime\jre-x64\lib\resources.jar;C:\Program Files (x86)\Minecraft\runtime\jre-x64\lib\rt.jar;C:\save\modding\nimrod_mod_1\build\classes\java\main;C:\save\modding\nimrod_mod_1\build\resources\main;C:\Users\ervin_1nmnhvl\.gradle\caches\forge_gradle\minecraft_user_repo\net\minecraftforge\forge\1.16.1-32.0.75_mapped_snapshot_20200723-1.16.1\forge-1.16.1-32.0.75_mapped_snapshot_20200723-1.16.1-recomp.jar;C:\Users\ervin_1nmnhvl\.gradle\caches\forge_gradle\minecraft_user_repo\net\minecraftforge\forge\1.16.1-32.0.7
Launcher Type: SUN_STANDARD

Environment Variables:
JAVA_HOME=C:\Program Files\Java\jdk-11.0.4
PATH=C:\Program Files\Docker\Docker\Resources\bin;C:\ProgramData\Oracle\Java\javapath;C:\WINDOWS\system32;C:\WINDOWS;C:\WINDOWS\System32\Wbem;C:\WINDOWS\System32\WindowsPowerShell\v1.0\;C:\Program Files (x86)\cloudControl;C:\Program Files\Git\cmd;C:\bin;C:\Program Files (x86)\Windows Kits\8.1\Windows Performance Toolkit\;C:\Program Files (x86)\PuTTY\;C:\Program Files (x86)\Nodist\bin;G:\save\sdk\android\tools;G:\save\sdk\android\platform-tools;C:\boxfuse;C:\Program Files (x86)\Skype\Phone\;C:\Program Files (x86)\GtkSharp\2.12\bin;C:\Program Files (x86)\IVI Foundation\VISA\WinNT\Bin;C:\WINDOWS\system32;C:\WINDOWS;C:\WINDOWS\System32\Wbem;C:\WINDOWS\System32\WindowsPowerShell\v1.0\;;C:\WINDOWS\System32\OpenSSH\;C:\Users\ervin_1nmnhvl\AppData\Local\Microsoft\WindowsApps;
USERNAME=ervin_1nmnhvl
OS=Windows_NT
PROCESSOR_IDENTIFIER=Intel64 Family 6 Model 42 Stepping 7, GenuineIntel



---------------  S Y S T E M  ---------------

OS: Windows 10.0 , 64 bit Build 19041 (10.0.19041.662)

CPU:total 4 (2 cores per cpu, 2 threads per core) family 6 model 42 stepping 7, cmov, cx8, fxsr, mmx, sse, sse2, sse3, ssse3, sse4.1, sse4.2, popcnt, avx, aes, clmul, ht, tsc, tscinvbit

Memory: 4k page, physical 8266764k(306492k free), swap 10363916k(3116k free)

vm_info: Java HotSpot(TM) 64-Bit Server VM (25.51-b03) for windows-amd64 JRE (1.8.0_51-b16), built on Jun  8 2015 18:03:07 by "java_re" with MS VC++ 10.0 (VS2010)

time: Sat Dec 19 10:38:45 2020
elapsed time: 151 seconds (0d 0h 2m 31s)

