#
# There is insufficient memory for the Java Runtime Environment to continue.
# Native memory allocation (malloc) failed to allocate 1704896 bytes for Chunk::new
# Possible reasons:
#   The system is out of physical RAM or swap space
#   In 32 bit mode, the process size limit was hit
# Possible solutions:
#   Reduce memory load on the system
#   Increase physical memory or swap space
#   Check if swap backing store is full
#   Use 64 bit Java on a 64 bit OS
#   Decrease Java heap size (-Xmx/-Xms)
#   Decrease number of Java threads
#   Decrease Java thread stack sizes (-Xss)
#   Set larger code cache with -XX:ReservedCodeCacheSize=
# This output file may be truncated or incomplete.
#
#  Out of Memory Error (allocation.cpp:390), pid=11596, tid=5524
#
# JRE version: Java(TM) SE Runtime Environment (8.0_51-b16) (build 1.8.0_51-b16)
# Java VM: Java HotSpot(TM) 64-Bit Server VM (25.51-b03 mixed mode windows-amd64 compressed oops)
# Failed to write core dump. Minidumps are not enabled by default on client versions of Windows
#

---------------  T H R E A D  ---------------

Current thread (0x00000000194bd800):  JavaThread "C2 CompilerThread0" daemon [_thread_in_native, id=5524, stack(0x0000000019600000,0x0000000019700000)]

Stack: [0x0000000019600000,0x0000000019700000]
Native frames: (J=compiled Java code, j=interpreted, Vv=VM code, C=native code)
V  [jvm.dll+0x32b4ca]
V  [jvm.dll+0x2797e3]
V  [jvm.dll+0x27a479]
V  [jvm.dll+0x271765]
V  [jvm.dll+0xcba02]
V  [jvm.dll+0xcbecc]
V  [jvm.dll+0x476f72]
V  [jvm.dll+0x4b95ff]
V  [jvm.dll+0x46c011]
V  [jvm.dll+0x46cd4e]
V  [jvm.dll+0x4501a2]
V  [jvm.dll+0xa43a2]
V  [jvm.dll+0xa4cdf]
V  [jvm.dll+0x2418a4]
V  [jvm.dll+0x29846a]
C  [msvcr100.dll+0x21d9f]
C  [msvcr100.dll+0x21e3b]
C  [KERNEL32.DLL+0x16fd4]
C  [ntdll.dll+0x4cec1]


Current CompileTask:
C2: 282284 17327       4       net.minecraft.server.MinecraftServer::driveOneInternal (62 bytes)


---------------  P R O C E S S  ---------------

Java Threads: ( => current thread )
  0x000000001a0ea000 JavaThread "Server-Worker-10" daemon [_thread_blocked, id=7948, stack(0x000000003f2a0000,0x000000003f3a0000)]
  0x000000001a0e8800 JavaThread "Server-Worker-9" daemon [_thread_in_native, id=7748, stack(0x0000000018e00000,0x0000000018f00000)]
  0x000000001a0ec000 JavaThread "Sound engine" daemon [_thread_blocked, id=6692, stack(0x0000000029040000,0x0000000029140000)]
  0x000000001a0f1800 JavaThread "Netty Server IO #1" daemon [_thread_in_native, id=8012, stack(0x000000003da60000,0x000000003db60000)]
  0x0000000024bbb000 JavaThread "Netty Local Client IO #0" daemon [_thread_blocked, id=2468, stack(0x000000003d540000,0x000000003d640000)]
  0x0000000024bbe000 JavaThread "Keep-Alive-Timer" daemon [_thread_blocked, id=5212, stack(0x000000003ced0000,0x000000003cfd0000)]
  0x0000000024bba800 JavaThread "Netty Server IO #0" daemon [_thread_in_native, id=9992, stack(0x000000003d270000,0x000000003d370000)]
  0x0000000024bbc000 JavaThread "ObjectCleanerThread" daemon [_thread_blocked, id=2668, stack(0x0000000031300000,0x0000000031400000)]
  0x0000000024bb9000 JavaThread "Java2D Disposer" daemon [_thread_blocked, id=14472, stack(0x000000003e860000,0x000000003e960000)]
  0x000000001a0f6000 JavaThread "poi IO worker" [_thread_blocked, id=3888, stack(0x000000003d440000,0x000000003d540000)]
  0x000000001a0e9000 JavaThread "chunk IO worker" [_thread_in_native, id=4816, stack(0x000000003cdd0000,0x000000003ced0000)]
  0x000000001a0ed800 JavaThread "Server-Worker-8" daemon [_thread_blocked, id=10276, stack(0x000000003ad80000,0x000000003ae80000)]
  0x000000001a0ef000 JavaThread "Thread-11" daemon [_thread_in_native, id=15324, stack(0x0000000028f00000,0x0000000029000000)]
  0x000000001a0eb800 JavaThread "Server thread" [_thread_blocked, id=812, stack(0x0000000025290000,0x0000000025390000)]
  0x000000001a0ea800 JavaThread "Snooper Timer" daemon [_thread_blocked, id=8020, stack(0x0000000023f90000,0x0000000024090000)]
  0x000000001a0ee800 JavaThread "Narrator" [_thread_blocked, id=9976, stack(0x0000000028980000,0x0000000028a80000)]
  0x0000000024bb9800 JavaThread "Timer hack thread" daemon [_thread_blocked, id=7364, stack(0x0000000028300000,0x0000000028400000)]
  0x0000000019930800 JavaThread "Snooper Timer" daemon [_thread_blocked, id=2512, stack(0x000000001c7e0000,0x000000001c8e0000)]
  0x000000001c23f800 JavaThread "pool-2-thread-1" daemon [_thread_blocked, id=11392, stack(0x0000000020c80000,0x0000000020d80000)]
  0x000000001ad0f800 JavaThread "Thread-2" daemon [_thread_in_native, id=14144, stack(0x000000001d010000,0x000000001d110000)]
  0x000000001ad0e800 JavaThread "Thread-1" daemon [_thread_blocked, id=11396, stack(0x000000001cf10000,0x000000001d010000)]
  0x00000000194fe800 JavaThread "Service Thread" daemon [_thread_blocked, id=600, stack(0x000000001a100000,0x000000001a200000)]
  0x00000000194c7000 JavaThread "C1 CompilerThread2" daemon [_thread_blocked, id=10404, stack(0x0000000019800000,0x0000000019900000)]
  0x00000000194c1800 JavaThread "C2 CompilerThread1" daemon [_thread_in_native, id=5108, stack(0x0000000019700000,0x0000000019800000)]
=>0x00000000194bd800 JavaThread "C2 CompilerThread0" daemon [_thread_in_native, id=5524, stack(0x0000000019600000,0x0000000019700000)]
  0x00000000194bc000 JavaThread "Monitor Ctrl-Break" daemon [_thread_in_native, id=4764, stack(0x0000000019500000,0x0000000019600000)]
  0x0000000017a96800 JavaThread "Attach Listener" daemon [_thread_blocked, id=10408, stack(0x0000000019000000,0x0000000019100000)]
  0x0000000017a95000 JavaThread "Signal Dispatcher" daemon [_thread_blocked, id=13100, stack(0x0000000018f00000,0x0000000019000000)]
  0x0000000002d9a800 JavaThread "Finalizer" daemon [_thread_blocked, id=15280, stack(0x0000000018d00000,0x0000000018e00000)]
  0x0000000002d96000 JavaThread "Reference Handler" daemon [_thread_blocked, id=14692, stack(0x0000000018c00000,0x0000000018d00000)]
  0x0000000002ca2800 JavaThread "Render thread" [_thread_blocked, id=1704, stack(0x0000000002ba0000,0x0000000002ca0000)]

Other Threads:
  0x0000000017a59000 VMThread [stack: 0x0000000018b00000,0x0000000018c00000] [id=2180]
  0x0000000019968000 WatcherThread [stack: 0x000000001a200000,0x000000001a300000] [id=14140]

VM state:not at safepoint (normal execution)

VM Mutex/Monitor currently owned by a thread: None

Heap:
 PSYoungGen      total 459776K, used 10238K [0x00000000d5f00000, 0x00000000fff80000, 0x0000000100000000)
  eden space 231424K, 4% used [0x00000000d5f00000,0x00000000d68ff9d0,0x00000000e4100000)
  from space 228352K, 0% used [0x00000000e4100000,0x00000000e4100000,0x00000000f2000000)
  to   space 217088K, 0% used [0x00000000f2b80000,0x00000000f2b80000,0x00000000fff80000)
 ParOldGen       total 413184K, used 317171K [0x0000000081c00000, 0x000000009af80000, 0x00000000d5f00000)
  object space 413184K, 76% used [0x0000000081c00000,0x00000000951bce38,0x000000009af80000)
 Metaspace       used 85041K, capacity 95212K, committed 95488K, reserved 1130496K
  class space    used 12367K, capacity 14804K, committed 14848K, reserved 1048576K

Card table byte_map: [0x0000000012320000,0x0000000012720000] byte_map_base: 0x0000000011f12000

Marking Bits: (ParMarkBitMap*) 0x0000000064004040
 Begin Bits: [0x0000000012dd0000, 0x0000000014d60000)
 End Bits:   [0x0000000014d60000, 0x0000000016cf0000)

Polling page: 0x00000000012f0000

CodeCache: size=245760Kb used=40136Kb max_used=40335Kb free=205623Kb
 bounds [0x0000000002f60000, 0x0000000005710000, 0x0000000011f60000]
 total_blobs=14209 nmethods=12592 adapters=1525
 compilation: enabled

Compilation events (10 events):
Event: 282.190 Thread 0x00000000194c7000 17396   !   3       it.unimi.dsi.fastutil.longs.Long2IntFunctions$SynchronizedFunction::remove (27 bytes)
Event: 282.191 Thread 0x00000000194c7000 nmethod 17396 0x0000000005382910 code [0x0000000005382a80, 0x0000000005382e28]
Event: 282.191 Thread 0x00000000194c7000 17397       3       it.unimi.dsi.fastutil.longs.Long2IntOpenHashMap::remove (110 bytes)
Event: 282.191 Thread 0x00000000194c7000 nmethod 17397 0x000000000544fb90 code [0x000000000544fd40, 0x0000000005450228]
Event: 282.191 Thread 0x00000000194c7000 17398       3       it.unimi.dsi.fastutil.longs.Long2IntOpenHashMap::removeEntry (67 bytes)
Event: 282.192 Thread 0x00000000194c7000 nmethod 17398 0x0000000004de92d0 code [0x0000000004de9460, 0x0000000004de97f8]
Event: 282.193 Thread 0x00000000194c7000 17399       3       it.unimi.dsi.fastutil.longs.Long2IntOpenHashMap::shiftKeys (111 bytes)
Event: 282.194 Thread 0x00000000194c7000 nmethod 17399 0x0000000004fe4210 code [0x0000000004fe43a0, 0x0000000004fe48b0]
Event: 282.194 Thread 0x00000000194c7000 17400   !   3       net.minecraft.util.concurrent.DelegatedTaskExecutor::run (33 bytes)
Event: 282.196 Thread 0x00000000194c7000 nmethod 17400 0x000000000540dc10 code [0x000000000540de20, 0x000000000540e988]

GC Heap History (10 events):
Event: 274.985 GC heap before
{Heap before GC invocations=99 (full 8):
 PSYoungGen      total 454144K, used 357004K [0x00000000d5f00000, 0x0000000100000000, 0x0000000100000000)
  eden space 242688K, 100% used [0x00000000d5f00000,0x00000000e4c00000,0x00000000e4c00000)
  from space 211456K, 54% used [0x00000000f3180000,0x00000000fa123240,0x0000000100000000)
  to   space 223232K, 0% used [0x00000000e4c00000,0x00000000e4c00000,0x00000000f2600000)
 ParOldGen       total 413184K, used 326347K [0x0000000081c00000, 0x000000009af80000, 0x00000000d5f00000)
  object space 413184K, 78% used [0x0000000081c00000,0x0000000095ab2da8,0x000000009af80000)
 Metaspace       used 82182K, capacity 91422K, committed 91648K, reserved 1126400K
  class space    used 11939K, capacity 14245K, committed 14336K, reserved 1048576K
Event: 275.218 GC heap after
Heap after GC invocations=99 (full 8):
 PSYoungGen      total 394240K, used 151374K [0x00000000d5f00000, 0x0000000100000000, 0x0000000100000000)
  eden space 242688K, 0% used [0x00000000d5f00000,0x00000000d5f00000,0x00000000e4c00000)
  from space 151552K, 99% used [0x00000000e4c00000,0x00000000edfd3a90,0x00000000ee000000)
  to   space 229376K, 0% used [0x00000000f2000000,0x00000000f2000000,0x0000000100000000)
 ParOldGen       total 413184K, used 326355K [0x0000000081c00000, 0x000000009af80000, 0x00000000d5f00000)
  object space 413184K, 78% used [0x0000000081c00000,0x0000000095ab4da8,0x000000009af80000)
 Metaspace       used 82182K, capacity 91422K, committed 91648K, reserved 1126400K
  class space    used 11939K, capacity 14245K, committed 14336K, reserved 1048576K
}
Event: 276.345 GC heap before
{Heap before GC invocations=100 (full 8):
 PSYoungGen      total 394240K, used 386733K [0x00000000d5f00000, 0x0000000100000000, 0x0000000100000000)
  eden space 242688K, 96% used [0x00000000d5f00000,0x00000000e44d7ca8,0x00000000e4c00000)
  from space 151552K, 99% used [0x00000000e4c00000,0x00000000edfd3a90,0x00000000ee000000)
  to   space 229376K, 0% used [0x00000000f2000000,0x00000000f2000000,0x0000000100000000)
 ParOldGen       total 413184K, used 326355K [0x0000000081c00000, 0x000000009af80000, 0x00000000d5f00000)
  object space 413184K, 78% used [0x0000000081c00000,0x0000000095ab4da8,0x000000009af80000)
 Metaspace       used 83631K, capacity 93170K, committed 93440K, reserved 1128448K
  class space    used 12133K, capacity 14489K, committed 14592K, reserved 1048576K
Event: 276.535 GC heap after
Heap after GC invocations=100 (full 8):
 PSYoungGen      total 460800K, used 109305K [0x00000000d5f00000, 0x0000000100000000, 0x0000000100000000)
  eden space 231424K, 0% used [0x00000000d5f00000,0x00000000d5f00000,0x00000000e4100000)
  from space 229376K, 47% used [0x00000000f2000000,0x00000000f8abe7e8,0x0000000100000000)
  to   space 228352K, 0% used [0x00000000e4100000,0x00000000e4100000,0x00000000f2000000)
 ParOldGen       total 413184K, used 366220K [0x0000000081c00000, 0x000000009af80000, 0x00000000d5f00000)
  object space 413184K, 88% used [0x0000000081c00000,0x00000000981a3050,0x000000009af80000)
 Metaspace       used 83631K, capacity 93170K, committed 93440K, reserved 1128448K
  class space    used 12133K, capacity 14489K, committed 14592K, reserved 1048576K
}
Event: 276.535 GC heap before
{Heap before GC invocations=101 (full 9):
 PSYoungGen      total 460800K, used 109305K [0x00000000d5f00000, 0x0000000100000000, 0x0000000100000000)
  eden space 231424K, 0% used [0x00000000d5f00000,0x00000000d5f00000,0x00000000e4100000)
  from space 229376K, 47% used [0x00000000f2000000,0x00000000f8abe7e8,0x0000000100000000)
  to   space 228352K, 0% used [0x00000000e4100000,0x00000000e4100000,0x00000000f2000000)
 ParOldGen       total 413184K, used 366220K [0x0000000081c00000, 0x000000009af80000, 0x00000000d5f00000)
  object space 413184K, 88% used [0x0000000081c00000,0x00000000981a3050,0x000000009af80000)
 Metaspace       used 83631K, capacity 93170K, committed 93440K, reserved 1128448K
  class space    used 12133K, capacity 14489K, committed 14592K, reserved 1048576K
Event: 278.511 GC heap after
Heap after GC invocations=101 (full 9):
 PSYoungGen      total 460800K, used 0K [0x00000000d5f00000, 0x0000000100000000, 0x0000000100000000)
  eden space 231424K, 0% used [0x00000000d5f00000,0x00000000d5f00000,0x00000000e4100000)
  from space 229376K, 0% used [0x00000000f2000000,0x00000000f2000000,0x0000000100000000)
  to   space 228352K, 0% used [0x00000000e4100000,0x00000000e4100000,0x00000000f2000000)
 ParOldGen       total 413184K, used 351486K [0x0000000081c00000, 0x000000009af80000, 0x00000000d5f00000)
  object space 413184K, 85% used [0x0000000081c00000,0x000000009733fb80,0x000000009af80000)
 Metaspace       used 83631K, capacity 93170K, committed 93440K, reserved 1128448K
  class space    used 12133K, capacity 14489K, committed 14592K, reserved 1048576K
}
Event: 280.764 GC heap before
{Heap before GC invocations=102 (full 9):
 PSYoungGen      total 460800K, used 223853K [0x00000000d5f00000, 0x0000000100000000, 0x0000000100000000)
  eden space 231424K, 96% used [0x00000000d5f00000,0x00000000e399b658,0x00000000e4100000)
  from space 229376K, 0% used [0x00000000f2000000,0x00000000f2000000,0x0000000100000000)
  to   space 228352K, 0% used [0x00000000e4100000,0x00000000e4100000,0x00000000f2000000)
 ParOldGen       total 413184K, used 351486K [0x0000000081c00000, 0x000000009af80000, 0x00000000d5f00000)
  object space 413184K, 85% used [0x0000000081c00000,0x000000009733fb80,0x000000009af80000)
 Metaspace       used 84988K, capacity 95090K, committed 95232K, reserved 1130496K
  class space    used 12361K, capacity 14797K, committed 14848K, reserved 1048576K
Event: 280.868 GC heap after
Heap after GC invocations=102 (full 9):
 PSYoungGen      total 459776K, used 75591K [0x00000000d5f00000, 0x00000000fff80000, 0x0000000100000000)
  eden space 231424K, 0% used [0x00000000d5f00000,0x00000000d5f00000,0x00000000e4100000)
  from space 228352K, 33% used [0x00000000e4100000,0x00000000e8ad1d50,0x00000000f2000000)
  to   space 217088K, 0% used [0x00000000f2b80000,0x00000000f2b80000,0x00000000fff80000)
 ParOldGen       total 413184K, used 351494K [0x0000000081c00000, 0x000000009af80000, 0x00000000d5f00000)
  object space 413184K, 85% used [0x0000000081c00000,0x0000000097341b80,0x000000009af80000)
 Metaspace       used 84988K, capacity 95090K, committed 95232K, reserved 1130496K
  class space    used 12361K, capacity 14797K, committed 14848K, reserved 1048576K
}
Event: 280.868 GC heap before
{Heap before GC invocations=103 (full 10):
 PSYoungGen      total 459776K, used 75591K [0x00000000d5f00000, 0x00000000fff80000, 0x0000000100000000)
  eden space 231424K, 0% used [0x00000000d5f00000,0x00000000d5f00000,0x00000000e4100000)
  from space 228352K, 33% used [0x00000000e4100000,0x00000000e8ad1d50,0x00000000f2000000)
  to   space 217088K, 0% used [0x00000000f2b80000,0x00000000f2b80000,0x00000000fff80000)
 ParOldGen       total 413184K, used 351494K [0x0000000081c00000, 0x000000009af80000, 0x00000000d5f00000)
  object space 413184K, 85% used [0x0000000081c00000,0x0000000097341b80,0x000000009af80000)
 Metaspace       used 84988K, capacity 95090K, committed 95232K, reserved 1130496K
  class space    used 12361K, capacity 14797K, committed 14848K, reserved 1048576K
Event: 282.019 GC heap after
Heap after GC invocations=103 (full 10):
 PSYoungGen      total 459776K, used 0K [0x00000000d5f00000, 0x00000000fff80000, 0x0000000100000000)
  eden space 231424K, 0% used [0x00000000d5f00000,0x00000000d5f00000,0x00000000e4100000)
  from space 228352K, 0% used [0x00000000e4100000,0x00000000e4100000,0x00000000f2000000)
  to   space 217088K, 0% used [0x00000000f2b80000,0x00000000f2b80000,0x00000000fff80000)
 ParOldGen       total 413184K, used 317171K [0x0000000081c00000, 0x000000009af80000, 0x00000000d5f00000)
  object space 413184K, 76% used [0x0000000081c00000,0x00000000951bce38,0x000000009af80000)
 Metaspace       used 84988K, capacity 95090K, committed 95232K, reserved 1130496K
  class space    used 12361K, capacity 14797K, committed 14848K, reserved 1048576K
}

Deoptimization events (10 events):
Event: 282.085 Thread 0x0000000024bbb000 Uncommon trap: reason=class_check action=maybe_recompile pc=0x000000000315797c method=java.util.HashSet.remove(Ljava/lang/Object;)Z @ 5
Event: 282.116 Thread 0x000000001a0eb800 Uncommon trap: reason=bimorphic action=maybe_recompile pc=0x0000000004c3d55c method=net.minecraft.world.lighting.LevelBasedGraph.processUpdates(I)I @ 48
Event: 282.116 Thread 0x000000001a0eb800 Uncommon trap: reason=unstable_if action=reinterpret pc=0x000000000507b734 method=net.minecraft.world.lighting.LevelBasedGraph.propagateLevel(JJIZ)V @ 38
Event: 282.116 Thread 0x000000001a0eb800 Uncommon trap: reason=unstable_if action=reinterpret pc=0x000000000391f3f4 method=net.minecraft.world.lighting.LevelBasedGraph.propagateLevel(JJIIIZ)V @ 130
Event: 282.124 Thread 0x000000001a0eb800 Uncommon trap: reason=class_check action=maybe_recompile pc=0x0000000003482a78 method=net.minecraft.world.chunk.ChunkDistanceGraph.getEdgeLevel(JJI)I @ 10
Event: 282.124 Thread 0x000000001a0eb800 Uncommon trap: reason=class_check action=maybe_recompile pc=0x0000000003482a78 method=net.minecraft.world.chunk.ChunkDistanceGraph.getEdgeLevel(JJI)I @ 10
Event: 282.124 Thread 0x000000001a0eb800 Uncommon trap: reason=class_check action=maybe_recompile pc=0x0000000003482a78 method=net.minecraft.world.chunk.ChunkDistanceGraph.getEdgeLevel(JJI)I @ 10
Event: 282.124 Thread 0x000000001a0eb800 Uncommon trap: reason=class_check action=maybe_recompile pc=0x0000000003482a78 method=net.minecraft.world.chunk.ChunkDistanceGraph.getEdgeLevel(JJI)I @ 10
Event: 282.124 Thread 0x000000001a0eb800 Uncommon trap: reason=unstable_if action=reinterpret pc=0x0000000003228ef8 method=net.minecraft.world.chunk.ChunkDistanceGraph.getEdgeLevel(JJI)I @ 5
Event: 282.193 Thread 0x000000001a0ed800 Uncommon trap: reason=unstable_if action=reinterpret pc=0x0000000005014d88 method=net.minecraft.util.concurrent.ITaskQueue$Priority.poll()Ljava/lang/Runnable; @ 16

Internal exceptions (10 events):
Event: 282.152 Thread 0x000000001a0e9000 Exception <a 'sun/nio/fs/WindowsException'> (0x00000000d64e3d50) thrown at [C:\re\workspace\8-2-build-windows-amd64-cygwin\jdk8u51\3951\hotspot\src\share\vm\prims\jni.cpp, line 709]
Event: 282.155 Thread 0x000000001a0e9000 Exception <a 'sun/nio/fs/WindowsException'> (0x00000000d64e8f80) thrown at [C:\re\workspace\8-2-build-windows-amd64-cygwin\jdk8u51\3951\hotspot\src\share\vm\prims\jni.cpp, line 709]
Event: 282.157 Thread 0x000000001a0e9000 Exception <a 'sun/nio/fs/WindowsException'> (0x00000000d64ee070) thrown at [C:\re\workspace\8-2-build-windows-amd64-cygwin\jdk8u51\3951\hotspot\src\share\vm\prims\jni.cpp, line 709]
Event: 282.165 Thread 0x000000001a0e9000 Exception <a 'sun/nio/fs/WindowsException'> (0x00000000d64f3130) thrown at [C:\re\workspace\8-2-build-windows-amd64-cygwin\jdk8u51\3951\hotspot\src\share\vm\prims\jni.cpp, line 709]
Event: 282.168 Thread 0x000000001a0e9000 Exception <a 'sun/nio/fs/WindowsException'> (0x00000000d64f8498) thrown at [C:\re\workspace\8-2-build-windows-amd64-cygwin\jdk8u51\3951\hotspot\src\share\vm\prims\jni.cpp, line 709]
Event: 282.170 Thread 0x000000001a0e9000 Exception <a 'sun/nio/fs/WindowsException'> (0x00000000d64fd6a8) thrown at [C:\re\workspace\8-2-build-windows-amd64-cygwin\jdk8u51\3951\hotspot\src\share\vm\prims\jni.cpp, line 709]
Event: 282.174 Thread 0x000000001a0e9000 Exception <a 'sun/nio/fs/WindowsException'> (0x00000000d6502968) thrown at [C:\re\workspace\8-2-build-windows-amd64-cygwin\jdk8u51\3951\hotspot\src\share\vm\prims\jni.cpp, line 709]
Event: 282.176 Thread 0x000000001a0e9000 Exception <a 'sun/nio/fs/WindowsException'> (0x00000000d65079c0) thrown at [C:\re\workspace\8-2-build-windows-amd64-cygwin\jdk8u51\3951\hotspot\src\share\vm\prims\jni.cpp, line 709]
Event: 282.182 Thread 0x000000001a0e9000 Exception <a 'sun/nio/fs/WindowsException'> (0x00000000d650d1c0) thrown at [C:\re\workspace\8-2-build-windows-amd64-cygwin\jdk8u51\3951\hotspot\src\share\vm\prims\jni.cpp, line 709]
Event: 282.185 Thread 0x000000001a0e9000 Exception <a 'sun/nio/fs/WindowsException'> (0x00000000d650e4c8) thrown at [C:\re\workspace\8-2-build-windows-amd64-cygwin\jdk8u51\3951\hotspot\src\share\vm\prims\jni.cpp, line 709]

Events (10 events):
Event: 282.193 Thread 0x000000001a0ed800 DEOPT PACKING pc=0x0000000005014d88 sp=0x000000003ae7f460
Event: 282.193 Thread 0x000000001a0ed800 DEOPT UNPACKING pc=0x0000000002fa582a sp=0x000000003ae7f2a8 mode 2
Event: 282.200 loading class net/minecraft/world/server/Ticket
Event: 282.200 loading class net/minecraft/world/server/Ticket done
Event: 282.200 loading class net/minecraft/world/server/TicketManager$PlayerTicketTracker
Event: 282.200 loading class net/minecraft/world/server/TicketManager$PlayerTicketTracker done
Event: 282.201 loading class net/minecraft/world/server/Ticket
Event: 282.201 loading class net/minecraft/world/server/Ticket done
Event: 282.201 loading class net/minecraft/world/server/TicketManager$PlayerTicketTracker
Event: 282.201 loading class net/minecraft/world/server/TicketManager$PlayerTicketTracker done


Dynamic libraries:
0x00007ff6e4170000 - 0x00007ff6e41a7000 	C:\Program Files (x86)\Minecraft\runtime\jre-x64\bin\java.exe
0x00007ffe9b970000 - 0x00007ffe9bb64000 	C:\WINDOWS\SYSTEM32\ntdll.dll
0x00007ffe9ace0000 - 0x00007ffe9ad9d000 	C:\WINDOWS\System32\KERNEL32.DLL
0x00007ffe99460000 - 0x00007ffe99727000 	C:\WINDOWS\System32\KERNELBASE.dll
0x00007ffe9b350000 - 0x00007ffe9b3fa000 	C:\WINDOWS\System32\ADVAPI32.dll
0x00007ffe9b5d0000 - 0x00007ffe9b66e000 	C:\WINDOWS\System32\msvcrt.dll
0x00007ffe9a450000 - 0x00007ffe9a4eb000 	C:\WINDOWS\System32\sechost.dll
0x00007ffe9ada0000 - 0x00007ffe9aec3000 	C:\WINDOWS\System32\RPCRT4.dll
0x00007ffe9a2b0000 - 0x00007ffe9a450000 	C:\WINDOWS\System32\USER32.dll
0x00007ffe990c0000 - 0x00007ffe990e2000 	C:\WINDOWS\System32\win32u.dll
0x00007ffe9b5a0000 - 0x00007ffe9b5ca000 	C:\WINDOWS\System32\GDI32.dll
0x00007ffe99230000 - 0x00007ffe9933a000 	C:\WINDOWS\System32\gdi32full.dll
0x00007ffe99340000 - 0x00007ffe993dd000 	C:\WINDOWS\System32\msvcp_win.dll
0x00007ffe998e0000 - 0x00007ffe999e0000 	C:\WINDOWS\System32\ucrtbase.dll
0x00007ffe81540000 - 0x00007ffe817da000 	C:\WINDOWS\WinSxS\amd64_microsoft.windows.common-controls_6595b64144ccf1df_6.0.19041.1_none_b555e41d4684ddec\COMCTL32.dll
0x00007ffe99f60000 - 0x00007ffe99f90000 	C:\WINDOWS\System32\IMM32.DLL
0x0000000064090000 - 0x0000000064162000 	C:\Program Files (x86)\Minecraft\runtime\jre-x64\bin\msvcr100.dll
0x0000000063800000 - 0x0000000064083000 	C:\Program Files (x86)\Minecraft\runtime\jre-x64\bin\server\jvm.dll
0x00007ffe9b7b0000 - 0x00007ffe9b7b8000 	C:\WINDOWS\System32\PSAPI.DLL
0x00007ffe74330000 - 0x00007ffe74339000 	C:\WINDOWS\SYSTEM32\WSOCK32.dll
0x00007ffe9b400000 - 0x00007ffe9b46b000 	C:\WINDOWS\System32\WS2_32.dll
0x00007ffe92320000 - 0x00007ffe92347000 	C:\WINDOWS\SYSTEM32\WINMM.dll
0x00007ffe92850000 - 0x00007ffe9285a000 	C:\WINDOWS\SYSTEM32\VERSION.dll
0x00000000637f0000 - 0x00000000637ff000 	C:\Program Files (x86)\Minecraft\runtime\jre-x64\bin\verify.dll
0x00000000637c0000 - 0x00000000637e9000 	C:\Program Files (x86)\Minecraft\runtime\jre-x64\bin\java.dll
0x0000000063790000 - 0x00000000637b3000 	C:\Program Files (x86)\Minecraft\runtime\jre-x64\bin\instrument.dll
0x0000000063770000 - 0x0000000063786000 	C:\Program Files (x86)\Minecraft\runtime\jre-x64\bin\zip.dll
0x00007ffe9a580000 - 0x00007ffe9acb5000 	C:\WINDOWS\System32\SHELL32.dll
0x00007ffe97110000 - 0x00007ffe9789f000 	C:\WINDOWS\SYSTEM32\windows.storage.dll
0x00007ffe9aff0000 - 0x00007ffe9b343000 	C:\WINDOWS\System32\combase.dll
0x00007ffe989a0000 - 0x00007ffe989cb000 	C:\WINDOWS\SYSTEM32\Wldp.dll
0x00007ffe99eb0000 - 0x00007ffe99f5e000 	C:\WINDOWS\System32\SHCORE.dll
0x00007ffe99e50000 - 0x00007ffe99ea5000 	C:\WINDOWS\System32\shlwapi.dll
0x00007ffe99000000 - 0x00007ffe9901f000 	C:\WINDOWS\SYSTEM32\profapi.dll
0x00007ffe803f0000 - 0x00007ffe8040a000 	C:\Users\ervin_1nmnhvl\AppData\Local\JetBrains\Toolbox\apps\IDEA-U\ch-0\201.8743.12\bin\breakgen64.dll
0x0000000063750000 - 0x000000006376a000 	C:\Program Files (x86)\Minecraft\runtime\jre-x64\bin\net.dll
0x00007ffe98790000 - 0x00007ffe987fa000 	C:\WINDOWS\system32\mswsock.dll
0x0000000063740000 - 0x000000006374d000 	C:\Program Files (x86)\Minecraft\runtime\jre-x64\bin\management.dll
0x00007ffe632a0000 - 0x00007ffe632b7000 	C:\WINDOWS\system32\napinsp.dll
0x00007ffe63280000 - 0x00007ffe6329b000 	C:\WINDOWS\system32\pnrpnsp.dll
0x00007ffe68f90000 - 0x00007ffe68fa5000 	C:\WINDOWS\system32\wshbth.dll
0x00007ffe949b0000 - 0x00007ffe949cd000 	C:\WINDOWS\system32\NLAapi.dll
0x00007ffe984a0000 - 0x00007ffe984db000 	C:\WINDOWS\SYSTEM32\IPHLPAPI.DLL
0x00007ffe984e0000 - 0x00007ffe985aa000 	C:\WINDOWS\SYSTEM32\DNSAPI.dll
0x00007ffe9b6d0000 - 0x00007ffe9b6d9000 	C:\WINDOWS\System32\NSI.dll
0x00007ffe65500000 - 0x00007ffe65512000 	C:\WINDOWS\System32\winrnr.dll
0x00007ffe8a850000 - 0x00007ffe8a85a000 	C:\Windows\System32\rasadhlp.dll
0x00007ffe8e600000 - 0x00007ffe8e67f000 	C:\WINDOWS\System32\fwpuclnt.dll
0x00007ffe991a0000 - 0x00007ffe991c7000 	C:\WINDOWS\System32\bcrypt.dll
0x00007ffe90c80000 - 0x00007ffe90c97000 	C:\WINDOWS\SYSTEM32\dhcpcsvc6.DLL
0x00007ffe90d90000 - 0x00007ffe90dad000 	C:\WINDOWS\SYSTEM32\dhcpcsvc.DLL
0x00007ffe98cd0000 - 0x00007ffe98ce8000 	C:\WINDOWS\SYSTEM32\CRYPTSP.dll
0x00007ffe98040000 - 0x00007ffe98074000 	C:\WINDOWS\system32\rsaenh.dll
0x00007ffe98f80000 - 0x00007ffe98fae000 	C:\WINDOWS\SYSTEM32\USERENV.dll
0x00007ffe993e0000 - 0x00007ffe9945f000 	C:\WINDOWS\System32\bcryptprimitives.dll
0x00007ffe98910000 - 0x00007ffe9891c000 	C:\WINDOWS\SYSTEM32\CRYPTBASE.dll
0x0000000063720000 - 0x0000000063731000 	C:\Program Files (x86)\Minecraft\runtime\jre-x64\bin\nio.dll
0x00000000636f0000 - 0x0000000063714000 	C:\Program Files (x86)\Minecraft\runtime\jre-x64\bin\sunec.dll
0x00007ffe5a7e0000 - 0x00007ffe5a852000 	C:\Users\ervin_1nmnhvl\AppData\Local\Temp\lwjglervin_1nmnhvl\3.2.2-build-10\lwjgl.dll
0x00007ffe4a7f0000 - 0x00007ffe4aa41000 	C:\Users\ERVIN_~1\AppData\Local\Temp\lwjglervin_1nmnhvl\3.2.2-build-10\jemalloc.dll
0x00007ffe5a580000 - 0x00007ffe5a5de000 	C:\Users\ERVIN_~1\AppData\Local\Temp\lwjglervin_1nmnhvl\3.2.2-build-10\glfw.dll
0x00007ffe96940000 - 0x00007ffe969df000 	C:\WINDOWS\system32\uxtheme.dll
0x00007ffe5a790000 - 0x00007ffe5a7d5000 	C:\WINDOWS\SYSTEM32\dinput8.dll
0x00007ffe779b0000 - 0x00007ffe779c1000 	C:\WINDOWS\SYSTEM32\xinput1_4.dll
0x00007ffe99890000 - 0x00007ffe998dd000 	C:\WINDOWS\System32\cfgmgr32.dll
0x00007ffe98db0000 - 0x00007ffe98ddc000 	C:\WINDOWS\SYSTEM32\DEVOBJ.dll
0x00007ffe96b30000 - 0x00007ffe96b5e000 	C:\WINDOWS\SYSTEM32\dwmapi.dll
0x00007ffe88ca0000 - 0x00007ffe88df2000 	C:\WINDOWS\SYSTEM32\inputhost.dll
0x00007ffe9b6e0000 - 0x00007ffe9b7ad000 	C:\WINDOWS\System32\OLEAUT32.dll
0x00007ffe96480000 - 0x00007ffe96572000 	C:\WINDOWS\SYSTEM32\CoreMessaging.dll
0x00007ffe94160000 - 0x00007ffe94255000 	C:\WINDOWS\SYSTEM32\PROPSYS.dll
0x00007ffe95a50000 - 0x00007ffe95ba6000 	C:\WINDOWS\SYSTEM32\wintypes.dll
0x00007ffe96120000 - 0x00007ffe9647a000 	C:\WINDOWS\SYSTEM32\CoreUIComponents.dll
0x00007ffe970f0000 - 0x00007ffe97103000 	C:\WINDOWS\SYSTEM32\kernel.appcore.dll
0x00007ffe97cf0000 - 0x00007ffe97d23000 	C:\WINDOWS\SYSTEM32\ntmarta.dll
0x00007ffe9aed0000 - 0x00007ffe9afe5000 	C:\WINDOWS\System32\MSCTF.dll
0x00007ffe978a0000 - 0x00007ffe978ad000 	C:\WINDOWS\SYSTEM32\HID.DLL
0x00007ffe999e0000 - 0x00007ffe99e47000 	C:\WINDOWS\System32\SETUPAPI.DLL
0x00007ffe991d0000 - 0x00007ffe99230000 	C:\WINDOWS\System32\WINTRUST.dll
0x00007ffe99730000 - 0x00007ffe9988d000 	C:\WINDOWS\System32\CRYPT32.dll
0x00007ffe98d70000 - 0x00007ffe98d82000 	C:\WINDOWS\SYSTEM32\MSASN1.dll
0x00007ffe5bb30000 - 0x00007ffe5bc8c000 	C:\WINDOWS\SYSTEM32\opengl32.dll
0x00007ffe94b70000 - 0x00007ffe94b9c000 	C:\WINDOWS\SYSTEM32\GLU32.dll
0x00007ffe46350000 - 0x00007ffe46fd4000 	C:\WINDOWS\SYSTEM32\ig4icd64.dll
0x00007ffe97900000 - 0x00007ffe979f3000 	C:\WINDOWS\SYSTEM32\dxgi.dll
0x00007ffe95250000 - 0x00007ffe954b3000 	C:\WINDOWS\SYSTEM32\d3d11.dll
0x00007ffe8e7d0000 - 0x00007ffe8e80b000 	C:\WINDOWS\SYSTEM32\dxcore.dll
0x00007ffe88e00000 - 0x00007ffe88efc000 	C:\WINDOWS\SYSTEM32\textinputframework.dll
0x00007ffe59480000 - 0x00007ffe594d8000 	C:\Users\ervin_1nmnhvl\AppData\Local\Temp\lwjglervin_1nmnhvl\3.2.2-build-10\lwjgl_opengl.dll
0x00007ffe59400000 - 0x00007ffe5947f000 	C:\Users\ervin_1nmnhvl\AppData\Local\Temp\lwjglervin_1nmnhvl\3.2.2-build-10\lwjgl_stb.dll
0x00007ffe9b470000 - 0x00007ffe9b599000 	C:\WINDOWS\System32\ole32.dll
0x00007ffe8ca80000 - 0x00007ffe8d6d0000 	C:\WINDOWS\SYSTEM32\igd10umd64.dll
0x00007ffe94530000 - 0x00007ffe945de000 	C:\WINDOWS\SYSTEM32\mscms.dll
0x00007ffe942b0000 - 0x00007ffe942c1000 	C:\WINDOWS\SYSTEM32\ColorAdapterClient.dll
0x00007ffe5a650000 - 0x00007ffe5a693000 	C:\WINDOWS\SYSTEM32\icm32.dll
0x00007ffe5a320000 - 0x00007ffe5a362000 	C:\Users\ervin_1nmnhvl\AppData\Local\Temp\jna-2118671535\jna7720654987786407756.dll
0x00007ffe72c20000 - 0x00007ffe72c3a000 	C:\save\modding\nimrod_mod_1\build\natives\SAPIWrapper_x64.dll
0x00007ffe9b820000 - 0x00007ffe9b8c8000 	C:\WINDOWS\System32\clbcatq.dll
0x00007ffe4b9a0000 - 0x00007ffe4bb24000 	C:\WINDOWS\System32\Speech\Common\sapi.dll
0x00007ffe4eb50000 - 0x00007ffe4eb6e000 	C:\WINDOWS\SYSTEM32\MSACM32.dll
0x00007ffe66850000 - 0x00007ffe6685b000 	C:\WINDOWS\SYSTEM32\msdmo.dll
0x00007ffe65e00000 - 0x00007ffe65e26000 	C:\WINDOWS\SYSTEM32\winmmbase.dll
0x00007ffe8a4a0000 - 0x00007ffe8a525000 	C:\WINDOWS\System32\MMDevApi.dll
0x00007ffe59070000 - 0x00007ffe59184000 	C:\Users\ERVIN_~1\AppData\Local\Temp\lwjglervin_1nmnhvl\3.2.2-build-10\OpenAL.dll
0x00007ffe7f1c0000 - 0x00007ffe7f340000 	C:\WINDOWS\SYSTEM32\AUDIOSES.DLL
0x00007ffe98f30000 - 0x00007ffe98f7b000 	C:\WINDOWS\SYSTEM32\powrprof.dll
0x00007ffe98f10000 - 0x00007ffe98f22000 	C:\WINDOWS\SYSTEM32\UMPDC.dll
0x00007ffe96a40000 - 0x00007ffe96a54000 	C:\WINDOWS\SYSTEM32\resourcepolicyclient.dll
0x0000000063550000 - 0x00000000636e8000 	C:\Program Files (x86)\Minecraft\runtime\jre-x64\bin\awt.dll
0x00007ffe96790000 - 0x00007ffe96820000 	C:\WINDOWS\SYSTEM32\apphelp.dll
0x00007ffe91140000 - 0x00007ffe91324000 	C:\WINDOWS\SYSTEM32\dbghelp.dll

VM Arguments:
jvm_args: -Dforge.logging.console.level=debug -Dforge.logging.markers=SCAN,REGISTRIES,REGISTRYDUMP -XX:HeapDumpPath=MojangTricksIntelDriversForPerformance_javaw.exe_minecraft.exe.heapdump -Dos.name=Windows 10 -Dos.version=10.0 -javaagent:C:\Users\ervin_1nmnhvl\AppData\Local\JetBrains\Toolbox\apps\IDEA-U\ch-0\201.8743.12\lib\idea_rt.jar=62124:C:\Users\ervin_1nmnhvl\AppData\Local\JetBrains\Toolbox\apps\IDEA-U\ch-0\201.8743.12\bin -Dfile.encoding=UTF-8 
java_command: net.minecraftforge.userdev.LaunchTesting
java_class_path (initial): C:\Program Files (x86)\Minecraft\runtime\jre-x64\lib\charsets.jar;C:\Program Files (x86)\Minecraft\runtime\jre-x64\lib\deploy.jar;C:\Program Files (x86)\Minecraft\runtime\jre-x64\lib\ext\access-bridge-64.jar;C:\Program Files (x86)\Minecraft\runtime\jre-x64\lib\ext\cldrdata.jar;C:\Program Files (x86)\Minecraft\runtime\jre-x64\lib\ext\dnsns.jar;C:\Program Files (x86)\Minecraft\runtime\jre-x64\lib\ext\jaccess.jar;C:\Program Files (x86)\Minecraft\runtime\jre-x64\lib\ext\jfxrt.jar;C:\Program Files (x86)\Minecraft\runtime\jre-x64\lib\ext\localedata.jar;C:\Program Files (x86)\Minecraft\runtime\jre-x64\lib\ext\nashorn.jar;C:\Program Files (x86)\Minecraft\runtime\jre-x64\lib\ext\sunec.jar;C:\Program Files (x86)\Minecraft\runtime\jre-x64\lib\ext\sunjce_provider.jar;C:\Program Files (x86)\Minecraft\runtime\jre-x64\lib\ext\sunmscapi.jar;C:\Program Files (x86)\Minecraft\runtime\jre-x64\lib\ext\sunpkcs11.jar;C:\Program Files (x86)\Minecraft\runtime\jre-x64\lib\ext\zipfs.jar;C:\Program Files (x86)\Minecraft\runtime\jre-x64\lib\javaws.jar;C:\Program Files (x86)\Minecraft\runtime\jre-x64\lib\jce.jar;C:\Program Files (x86)\Minecraft\runtime\jre-x64\lib\jfr.jar;C:\Program Files (x86)\Minecraft\runtime\jre-x64\lib\jfxswt.jar;C:\Program Files (x86)\Minecraft\runtime\jre-x64\lib\jsse.jar;C:\Program Files (x86)\Minecraft\runtime\jre-x64\lib\management-agent.jar;C:\Program Files (x86)\Minecraft\runtime\jre-x64\lib\plugin.jar;C:\Program Files (x86)\Minecraft\runtime\jre-x64\lib\resources.jar;C:\Program Files (x86)\Minecraft\runtime\jre-x64\lib\rt.jar;C:\save\modding\nimrod_mod_1\build\classes\java\main;C:\save\modding\nimrod_mod_1\build\resources\main;C:\Users\ervin_1nmnhvl\.gradle\caches\forge_gradle\minecraft_user_repo\net\minecraftforge\forge\1.15.2-31.1.9_mapped_snapshot_20200427-1.15.1\forge-1.15.2-31.1.9_mapped_snapshot_20200427-1.15.1-recomp.jar;C:\Users\ervin_1nmnhvl\.gradle\caches\forge_gradle\minecraft_user_repo\net\minecraftforge\forge\1.15.2-31.1.9_m
Launcher Type: SUN_STANDARD

Environment Variables:
JAVA_HOME=C:\Program Files\Java\jdk-11.0.4
PATH=C:\Program Files\Docker\Docker\Resources\bin;C:\ProgramData\Oracle\Java\javapath;C:\WINDOWS\system32;C:\WINDOWS;C:\WINDOWS\System32\Wbem;C:\WINDOWS\System32\WindowsPowerShell\v1.0\;C:\Program Files (x86)\cloudControl;C:\Program Files\Git\cmd;C:\bin;C:\Program Files (x86)\Windows Kits\8.1\Windows Performance Toolkit\;C:\Program Files (x86)\PuTTY\;C:\Program Files (x86)\Nodist\bin;G:\save\sdk\android\tools;G:\save\sdk\android\platform-tools;C:\boxfuse;C:\Program Files (x86)\Skype\Phone\;C:\Program Files (x86)\GtkSharp\2.12\bin;C:\Program Files (x86)\IVI Foundation\VISA\WinNT\Bin;C:\WINDOWS\system32;C:\WINDOWS;C:\WINDOWS\System32\Wbem;C:\WINDOWS\System32\WindowsPowerShell\v1.0\;;C:\WINDOWS\System32\OpenSSH\;C:\Users\ervin_1nmnhvl\AppData\Local\Microsoft\WindowsApps
USERNAME=ervin_1nmnhvl
OS=Windows_NT
PROCESSOR_IDENTIFIER=Intel64 Family 6 Model 42 Stepping 7, GenuineIntel



---------------  S Y S T E M  ---------------

OS: Windows 10.0 , 64 bit Build 19041 (10.0.19041.292)

CPU:total 4 (2 cores per cpu, 2 threads per core) family 6 model 42 stepping 7, cmov, cx8, fxsr, mmx, sse, sse2, sse3, ssse3, sse4.1, sse4.2, popcnt, avx, aes, clmul, ht, tsc, tscinvbit

Memory: 4k page, physical 8266764k(819020k free), swap 10363916k(5328k free)

vm_info: Java HotSpot(TM) 64-Bit Server VM (25.51-b03) for windows-amd64 JRE (1.8.0_51-b16), built on Jun  8 2015 18:03:07 by "java_re" with MS VC++ 10.0 (VS2010)

time: Thu Jul 23 12:05:23 2020
elapsed time: 282 seconds (0d 0h 4m 42s)

