#
# There is insufficient memory for the Java Runtime Environment to continue.
# Native memory allocation (malloc) failed to allocate 1785776 bytes for Chunk::new
# Possible reasons:
#   The system is out of physical RAM or swap space
#   In 32 bit mode, the process size limit was hit
# Possible solutions:
#   Reduce memory load on the system
#   Increase physical memory or swap space
#   Check if swap backing store is full
#   Use 64 bit Java on a 64 bit OS
#   Decrease Java heap size (-Xmx/-Xms)
#   Decrease number of Java threads
#   Decrease Java thread stack sizes (-Xss)
#   Set larger code cache with -XX:ReservedCodeCacheSize=
# This output file may be truncated or incomplete.
#
#  Out of Memory Error (allocation.cpp:390), pid=18812, tid=14228
#
# JRE version: Java(TM) SE Runtime Environment (8.0_51-b16) (build 1.8.0_51-b16)
# Java VM: Java HotSpot(TM) 64-Bit Server VM (25.51-b03 mixed mode windows-amd64 compressed oops)
# Failed to write core dump. Minidumps are not enabled by default on client versions of Windows
#

---------------  T H R E A D  ---------------

Current thread (0x0000000018d3e800):  JavaThread "C2 CompilerThread1" daemon [_thread_in_native, id=14228, stack(0x0000000018f80000,0x0000000019080000)]

Stack: [0x0000000018f80000,0x0000000019080000]
Native frames: (J=compiled Java code, j=interpreted, Vv=VM code, C=native code)
V  [jvm.dll+0x32b4ca]
V  [jvm.dll+0x2797e3]
V  [jvm.dll+0x27a479]
V  [jvm.dll+0x271765]
V  [jvm.dll+0xcba02]
V  [jvm.dll+0xcbecc]
V  [jvm.dll+0x476f72]
V  [jvm.dll+0x4b95ff]
V  [jvm.dll+0x46c011]
V  [jvm.dll+0x46cd4e]
V  [jvm.dll+0x4501a2]
V  [jvm.dll+0xa43a2]
V  [jvm.dll+0xa4cdf]
V  [jvm.dll+0x2418a4]
V  [jvm.dll+0x29846a]
C  [msvcr100.dll+0x21d9f]
C  [msvcr100.dll+0x21e3b]
C  [KERNEL32.DLL+0x17bd4]
C  [ntdll.dll+0x6ce51]


Current CompileTask:
C2: 181638 19824       4       net.minecraft.world.TrackedEntity::tick (1101 bytes)


---------------  P R O C E S S  ---------------

Java Threads: ( => current thread )
  0x000000001a412800 JavaThread "Server-Worker-13" daemon [_thread_in_Java, id=18488, stack(0x000000002deb0000,0x000000002dfb0000)]
  0x0000000024a85800 JavaThread "Sound engine" daemon [_thread_blocked, id=16664, stack(0x00000000206b0000,0x00000000207b0000)]
  0x0000000024a87800 JavaThread "Server-Worker-12" daemon [_thread_blocked, id=16920, stack(0x0000000039fb0000,0x000000003a0b0000)]
  0x0000000024a84000 JavaThread "Netty Server IO #1" daemon [_thread_in_native, id=18604, stack(0x000000003af00000,0x000000003b000000)]
  0x000000001a415800 JavaThread "Netty Local Client IO #0" daemon [_thread_blocked, id=1964, stack(0x0000000038d20000,0x0000000038e20000)]
  0x000000001a41c800 JavaThread "Keep-Alive-Timer" daemon [_thread_blocked, id=2008, stack(0x000000002f9e0000,0x000000002fae0000)]
  0x000000001a413800 JavaThread "Netty Server IO #0" daemon [_thread_in_native, id=9008, stack(0x000000002f0e0000,0x000000002f1e0000)]
  0x000000001a41a800 JavaThread "ObjectCleanerThread" daemon [_thread_blocked, id=3948, stack(0x0000000029cd0000,0x0000000029dd0000)]
  0x000000001a41b000 JavaThread "Server-Worker-10" daemon [_thread_blocked, id=2572, stack(0x0000000038e20000,0x0000000038f20000)]
  0x000000001a420800 JavaThread "Java2D Disposer" daemon [_thread_blocked, id=12356, stack(0x0000000038f20000,0x0000000039020000)]
  0x000000001a414000 JavaThread "poi IO worker" [_thread_blocked, id=3164, stack(0x000000002e500000,0x000000002e600000)]
  0x000000001a417000 JavaThread "chunk IO worker" [_thread_blocked, id=16848, stack(0x000000002e400000,0x000000002e500000)]
  0x000000001a419800 JavaThread "Thread-12" daemon [_thread_in_native, id=9932, stack(0x00000000271d0000,0x00000000272d0000)]
  0x000000001a418800 JavaThread "Server thread" [_thread_in_Java, id=10812, stack(0x00000000209c0000,0x0000000020ac0000)]
  0x000000001a411000 JavaThread "Snooper Timer" daemon [_thread_blocked, id=17944, stack(0x0000000000ae0000,0x0000000000be0000)]
  0x0000000024a89000 JavaThread "Narrator" [_thread_blocked, id=2444, stack(0x0000000029630000,0x0000000029730000)]
  0x0000000024a83000 JavaThread "Timer hack thread" daemon [_thread_blocked, id=12936, stack(0x0000000027ad0000,0x0000000027bd0000)]
  0x00000000218c0000 JavaThread "Snooper Timer" daemon [_thread_blocked, id=19292, stack(0x000000001c060000,0x000000001c160000)]
  0x000000001968e800 JavaThread "pool-2-thread-1" daemon [_thread_blocked, id=11776, stack(0x00000000204a0000,0x00000000205a0000)]
  0x0000000019bd7000 JavaThread "Thread-2" daemon [_thread_in_native, id=15216, stack(0x000000001c880000,0x000000001c980000)]
  0x0000000019bd6800 JavaThread "Thread-1" daemon [_thread_blocked, id=10628, stack(0x000000001c780000,0x000000001c880000)]
  0x00000000191c8800 JavaThread "Service Thread" daemon [_thread_blocked, id=14912, stack(0x0000000019980000,0x0000000019a80000)]
  0x0000000018d53000 JavaThread "C1 CompilerThread2" daemon [_thread_in_native, id=8356, stack(0x0000000019080000,0x0000000019180000)]
=>0x0000000018d3e800 JavaThread "C2 CompilerThread1" daemon [_thread_in_native, id=14228, stack(0x0000000018f80000,0x0000000019080000)]
  0x0000000018d3e000 JavaThread "C2 CompilerThread0" daemon [_thread_in_native, id=16832, stack(0x0000000018e80000,0x0000000018f80000)]
  0x0000000018d37800 JavaThread "Monitor Ctrl-Break" daemon [_thread_in_native, id=3368, stack(0x0000000018d80000,0x0000000018e80000)]
  0x0000000017416800 JavaThread "Attach Listener" daemon [_thread_blocked, id=15680, stack(0x0000000018880000,0x0000000018980000)]
  0x0000000017415000 JavaThread "Signal Dispatcher" daemon [_thread_blocked, id=1084, stack(0x0000000018780000,0x0000000018880000)]
  0x00000000027da800 JavaThread "Finalizer" daemon [_thread_blocked, id=10372, stack(0x0000000018680000,0x0000000018780000)]
  0x00000000027d7000 JavaThread "Reference Handler" daemon [_thread_blocked, id=15968, stack(0x0000000018580000,0x0000000018680000)]
  0x00000000026e2800 JavaThread "Render thread" [_thread_in_Java, id=7392, stack(0x0000000002540000,0x0000000002640000)]

Other Threads:
  0x00000000173d9800 VMThread [stack: 0x0000000018480000,0x0000000018580000] [id=12032]
  0x00000000191e3000 WatcherThread [stack: 0x0000000019a80000,0x0000000019b80000] [id=10312]

VM state:not at safepoint (normal execution)

VM Mutex/Monitor currently owned by a thread: None

Heap:
 PSYoungGen      total 556032K, used 343496K [0x00000000d5f00000, 0x0000000100000000, 0x0000000100000000)
  eden space 422912K, 81% used [0x00000000d5f00000,0x00000000eae72150,0x00000000efc00000)
  from space 133120K, 0% used [0x00000000efc00000,0x00000000efc00000,0x00000000f7e00000)
  to   space 133120K, 0% used [0x00000000f7e00000,0x00000000f7e00000,0x0000000100000000)
 ParOldGen       total 338432K, used 338217K [0x0000000081c00000, 0x0000000096680000, 0x00000000d5f00000)
  object space 338432K, 99% used [0x0000000081c00000,0x000000009664a680,0x0000000096680000)
 Metaspace       used 87660K, capacity 98426K, committed 98560K, reserved 1132544K
  class space    used 12657K, capacity 15239K, committed 15360K, reserved 1048576K

Card table byte_map: [0x0000000011ca0000,0x00000000120a0000] byte_map_base: 0x0000000011892000

Marking Bits: (ParMarkBitMap*) 0x0000000056524040
 Begin Bits: [0x0000000012750000, 0x00000000146e0000)
 End Bits:   [0x00000000146e0000, 0x0000000016670000)

Polling page: 0x00000000003f0000

CodeCache: size=245760Kb used=47026Kb max_used=47026Kb free=198733Kb
 bounds [0x00000000028e0000, 0x0000000005710000, 0x00000000118e0000]
 total_blobs=15932 nmethods=14270 adapters=1570
 compilation: enabled

Compilation events (10 events):
Event: 181.533 Thread 0x0000000018d53000 19882       2       net.minecraft.entity.ai.brain.Brain$$Lambda$4220/2134281698::<init> (20 bytes)
Event: 181.533 Thread 0x0000000018d53000 nmethod 19882 0x0000000005705ad0 code [0x0000000005705c20, 0x0000000005705d90]
Event: 181.533 Thread 0x0000000018d53000 19883       2       net.minecraft.entity.ai.brain.task.SwimTask::func_212832_a_ (10 bytes)
Event: 181.534 Thread 0x0000000018d53000 nmethod 19883 0x0000000005705e10 code [0x0000000005705f60, 0x0000000005706150]
Event: 181.536 Thread 0x0000000018d53000 19884       2       net.minecraft.world.lighting.LevelBasedGraph::propagateLevel (173 bytes)
Event: 181.537 Thread 0x0000000018d53000 nmethod 19884 0x0000000005706250 code [0x00000000057063e0, 0x00000000057067e8]
Event: 181.537 Thread 0x0000000018d53000 19886       2       net.minecraft.world.lighting.LevelBasedGraph::processUpdates (189 bytes)
Event: 181.538 Thread 0x0000000018d53000 nmethod 19886 0x0000000005706990 code [0x0000000005706b60, 0x0000000005706fe8]
Event: 181.538 Thread 0x0000000018d53000 19885       2       net.minecraft.world.lighting.LevelBasedGraph::propagateLevel (136 bytes)
Event: 181.539 Thread 0x0000000018d53000 nmethod 19885 0x0000000005707310 code [0x00000000057074c0, 0x00000000057078a8]

GC Heap History (10 events):
Event: 151.313 GC heap before
{Heap before GC invocations=90 (full 11):
 PSYoungGen      total 556032K, used 422912K [0x00000000d5f00000, 0x0000000100000000, 0x0000000100000000)
  eden space 422912K, 100% used [0x00000000d5f00000,0x00000000efc00000,0x00000000efc00000)
  from space 133120K, 0% used [0x00000000efc00000,0x00000000efc00000,0x00000000f7e00000)
  to   space 133120K, 0% used [0x00000000f7e00000,0x00000000f7e00000,0x0000000100000000)
 ParOldGen       total 338432K, used 338340K [0x0000000081c00000, 0x0000000096680000, 0x00000000d5f00000)
  object space 338432K, 99% used [0x0000000081c00000,0x00000000966690d0,0x0000000096680000)
 Metaspace       used 76497K, capacity 85268K, committed 85376K, reserved 1122304K
  class space    used 11132K, capacity 13340K, committed 13440K, reserved 1048576K
Event: 152.971 GC heap after
Heap after GC invocations=90 (full 11):
 PSYoungGen      total 556032K, used 47171K [0x00000000d5f00000, 0x0000000100000000, 0x0000000100000000)
  eden space 422912K, 11% used [0x00000000d5f00000,0x00000000d8d10fb0,0x00000000efc00000)
  from space 133120K, 0% used [0x00000000efc00000,0x00000000efc00000,0x00000000f7e00000)
  to   space 133120K, 0% used [0x00000000f7e00000,0x00000000f7e00000,0x0000000100000000)
 ParOldGen       total 338432K, used 338314K [0x0000000081c00000, 0x0000000096680000, 0x00000000d5f00000)
  object space 338432K, 99% used [0x0000000081c00000,0x0000000096662aa0,0x0000000096680000)
 Metaspace       used 76497K, capacity 85268K, committed 85376K, reserved 1122304K
  class space    used 11132K, capacity 13340K, committed 13440K, reserved 1048576K
}
Event: 162.885 GC heap before
{Heap before GC invocations=91 (full 12):
 PSYoungGen      total 556032K, used 422912K [0x00000000d5f00000, 0x0000000100000000, 0x0000000100000000)
  eden space 422912K, 100% used [0x00000000d5f00000,0x00000000efc00000,0x00000000efc00000)
  from space 133120K, 0% used [0x00000000efc00000,0x00000000efc00000,0x00000000f7e00000)
  to   space 133120K, 0% used [0x00000000f7e00000,0x00000000f7e00000,0x0000000100000000)
 ParOldGen       total 338432K, used 338317K [0x0000000081c00000, 0x0000000096680000, 0x00000000d5f00000)
  object space 338432K, 99% used [0x0000000081c00000,0x0000000096663608,0x0000000096680000)
 Metaspace       used 80397K, capacity 89664K, committed 89984K, reserved 1126400K
  class space    used 11607K, capacity 13862K, committed 13952K, reserved 1048576K
Event: 164.847 GC heap after
Heap after GC invocations=91 (full 12):
 PSYoungGen      total 556032K, used 57393K [0x00000000d5f00000, 0x0000000100000000, 0x0000000100000000)
  eden space 422912K, 13% used [0x00000000d5f00000,0x00000000d970c4e0,0x00000000efc00000)
  from space 133120K, 0% used [0x00000000efc00000,0x00000000efc00000,0x00000000f7e00000)
  to   space 133120K, 0% used [0x00000000f7e00000,0x00000000f7e00000,0x0000000100000000)
 ParOldGen       total 338432K, used 338397K [0x0000000081c00000, 0x0000000096680000, 0x00000000d5f00000)
  object space 338432K, 99% used [0x0000000081c00000,0x0000000096677778,0x0000000096680000)
 Metaspace       used 80397K, capacity 89664K, committed 89984K, reserved 1126400K
  class space    used 11607K, capacity 13862K, committed 13952K, reserved 1048576K
}
Event: 169.962 GC heap before
{Heap before GC invocations=92 (full 13):
 PSYoungGen      total 556032K, used 422912K [0x00000000d5f00000, 0x0000000100000000, 0x0000000100000000)
  eden space 422912K, 100% used [0x00000000d5f00000,0x00000000efc00000,0x00000000efc00000)
  from space 133120K, 0% used [0x00000000efc00000,0x00000000efc00000,0x00000000f7e00000)
  to   space 133120K, 0% used [0x00000000f7e00000,0x00000000f7e00000,0x0000000100000000)
 ParOldGen       total 338432K, used 338397K [0x0000000081c00000, 0x0000000096680000, 0x00000000d5f00000)
  object space 338432K, 99% used [0x0000000081c00000,0x0000000096677778,0x0000000096680000)
 Metaspace       used 83258K, capacity 93024K, committed 93184K, reserved 1128448K
  class space    used 11997K, capacity 14334K, committed 14336K, reserved 1048576K
Event: 170.774 GC heap after
Heap after GC invocations=92 (full 13):
 PSYoungGen      total 556032K, used 0K [0x00000000d5f00000, 0x0000000100000000, 0x0000000100000000)
  eden space 422912K, 0% used [0x00000000d5f00000,0x00000000d5f00000,0x00000000efc00000)
  from space 133120K, 0% used [0x00000000efc00000,0x00000000efc00000,0x00000000f7e00000)
  to   space 133120K, 0% used [0x00000000f7e00000,0x00000000f7e00000,0x0000000100000000)
 ParOldGen       total 338432K, used 317130K [0x0000000081c00000, 0x0000000096680000, 0x00000000d5f00000)
  object space 338432K, 93% used [0x0000000081c00000,0x00000000951b2950,0x0000000096680000)
 Metaspace       used 83258K, capacity 93024K, committed 93184K, reserved 1128448K
  class space    used 11997K, capacity 14334K, committed 14336K, reserved 1048576K
}
Event: 172.331 GC heap before
{Heap before GC invocations=93 (full 14):
 PSYoungGen      total 556032K, used 422912K [0x00000000d5f00000, 0x0000000100000000, 0x0000000100000000)
  eden space 422912K, 100% used [0x00000000d5f00000,0x00000000efc00000,0x00000000efc00000)
  from space 133120K, 0% used [0x00000000efc00000,0x00000000efc00000,0x00000000f7e00000)
  to   space 133120K, 0% used [0x00000000f7e00000,0x00000000f7e00000,0x0000000100000000)
 ParOldGen       total 338432K, used 317130K [0x0000000081c00000, 0x0000000096680000, 0x00000000d5f00000)
  object space 338432K, 93% used [0x0000000081c00000,0x00000000951b2950,0x0000000096680000)
 Metaspace       used 84791K, capacity 94880K, committed 95104K, reserved 1130496K
  class space    used 12274K, capacity 14716K, committed 14720K, reserved 1048576K
Event: 173.970 GC heap after
Heap after GC invocations=93 (full 14):
 PSYoungGen      total 556032K, used 100077K [0x00000000d5f00000, 0x0000000100000000, 0x0000000100000000)
  eden space 422912K, 23% used [0x00000000d5f00000,0x00000000dc0bb510,0x00000000efc00000)
  from space 133120K, 0% used [0x00000000efc00000,0x00000000efc00000,0x00000000f7e00000)
  to   space 133120K, 0% used [0x00000000f7e00000,0x00000000f7e00000,0x0000000100000000)
 ParOldGen       total 338432K, used 338382K [0x0000000081c00000, 0x0000000096680000, 0x00000000d5f00000)
  object space 338432K, 99% used [0x0000000081c00000,0x0000000096673840,0x0000000096680000)
 Metaspace       used 84791K, capacity 94880K, committed 95104K, reserved 1130496K
  class space    used 12274K, capacity 14716K, committed 14720K, reserved 1048576K
}
Event: 176.562 GC heap before
{Heap before GC invocations=94 (full 15):
 PSYoungGen      total 556032K, used 422912K [0x00000000d5f00000, 0x0000000100000000, 0x0000000100000000)
  eden space 422912K, 100% used [0x00000000d5f00000,0x00000000efc00000,0x00000000efc00000)
  from space 133120K, 0% used [0x00000000efc00000,0x00000000efc00000,0x00000000f7e00000)
  to   space 133120K, 0% used [0x00000000f7e00000,0x00000000f7e00000,0x0000000100000000)
 ParOldGen       total 338432K, used 338382K [0x0000000081c00000, 0x0000000096680000, 0x00000000d5f00000)
  object space 338432K, 99% used [0x0000000081c00000,0x0000000096673840,0x0000000096680000)
 Metaspace       used 86474K, capacity 96828K, committed 96896K, reserved 1130496K
  class space    used 12455K, capacity 14944K, committed 14976K, reserved 1048576K
Event: 177.950 GC heap after
Heap after GC invocations=94 (full 15):
 PSYoungGen      total 556032K, used 26214K [0x00000000d5f00000, 0x0000000100000000, 0x0000000100000000)
  eden space 422912K, 6% used [0x00000000d5f00000,0x00000000d78998e0,0x00000000efc00000)
  from space 133120K, 0% used [0x00000000efc00000,0x00000000efc00000,0x00000000f7e00000)
  to   space 133120K, 0% used [0x00000000f7e00000,0x00000000f7e00000,0x0000000100000000)
 ParOldGen       total 338432K, used 338217K [0x0000000081c00000, 0x0000000096680000, 0x00000000d5f00000)
  object space 338432K, 99% used [0x0000000081c00000,0x000000009664a680,0x0000000096680000)
 Metaspace       used 86474K, capacity 96828K, committed 96896K, reserved 1130496K
  class space    used 12455K, capacity 14944K, committed 14976K, reserved 1048576K
}

Deoptimization events (10 events):
Event: 180.559 Thread 0x00000000026e2800 Uncommon trap: reason=class_check action=maybe_recompile pc=0x00000000056545f4 method=net.minecraft.entity.Entity.getBrightness()F @ 22
Event: 180.773 Thread 0x000000001a41b000 Uncommon trap: reason=unstable_if action=reinterpret pc=0x00000000035e0bac method=net.minecraft.world.lighting.SkyLightStorage.getLightOrDefault(J)I @ 41
Event: 180.773 Thread 0x000000001a41b000 Uncommon trap: reason=unstable_if action=reinterpret pc=0x000000000542e7bc method=net.minecraft.world.lighting.BlockLightStorage.getLightOrDefault(J)I @ 15
Event: 180.801 Thread 0x0000000024a87800 Uncommon trap: reason=bimorphic action=maybe_recompile pc=0x0000000004ee8f54 method=net.minecraft.world.gen.Heightmap.update(IIILnet/minecraft/block/BlockState;)Z @ 101
Event: 180.802 Thread 0x0000000024a87800 Uncommon trap: reason=bimorphic action=maybe_recompile pc=0x0000000004ee8f54 method=net.minecraft.world.gen.Heightmap.update(IIILnet/minecraft/block/BlockState;)Z @ 101
Event: 180.892 Thread 0x000000001a412800 Uncommon trap: reason=unstable_if action=reinterpret pc=0x00000000034d44bc method=net.minecraft.world.chunk.ChunkPrimerWrapper.func_209532_c(Lnet/minecraft/world/gen/Heightmap$Type;)Lnet/minecraft/world/gen/Heightmap$Type; @ 15
Event: 181.485 Thread 0x000000001a418800 Uncommon trap: reason=unstable_if action=reinterpret pc=0x00000000053b795c method=net.minecraft.util.math.shapes.VoxelShapes.compare(Lnet/minecraft/util/math/shapes/VoxelShape;Lnet/minecraft/util/math/shapes/VoxelShape;Lnet/minecraft/util/math/shapes/IBoolšç-Ã$±f@
Event: 181.536 Thread 0x000000001a41b000 Uncommon trap: reason=unstable_if action=reinterpret pc=0x0000000003a9db20 method=net.minecraft.world.lighting.LevelBasedGraph.processUpdates(I)I @ 98
Event: 181.536 Thread 0x000000001a41b000 Uncommon trap: reason=unstable_if action=reinterpret pc=0x0000000004be4148 method=net.minecraft.world.lighting.LevelBasedGraph.propagateLevel(JJIZ)V @ 38
Event: 181.536 Thread 0x000000001a41b000 Uncommon trap: reason=unstable_if action=reinterpret pc=0x0000000004beb828 method=net.minecraft.world.lighting.LevelBasedGraph.propagateLevel(JJIIIZ)V @ 157

Internal exceptions (10 events):
Event: 180.219 Thread 0x00000000026e2800 Exception <a 'sun/nio/fs/WindowsException'> (0x00000000e336c250) thrown at [C:\re\workspace\8-2-build-windows-amd64-cygwin\jdk8u51\3951\hotspot\src\share\vm\prims\jni.cpp, line 709]
Event: 180.255 Thread 0x00000000026e2800 Exception <a 'sun/nio/fs/WindowsException'> (0x00000000e336c960) thrown at [C:\re\workspace\8-2-build-windows-amd64-cygwin\jdk8u51\3951\hotspot\src\share\vm\prims\jni.cpp, line 709]
Event: 180.255 Thread 0x00000000026e2800 Exception <a 'sun/nio/fs/WindowsException'> (0x00000000e336dac8) thrown at [C:\re\workspace\8-2-build-windows-amd64-cygwin\jdk8u51\3951\hotspot\src\share\vm\prims\jni.cpp, line 709]
Event: 180.255 Thread 0x00000000026e2800 Exception <a 'sun/nio/fs/WindowsException'> (0x00000000e336e0f8) thrown at [C:\re\workspace\8-2-build-windows-amd64-cygwin\jdk8u51\3951\hotspot\src\share\vm\prims\jni.cpp, line 709]
Event: 180.265 Thread 0x00000000026e2800 Exception <a 'sun/nio/fs/WindowsException'> (0x00000000e3fc8360) thrown at [C:\re\workspace\8-2-build-windows-amd64-cygwin\jdk8u51\3951\hotspot\src\share\vm\prims\jni.cpp, line 709]
Event: 180.265 Thread 0x00000000026e2800 Exception <a 'sun/nio/fs/WindowsException'> (0x00000000e3fc8aa0) thrown at [C:\re\workspace\8-2-build-windows-amd64-cygwin\jdk8u51\3951\hotspot\src\share\vm\prims\jni.cpp, line 709]
Event: 180.265 Thread 0x00000000026e2800 Exception <a 'sun/nio/fs/WindowsException'> (0x00000000e3fc9cd8) thrown at [C:\re\workspace\8-2-build-windows-amd64-cygwin\jdk8u51\3951\hotspot\src\share\vm\prims\jni.cpp, line 709]
Event: 180.266 Thread 0x00000000026e2800 Exception <a 'sun/nio/fs/WindowsException'> (0x00000000e3fca418) thrown at [C:\re\workspace\8-2-build-windows-amd64-cygwin\jdk8u51\3951\hotspot\src\share\vm\prims\jni.cpp, line 709]
Event: 180.266 Thread 0x00000000026e2800 Exception <a 'sun/nio/fs/WindowsException'> (0x00000000e3fcb5f0) thrown at [C:\re\workspace\8-2-build-windows-amd64-cygwin\jdk8u51\3951\hotspot\src\share\vm\prims\jni.cpp, line 709]
Event: 180.266 Thread 0x00000000026e2800 Exception <a 'sun/nio/fs/WindowsException'> (0x00000000e3fcbe20) thrown at [C:\re\workspace\8-2-build-windows-amd64-cygwin\jdk8u51\3951\hotspot\src\share\vm\prims\jni.cpp, line 709]

Events (10 events):
Event: 181.485 Thread 0x000000001a418800 DEOPT UNPACKING pc=0x000000000292582a sp=0x0000000020abe378 mode 2
Event: 181.536 Thread 0x000000001a41b000 Uncommon trap: trap_request=0xffffff65 fr.pc=0x0000000003a9db20
Event: 181.536 Thread 0x000000001a41b000 DEOPT PACKING pc=0x0000000003a9db20 sp=0x0000000038f1eec0
Event: 181.536 Thread 0x000000001a41b000 DEOPT UNPACKING pc=0x000000000292582a sp=0x0000000038f1ee68 mode 2
Event: 181.536 Thread 0x000000001a41b000 Uncommon trap: trap_request=0xffffff65 fr.pc=0x0000000004be4148
Event: 181.536 Thread 0x000000001a41b000 DEOPT PACKING pc=0x0000000004be4148 sp=0x0000000038f1ed40
Event: 181.536 Thread 0x000000001a41b000 DEOPT UNPACKING pc=0x000000000292582a sp=0x0000000038f1ecf8 mode 2
Event: 181.536 Thread 0x000000001a41b000 Uncommon trap: trap_request=0xffffff65 fr.pc=0x0000000004beb828
Event: 181.536 Thread 0x000000001a41b000 DEOPT PACKING pc=0x0000000004beb828 sp=0x0000000038f1ec70
Event: 181.536 Thread 0x000000001a41b000 DEOPT UNPACKING pc=0x000000000292582a sp=0x0000000038f1ec28 mode 2


Dynamic libraries:
0x00007ff6cf290000 - 0x00007ff6cf2c7000 	C:\Program Files (x86)\Minecraft\runtime\jre-x64\bin\java.exe
0x00007ffdcbf40000 - 0x00007ffdcc130000 	C:\WINDOWS\SYSTEM32\ntdll.dll
0x00007ffdca530000 - 0x00007ffdca5e2000 	C:\WINDOWS\System32\KERNEL32.DLL
0x00007ffdc9410000 - 0x00007ffdc96b3000 	C:\WINDOWS\System32\KERNELBASE.dll
0x00007ffdcbb90000 - 0x00007ffdcbc33000 	C:\WINDOWS\System32\ADVAPI32.dll
0x00007ffdcaef0000 - 0x00007ffdcaf8e000 	C:\WINDOWS\System32\msvcrt.dll
0x00007ffdca490000 - 0x00007ffdca527000 	C:\WINDOWS\System32\sechost.dll
0x00007ffdcaf90000 - 0x00007ffdcb0b0000 	C:\WINDOWS\System32\RPCRT4.dll
0x00007ffdcb9f0000 - 0x00007ffdcbb84000 	C:\WINDOWS\System32\USER32.dll
0x00007ffdc8f40000 - 0x00007ffdc8f61000 	C:\WINDOWS\System32\win32u.dll
0x00007ffdc9ff0000 - 0x00007ffdca016000 	C:\WINDOWS\System32\GDI32.dll
0x00007ffdc9070000 - 0x00007ffdc9204000 	C:\WINDOWS\System32\gdi32full.dll
0x00007ffdc9f50000 - 0x00007ffdc9fee000 	C:\WINDOWS\System32\msvcp_win.dll
0x00007ffdc8f70000 - 0x00007ffdc906a000 	C:\WINDOWS\System32\ucrtbase.dll
0x00007ffdb0640000 - 0x00007ffdb08c5000 	C:\WINDOWS\WinSxS\amd64_microsoft.windows.common-controls_6595b64144ccf1df_6.0.18362.778_none_e6c6b761130d4fb8\COMCTL32.dll
0x00007ffdcb0b0000 - 0x00007ffdcb3e6000 	C:\WINDOWS\System32\combase.dll
0x00007ffdc9ed0000 - 0x00007ffdc9f50000 	C:\WINDOWS\System32\bcryptPrimitives.dll
0x00007ffdcb6a0000 - 0x00007ffdcb6ce000 	C:\WINDOWS\System32\IMM32.DLL
0x00000000565b0000 - 0x0000000056682000 	C:\Program Files (x86)\Minecraft\runtime\jre-x64\bin\msvcr100.dll
0x0000000055d20000 - 0x00000000565a3000 	C:\Program Files (x86)\Minecraft\runtime\jre-x64\bin\server\jvm.dll
0x00007ffdcb680000 - 0x00007ffdcb688000 	C:\WINDOWS\System32\PSAPI.DLL
0x00007ffdc3af0000 - 0x00007ffdc3b14000 	C:\WINDOWS\SYSTEM32\WINMM.dll
0x00007ffdc2ce0000 - 0x00007ffdc2cea000 	C:\WINDOWS\SYSTEM32\VERSION.dll
0x00007ffdad2d0000 - 0x00007ffdad2d9000 	C:\WINDOWS\SYSTEM32\WSOCK32.dll
0x00007ffdcbdc0000 - 0x00007ffdcbe2f000 	C:\WINDOWS\System32\WS2_32.dll
0x00007ffdc3ac0000 - 0x00007ffdc3aed000 	C:\WINDOWS\SYSTEM32\WINMMBASE.dll
0x00007ffdc8ed0000 - 0x00007ffdc8f1a000 	C:\WINDOWS\System32\cfgmgr32.dll
0x0000000055d10000 - 0x0000000055d1f000 	C:\Program Files (x86)\Minecraft\runtime\jre-x64\bin\verify.dll
0x0000000055ce0000 - 0x0000000055d09000 	C:\Program Files (x86)\Minecraft\runtime\jre-x64\bin\java.dll
0x0000000055cb0000 - 0x0000000055cd3000 	C:\Program Files (x86)\Minecraft\runtime\jre-x64\bin\instrument.dll
0x0000000055c90000 - 0x0000000055ca6000 	C:\Program Files (x86)\Minecraft\runtime\jre-x64\bin\zip.dll
0x00007ffdca800000 - 0x00007ffdcaee5000 	C:\WINDOWS\System32\SHELL32.dll
0x00007ffdcb6d0000 - 0x00007ffdcb779000 	C:\WINDOWS\System32\shcore.dll
0x00007ffdc96c0000 - 0x00007ffdc9e40000 	C:\WINDOWS\System32\windows.storage.dll
0x00007ffdc8e80000 - 0x00007ffdc8ea3000 	C:\WINDOWS\System32\profapi.dll
0x00007ffdc8e30000 - 0x00007ffdc8e7a000 	C:\WINDOWS\System32\powrprof.dll
0x00007ffdc8e00000 - 0x00007ffdc8e10000 	C:\WINDOWS\System32\UMPDC.dll
0x00007ffdcb620000 - 0x00007ffdcb672000 	C:\WINDOWS\System32\shlwapi.dll
0x00007ffdc8eb0000 - 0x00007ffdc8ec1000 	C:\WINDOWS\System32\kernel.appcore.dll
0x00007ffdc8f20000 - 0x00007ffdc8f37000 	C:\WINDOWS\System32\cryptsp.dll
0x00007ffdc56d0000 - 0x00007ffdc56ea000 	C:\Users\ervin_1nmnhvl\AppData\Local\JetBrains\Toolbox\apps\IDEA-U\ch-0\201.6668.121\bin\breakgen64.dll
0x0000000055c70000 - 0x0000000055c8a000 	C:\Program Files (x86)\Minecraft\runtime\jre-x64\bin\net.dll
0x00007ffdc8620000 - 0x00007ffdc8687000 	C:\WINDOWS\system32\mswsock.dll
0x0000000055c60000 - 0x0000000055c6d000 	C:\Program Files (x86)\Minecraft\runtime\jre-x64\bin\management.dll
0x00007ffdc2ec0000 - 0x00007ffdc2ed6000 	C:\WINDOWS\system32\napinsp.dll
0x00007ffdbd920000 - 0x00007ffdbd93a000 	C:\WINDOWS\system32\pnrpnsp.dll
0x00007ffdc8380000 - 0x00007ffdc844a000 	C:\WINDOWS\SYSTEM32\DNSAPI.dll
0x00007ffdcbcc0000 - 0x00007ffdcbcc8000 	C:\WINDOWS\System32\NSI.dll
0x00007ffdc8340000 - 0x00007ffdc837a000 	C:\WINDOWS\SYSTEM32\IPHLPAPI.DLL
0x00007ffdc6ac0000 - 0x00007ffdc6ace000 	C:\WINDOWS\System32\winrnr.dll
0x00007ffdc5360000 - 0x00007ffdc537c000 	C:\WINDOWS\system32\NLAapi.dll
0x00007ffdc47e0000 - 0x00007ffdc47f5000 	C:\WINDOWS\system32\wshbth.dll
0x00007ffdbba60000 - 0x00007ffdbba6a000 	C:\Windows\System32\rasadhlp.dll
0x00007ffdbc050000 - 0x00007ffdbc0c7000 	C:\WINDOWS\System32\fwpuclnt.dll
0x00007ffdc9e40000 - 0x00007ffdc9e66000 	C:\WINDOWS\System32\bcrypt.dll
0x00007ffdbe230000 - 0x00007ffdbe246000 	C:\WINDOWS\SYSTEM32\dhcpcsvc6.DLL
0x00007ffdbe1d0000 - 0x00007ffdbe1ec000 	C:\WINDOWS\SYSTEM32\dhcpcsvc.DLL
0x00007ffdc7f30000 - 0x00007ffdc7f63000 	C:\WINDOWS\system32\rsaenh.dll
0x00007ffdc8d20000 - 0x00007ffdc8d45000 	C:\WINDOWS\SYSTEM32\USERENV.dll
0x00007ffdc87a0000 - 0x00007ffdc87ac000 	C:\WINDOWS\SYSTEM32\CRYPTBASE.dll
0x0000000055c40000 - 0x0000000055c51000 	C:\Program Files (x86)\Minecraft\runtime\jre-x64\bin\nio.dll
0x0000000055c10000 - 0x0000000055c34000 	C:\Program Files (x86)\Minecraft\runtime\jre-x64\bin\sunec.dll
0x00007ffdb5df0000 - 0x00007ffdb5e62000 	C:\Users\ervin_1nmnhvl\AppData\Local\Temp\lwjglervin_1nmnhvl\3.2.2-build-10\lwjgl.dll
0x00007ffd90600000 - 0x00007ffd90851000 	C:\Users\ERVIN_~1\AppData\Local\Temp\lwjglervin_1nmnhvl\3.2.2-build-10\jemalloc.dll
0x00007ffdb5d90000 - 0x00007ffdb5dee000 	C:\Users\ERVIN_~1\AppData\Local\Temp\lwjglervin_1nmnhvl\3.2.2-build-10\glfw.dll
0x00007ffdc6d60000 - 0x00007ffdc6df9000 	C:\WINDOWS\system32\uxtheme.dll
0x00007ffdc7220000 - 0x00007ffdc724d000 	C:\WINDOWS\SYSTEM32\dwmapi.dll
0x00007ffdb9610000 - 0x00007ffdb972a000 	C:\WINDOWS\SYSTEM32\inputhost.dll
0x00007ffdc64c0000 - 0x00007ffdc6594000 	C:\WINDOWS\SYSTEM32\CoreMessaging.dll
0x00007ffdc51c0000 - 0x00007ffdc52af000 	C:\WINDOWS\SYSTEM32\PROPSYS.dll
0x00007ffdcb3f0000 - 0x00007ffdcb4b4000 	C:\WINDOWS\System32\OLEAUT32.dll
0x00007ffdc4800000 - 0x00007ffdc4953000 	C:\WINDOWS\SYSTEM32\wintypes.dll
0x00007ffdc1890000 - 0x00007ffdc1bba000 	C:\WINDOWS\SYSTEM32\CoreUIComponents.dll
0x00007ffdc7bb0000 - 0x00007ffdc7be1000 	C:\WINDOWS\SYSTEM32\ntmarta.dll
0x00007ffdcb830000 - 0x00007ffdcb966000 	C:\WINDOWS\System32\MSCTF.dll
0x00007ffd77d20000 - 0x00007ffd77e76000 	C:\WINDOWS\SYSTEM32\opengl32.dll
0x00007ffdb7050000 - 0x00007ffdb707c000 	C:\WINDOWS\SYSTEM32\GLU32.dll
0x00007ffdc77c0000 - 0x00007ffdc77e0000 	C:\WINDOWS\SYSTEM32\dxcore.dll
0x00007ffd7e530000 - 0x00007ffd7f1b4000 	C:\WINDOWS\SYSTEM32\ig4icd64.dll
0x00007ffdc7850000 - 0x00007ffdc793b000 	C:\WINDOWS\SYSTEM32\dxgi.dll
0x00007ffdc5e00000 - 0x00007ffdc605b000 	C:\WINDOWS\SYSTEM32\d3d11.dll
0x00007ffdb97b0000 - 0x00007ffdb984e000 	C:\WINDOWS\System32\TextInputFramework.dll
0x00007ffdbf070000 - 0x00007ffdbf316000 	C:\WINDOWS\System32\iertutil.dll
0x00007ffda3ca0000 - 0x00007ffda3cf8000 	C:\Users\ervin_1nmnhvl\AppData\Local\Temp\lwjglervin_1nmnhvl\3.2.2-build-10\lwjgl_opengl.dll
0x00007ffda1110000 - 0x00007ffda118f000 	C:\Users\ervin_1nmnhvl\AppData\Local\Temp\lwjglervin_1nmnhvl\3.2.2-build-10\lwjgl_stb.dll
0x00007ffdcb4c0000 - 0x00007ffdcb617000 	C:\WINDOWS\System32\ole32.dll
0x00007ffdb5cb0000 - 0x00007ffdb5cf3000 	C:\WINDOWS\SYSTEM32\dinput8.dll
0x00007ffdc4560000 - 0x00007ffdc4571000 	C:\WINDOWS\SYSTEM32\xinput1_4.dll
0x00007ffdc8c20000 - 0x00007ffdc8c4a000 	C:\WINDOWS\SYSTEM32\DEVOBJ.dll
0x00007ffdc7690000 - 0x00007ffdc769e000 	C:\WINDOWS\SYSTEM32\HID.DLL
0x00007ffdca020000 - 0x00007ffdca490000 	C:\WINDOWS\System32\SETUPAPI.DLL
0x00007ffdc9e70000 - 0x00007ffdc9ecc000 	C:\WINDOWS\System32\WINTRUST.dll
0x00007ffdc8e10000 - 0x00007ffdc8e22000 	C:\WINDOWS\System32\MSASN1.dll
0x00007ffdc9210000 - 0x00007ffdc9359000 	C:\WINDOWS\System32\CRYPT32.dll
0x00007ffd99530000 - 0x00007ffd9a180000 	C:\WINDOWS\SYSTEM32\igd10umd64.dll
0x00007ffdc4300000 - 0x00007ffdc43ae000 	C:\WINDOWS\SYSTEM32\mscms.dll
0x00007ffdc4240000 - 0x00007ffdc4257000 	C:\WINDOWS\SYSTEM32\ColorAdapterClient.dll
0x00007ffdb5c60000 - 0x00007ffdb5ca3000 	C:\WINDOWS\SYSTEM32\icm32.dll
0x00007ffda47b0000 - 0x00007ffda47f2000 	C:\Users\ervin_1nmnhvl\AppData\Local\Temp\jna-2118671535\jna1793518578310850728.dll
0x00007ffdc3d80000 - 0x00007ffdc3d9a000 	C:\save\modding\nimrod_mod_1\build\natives\SAPIWrapper_x64.dll
0x00007ffdcb780000 - 0x00007ffdcb822000 	C:\WINDOWS\System32\clbcatq.dll
0x00007ffd93960000 - 0x00007ffd93adf000 	C:\WINDOWS\System32\Speech\Common\sapi.dll
0x00007ffda8c30000 - 0x00007ffda8c4c000 	C:\WINDOWS\SYSTEM32\MSACM32.dll
0x00007ffdbd950000 - 0x00007ffdbd95b000 	C:\WINDOWS\SYSTEM32\msdmo.dll
0x00007ffdc08b0000 - 0x00007ffdc0922000 	C:\WINDOWS\System32\MMDevApi.dll
0x00007ffd94290000 - 0x00007ffd943a4000 	C:\Users\ERVIN_~1\AppData\Local\Temp\lwjglervin_1nmnhvl\3.2.2-build-10\OpenAL.dll
0x00007ffdc0980000 - 0x00007ffdc0add000 	C:\WINDOWS\SYSTEM32\AUDIOSES.DLL
0x00007ffdc7130000 - 0x00007ffdc7144000 	C:\WINDOWS\SYSTEM32\resourcepolicyclient.dll
0x0000000055a70000 - 0x0000000055c08000 	C:\Program Files (x86)\Minecraft\runtime\jre-x64\bin\awt.dll
0x00007ffdc6c20000 - 0x00007ffdc6caf000 	C:\WINDOWS\SYSTEM32\apphelp.dll
0x00007ffdbe810000 - 0x00007ffdbea04000 	C:\WINDOWS\SYSTEM32\dbghelp.dll

VM Arguments:
jvm_args: -Dforge.logging.console.level=debug -Dforge.logging.markers=SCAN,REGISTRIES,REGISTRYDUMP -XX:HeapDumpPath=MojangTricksIntelDriversForPerformance_javaw.exe_minecraft.exe.heapdump -Dos.name=Windows 10 -Dos.version=10.0 -javaagent:C:\Users\ervin_1nmnhvl\AppData\Local\JetBrains\Toolbox\apps\IDEA-U\ch-0\201.6668.121\lib\idea_rt.jar=53805:C:\Users\ervin_1nmnhvl\AppData\Local\JetBrains\Toolbox\apps\IDEA-U\ch-0\201.6668.121\bin -Dfile.encoding=UTF-8 
java_command: net.minecraftforge.userdev.LaunchTesting
java_class_path (initial): C:\Program Files (x86)\Minecraft\runtime\jre-x64\lib\charsets.jar;C:\Program Files (x86)\Minecraft\runtime\jre-x64\lib\deploy.jar;C:\Program Files (x86)\Minecraft\runtime\jre-x64\lib\ext\access-bridge-64.jar;C:\Program Files (x86)\Minecraft\runtime\jre-x64\lib\ext\cldrdata.jar;C:\Program Files (x86)\Minecraft\runtime\jre-x64\lib\ext\dnsns.jar;C:\Program Files (x86)\Minecraft\runtime\jre-x64\lib\ext\jaccess.jar;C:\Program Files (x86)\Minecraft\runtime\jre-x64\lib\ext\jfxrt.jar;C:\Program Files (x86)\Minecraft\runtime\jre-x64\lib\ext\localedata.jar;C:\Program Files (x86)\Minecraft\runtime\jre-x64\lib\ext\nashorn.jar;C:\Program Files (x86)\Minecraft\runtime\jre-x64\lib\ext\sunec.jar;C:\Program Files (x86)\Minecraft\runtime\jre-x64\lib\ext\sunjce_provider.jar;C:\Program Files (x86)\Minecraft\runtime\jre-x64\lib\ext\sunmscapi.jar;C:\Program Files (x86)\Minecraft\runtime\jre-x64\lib\ext\sunpkcs11.jar;C:\Program Files (x86)\Minecraft\runtime\jre-x64\lib\ext\zipfs.jar;C:\Program Files (x86)\Minecraft\runtime\jre-x64\lib\javaws.jar;C:\Program Files (x86)\Minecraft\runtime\jre-x64\lib\jce.jar;C:\Program Files (x86)\Minecraft\runtime\jre-x64\lib\jfr.jar;C:\Program Files (x86)\Minecraft\runtime\jre-x64\lib\jfxswt.jar;C:\Program Files (x86)\Minecraft\runtime\jre-x64\lib\jsse.jar;C:\Program Files (x86)\Minecraft\runtime\jre-x64\lib\management-agent.jar;C:\Program Files (x86)\Minecraft\runtime\jre-x64\lib\plugin.jar;C:\Program Files (x86)\Minecraft\runtime\jre-x64\lib\resources.jar;C:\Program Files (x86)\Minecraft\runtime\jre-x64\lib\rt.jar;C:\save\modding\nimrod_mod_1\build\classes\java\main;C:\save\modding\nimrod_mod_1\build\resources\main;C:\Users\ervin_1nmnhvl\.gradle\caches\forge_gradle\minecraft_user_repo\net\minecraftforge\forge\1.15.2-31.1.9_mapped_stable_60-1.15\forge-1.15.2-31.1.9_mapped_stable_60-1.15-recomp.jar;C:\Users\ervin_1nmnhvl\.gradle\caches\forge_gradle\minecraft_user_repo\net\minecraftforge\forge\1.15.2-31.1.9_mapped_stable_60-1.15
Launcher Type: SUN_STANDARD

Environment Variables:
JAVA_HOME=C:\Program Files\Java\jdk-11.0.4
PATH=C:\Program Files\Docker\Docker\Resources\bin;C:\ProgramData\Oracle\Java\javapath;C:\WINDOWS\system32;C:\WINDOWS;C:\WINDOWS\System32\Wbem;C:\WINDOWS\System32\WindowsPowerShell\v1.0\;C:\Program Files (x86)\cloudControl;C:\Program Files\Git\cmd;C:\bin;C:\Program Files (x86)\Windows Kits\8.1\Windows Performance Toolkit\;C:\Program Files (x86)\PuTTY\;C:\Program Files (x86)\Nodist\bin;G:\save\sdk\android\tools;G:\save\sdk\android\platform-tools;C:\boxfuse;C:\Program Files (x86)\Skype\Phone\;C:\Program Files (x86)\GtkSharp\2.12\bin;C:\Program Files (x86)\IVI Foundation\VISA\WinNT\Bin;C:\WINDOWS\system32;C:\WINDOWS;C:\WINDOWS\System32\Wbem;C:\WINDOWS\System32\WindowsPowerShell\v1.0\;;C:\WINDOWS\System32\OpenSSH\;C:\Users\ervin_1nmnhvl\AppData\Local\Microsoft\WindowsApps;
USERNAME=ervin_1nmnhvl
OS=Windows_NT
PROCESSOR_IDENTIFIER=Intel64 Family 6 Model 42 Stepping 7, GenuineIntel



---------------  S Y S T E M  ---------------

OS: Windows 10.0 , 64 bit Build 18362 (10.0.18362.778)

CPU:total 4 (2 cores per cpu, 2 threads per core) family 6 model 42 stepping 7, cmov, cx8, fxsr, mmx, sse, sse2, sse3, ssse3, sse4.1, sse4.2, popcnt, avx, aes, clmul, ht, tsc, tscinvbit

Memory: 4k page, physical 8266764k(562000k free), swap 10357616k(6520k free)

vm_info: Java HotSpot(TM) 64-Bit Server VM (25.51-b03) for windows-amd64 JRE (1.8.0_51-b16), built on Jun  8 2015 18:03:07 by "java_re" with MS VC++ 10.0 (VS2010)

time: Wed May 13 11:47:50 2020
elapsed time: 181 seconds (0d 0h 3m 1s)

