#
# There is insufficient memory for the Java Runtime Environment to continue.
# Native memory allocation (malloc) failed to allocate 1124720 bytes for Chunk::new
# Possible reasons:
#   The system is out of physical RAM or swap space
#   In 32 bit mode, the process size limit was hit
# Possible solutions:
#   Reduce memory load on the system
#   Increase physical memory or swap space
#   Check if swap backing store is full
#   Use 64 bit Java on a 64 bit OS
#   Decrease Java heap size (-Xmx/-Xms)
#   Decrease number of Java threads
#   Decrease Java thread stack sizes (-Xss)
#   Set larger code cache with -XX:ReservedCodeCacheSize=
# This output file may be truncated or incomplete.
#
#  Out of Memory Error (allocation.cpp:390), pid=16192, tid=8072
#
# JRE version: Java(TM) SE Runtime Environment (8.0_51-b16) (build 1.8.0_51-b16)
# Java VM: Java HotSpot(TM) 64-Bit Server VM (25.51-b03 mixed mode windows-amd64 compressed oops)
# Failed to write core dump. Minidumps are not enabled by default on client versions of Windows
#

---------------  T H R E A D  ---------------

Current thread (0x0000000018baa800):  JavaThread "C2 CompilerThread0" daemon [_thread_in_native, id=8072, stack(0x0000000018cf0000,0x0000000018df0000)]

Stack: [0x0000000018cf0000,0x0000000018df0000]
Native frames: (J=compiled Java code, j=interpreted, Vv=VM code, C=native code)
V  [jvm.dll+0x32b4ca]
V  [jvm.dll+0x2797e3]
V  [jvm.dll+0x27a479]
V  [jvm.dll+0x271765]
V  [jvm.dll+0xcba02]
V  [jvm.dll+0xcbecc]
V  [jvm.dll+0x492ad7]
V  [jvm.dll+0x45f98a]
V  [jvm.dll+0x46a7cb]
V  [jvm.dll+0x46cde2]
V  [jvm.dll+0x4501a2]
V  [jvm.dll+0xa43a2]
V  [jvm.dll+0xa4cdf]
V  [jvm.dll+0x2418a4]
V  [jvm.dll+0x29846a]
C  [msvcr100.dll+0x21d9f]
C  [msvcr100.dll+0x21e3b]
C  [KERNEL32.DLL+0x17034]
C  [ntdll.dll+0x4d0d1]


Current CompileTask:
C2:  61774 9241       4       com.google.gson.internal.bind.TypeAdapters$29::read (209 bytes)


---------------  P R O C E S S  ---------------

Java Threads: ( => current thread )
  0x0000000022e19000 JavaThread "Worker-Main-6" daemon [_thread_in_Java, id=11912, stack(0x000000002b190000,0x000000002b290000)]
  0x0000000022e18800 JavaThread "Forge Version Check" daemon [_thread_in_native, id=1264, stack(0x000000002b090000,0x000000002b190000)]
  0x0000000022e1c000 JavaThread "modloading-worker-2" daemon [_thread_blocked, id=13920, stack(0x000000002af90000,0x000000002b090000)]
  0x0000000022e14000 JavaThread "modloading-worker-1" daemon [_thread_blocked, id=4396, stack(0x000000002ae90000,0x000000002af90000)]
  0x0000000022e13000 JavaThread "Worker-Main-5" daemon [_thread_in_Java, id=15332, stack(0x000000002ad90000,0x000000002ae90000)]
  0x0000000022e17800 JavaThread "Worker-Main-4" daemon [_thread_in_Java, id=8348, stack(0x000000002ac90000,0x000000002ad90000)]
  0x0000000022e14800 JavaThread "Narrator" [_thread_blocked, id=3904, stack(0x00000000280a0000,0x00000000281a0000)]
  0x0000000022e16000 JavaThread "Sound engine" daemon [_thread_blocked, id=3320, stack(0x0000000028c20000,0x0000000028d20000)]
  0x0000000022e1a000 JavaThread "modloading-worker-0" daemon [_thread_blocked, id=12500, stack(0x00000000282a0000,0x00000000283a0000)]
  0x0000000022e17000 JavaThread "modloading-worker-3" daemon [_thread_blocked, id=1632, stack(0x00000000281a0000,0x00000000282a0000)]
  0x000000001bb44000 JavaThread "Snooper Timer" daemon [_thread_blocked, id=9792, stack(0x00000000270d0000,0x00000000271d0000)]
  0x000000001bb43800 JavaThread "Timer hack thread" daemon [_thread_blocked, id=4320, stack(0x0000000025fb0000,0x00000000260b0000)]
  0x00000000212af000 JavaThread "Worker-Bootstrap-3" daemon [_thread_in_Java, id=15116, stack(0x00000000254b0000,0x00000000255b0000)]
  0x0000000024518000 JavaThread "Worker-Bootstrap-2" daemon [_thread_in_Java, id=16660, stack(0x0000000025150000,0x0000000025250000)]
  0x0000000024517000 JavaThread "Worker-Bootstrap-1" daemon [_thread_in_Java, id=15188, stack(0x0000000024050000,0x0000000024150000)]
  0x0000000018a48800 JavaThread "pool-3-thread-1" [_thread_blocked, id=14160, stack(0x000000001b100000,0x000000001b200000)]
  0x000000001a13d000 JavaThread "Thread-2" daemon [_thread_in_native, id=16956, stack(0x000000001c6d0000,0x000000001c7d0000)]
  0x000000001a13c800 JavaThread "Thread-1" daemon [_thread_in_Java, id=15736, stack(0x000000001c5d0000,0x000000001c6d0000)]
  0x0000000019068000 JavaThread "Service Thread" daemon [_thread_blocked, id=12476, stack(0x00000000197f0000,0x00000000198f0000)]
  0x0000000018bd9000 JavaThread "C1 CompilerThread2" daemon [_thread_blocked, id=14724, stack(0x0000000018ef0000,0x0000000018ff0000)]
  0x0000000018bad800 JavaThread "C2 CompilerThread1" daemon [_thread_in_native, id=14088, stack(0x0000000018df0000,0x0000000018ef0000)]
=>0x0000000018baa800 JavaThread "C2 CompilerThread0" daemon [_thread_in_native, id=8072, stack(0x0000000018cf0000,0x0000000018df0000)]
  0x0000000018a20000 JavaThread "Monitor Ctrl-Break" daemon [_thread_in_native, id=1324, stack(0x0000000018bf0000,0x0000000018cf0000)]
  0x0000000017196000 JavaThread "Attach Listener" daemon [_thread_blocked, id=3436, stack(0x00000000186f0000,0x00000000187f0000)]
  0x0000000017195000 JavaThread "Signal Dispatcher" daemon [_thread_blocked, id=16160, stack(0x00000000185f0000,0x00000000186f0000)]
  0x000000000246c000 JavaThread "Finalizer" daemon [_thread_blocked, id=2676, stack(0x00000000183f0000,0x00000000184f0000)]
  0x0000000002468000 JavaThread "Reference Handler" daemon [_thread_blocked, id=12272, stack(0x00000000182f0000,0x00000000183f0000)]
  0x0000000002372800 JavaThread "Render thread" [_thread_in_vm, id=11196, stack(0x0000000002270000,0x0000000002370000)]

Other Threads:
  0x0000000017159000 VMThread [stack: 0x00000000181f0000,0x00000000182f0000] [id=12124]
  0x0000000019069000 WatcherThread [stack: 0x00000000198f0000,0x00000000199f0000] [id=9556]

VM state:not at safepoint (normal execution)

VM Mutex/Monitor currently owned by a thread: None

Heap:
 PSYoungGen      total 619520K, used 104149K [0x00000000d5f00000, 0x0000000100000000, 0x0000000100000000)
  eden space 547840K, 12% used [0x00000000d5f00000,0x00000000da24c8b8,0x00000000f7600000)
  from space 71680K, 49% used [0x00000000fba00000,0x00000000fdc68c80,0x0000000100000000)
  to   space 69632K, 0% used [0x00000000f7600000,0x00000000f7600000,0x00000000fba00000)
 ParOldGen       total 285696K, used 252270K [0x0000000081c00000, 0x0000000093300000, 0x00000000d5f00000)
  object space 285696K, 88% used [0x0000000081c00000,0x000000009125bb90,0x0000000093300000)
 Metaspace       used 69656K, capacity 76506K, committed 76544K, reserved 1114112K
  class space    used 10534K, capacity 12532K, committed 12544K, reserved 1048576K

Card table byte_map: [0x0000000011a20000,0x0000000011e20000] byte_map_base: 0x0000000011612000

Marking Bits: (ParMarkBitMap*) 0x000000005a8e4040
 Begin Bits: [0x00000000124d0000, 0x0000000014460000)
 End Bits:   [0x0000000014460000, 0x00000000163f0000)

Polling page: 0x0000000000520000

CodeCache: size=245760Kb used=22517Kb max_used=22676Kb free=223242Kb
 bounds [0x0000000002660000, 0x0000000003cb0000, 0x0000000011660000]
 total_blobs=8592 nmethods=7138 adapters=1364
 compilation: enabled

Compilation events (10 events):
Event: 61.573 Thread 0x0000000018bd9000 9375       3       org.lwjgl.system.MemoryUtil::memGetByte (9 bytes)
Event: 61.573 Thread 0x0000000018bd9000 nmethod 9375 0x0000000003c007d0 code [0x0000000003c00920, 0x0000000003c00a70]
Event: 61.573 Thread 0x0000000018bd9000 9370       1       net.minecraft.resources.ResourcePackType::getDirectoryName (5 bytes)
Event: 61.573 Thread 0x0000000018bd9000 nmethod 9370 0x0000000003c00510 code [0x0000000003c00660, 0x0000000003c00770]
Event: 61.577 Thread 0x0000000018bd9000 9376       2       net.minecraft.util.ResourceLocation::<init> (17 bytes)
Event: 61.577 Thread 0x0000000018bd9000 nmethod 9376 0x0000000003bfff50 code [0x0000000003c000c0, 0x0000000003c003a8]
Event: 61.581 Thread 0x0000000018bd9000 9377       3       java.util.concurrent.ForkJoinPool$WorkQueue::execLocalTasks (126 bytes)
Event: 61.581 Thread 0x0000000018bd9000 nmethod 9377 0x0000000003bff250 code [0x0000000003bff420, 0x0000000003bffc88]
Event: 61.618 Thread 0x0000000018bd9000 9378       3       sun.net.www.protocol.jar.Handler::openConnection (10 bytes)
Event: 61.619 Thread 0x0000000018bd9000 nmethod 9378 0x0000000003bfe7d0 code [0x0000000003bfe980, 0x0000000003bfefa8]

GC Heap History (10 events):
Event: 58.946 GC heap after
Heap after GC invocations=82 (full 5):
 PSYoungGen      total 617984K, used 43300K [0x00000000d5f00000, 0x00000000ffb80000, 0x0000000100000000)
  eden space 551936K, 0% used [0x00000000d5f00000,0x00000000d5f00000,0x00000000f7a00000)
  from space 66048K, 65% used [0x00000000f7a00000,0x00000000fa449220,0x00000000fba80000)
  to   space 65024K, 0% used [0x00000000fbc00000,0x00000000fbc00000,0x00000000ffb80000)
 ParOldGen       total 285696K, used 246343K [0x0000000081c00000, 0x0000000093300000, 0x00000000d5f00000)
  object space 285696K, 86% used [0x0000000081c00000,0x0000000090c91cd0,0x0000000093300000)
 Metaspace       used 67060K, capacity 73482K, committed 73728K, reserved 1112064K
  class space    used 10099K, capacity 11988K, committed 12032K, reserved 1048576K
}
Event: 59.263 GC heap before
{Heap before GC invocations=83 (full 5):
 PSYoungGen      total 617984K, used 595236K [0x00000000d5f00000, 0x00000000ffb80000, 0x0000000100000000)
  eden space 551936K, 100% used [0x00000000d5f00000,0x00000000f7a00000,0x00000000f7a00000)
  from space 66048K, 65% used [0x00000000f7a00000,0x00000000fa449220,0x00000000fba80000)
  to   space 65024K, 0% used [0x00000000fbc00000,0x00000000fbc00000,0x00000000ffb80000)
 ParOldGen       total 285696K, used 246343K [0x0000000081c00000, 0x0000000093300000, 0x00000000d5f00000)
  object space 285696K, 86% used [0x0000000081c00000,0x0000000090c91cd0,0x0000000093300000)
 Metaspace       used 67205K, capacity 73622K, committed 73856K, reserved 1112064K
  class space    used 10139K, capacity 12042K, committed 12160K, reserved 1048576K
Event: 59.319 GC heap after
Heap after GC invocations=83 (full 5):
 PSYoungGen      total 621056K, used 41239K [0x00000000d5f00000, 0x00000000ffb00000, 0x0000000100000000)
  eden space 556544K, 0% used [0x00000000d5f00000,0x00000000d5f00000,0x00000000f7e80000)
  from space 64512K, 63% used [0x00000000fbc00000,0x00000000fe445c98,0x00000000ffb00000)
  to   space 62976K, 0% used [0x00000000f7e80000,0x00000000f7e80000,0x00000000fbc00000)
 ParOldGen       total 285696K, used 247172K [0x0000000081c00000, 0x0000000093300000, 0x00000000d5f00000)
  object space 285696K, 86% used [0x0000000081c00000,0x0000000090d61110,0x0000000093300000)
 Metaspace       used 67205K, capacity 73622K, committed 73856K, reserved 1112064K
  class space    used 10139K, capacity 12042K, committed 12160K, reserved 1048576K
}
Event: 59.784 GC heap before
{Heap before GC invocations=84 (full 5):
 PSYoungGen      total 621056K, used 597783K [0x00000000d5f00000, 0x00000000ffb00000, 0x0000000100000000)
  eden space 556544K, 100% used [0x00000000d5f00000,0x00000000f7e80000,0x00000000f7e80000)
  from space 64512K, 63% used [0x00000000fbc00000,0x00000000fe445c98,0x00000000ffb00000)
  to   space 62976K, 0% used [0x00000000f7e80000,0x00000000f7e80000,0x00000000fbc00000)
 ParOldGen       total 285696K, used 247172K [0x0000000081c00000, 0x0000000093300000, 0x00000000d5f00000)
  object space 285696K, 86% used [0x0000000081c00000,0x0000000090d61110,0x0000000093300000)
 Metaspace       used 67497K, capacity 73970K, committed 74112K, reserved 1112064K
  class space    used 10193K, capacity 12104K, committed 12160K, reserved 1048576K
Event: 59.871 GC heap after
Heap after GC invocations=84 (full 5):
 PSYoungGen      total 619520K, used 58017K [0x00000000d5f00000, 0x0000000100000000, 0x0000000100000000)
  eden space 556544K, 0% used [0x00000000d5f00000,0x00000000d5f00000,0x00000000f7e80000)
  from space 62976K, 92% used [0x00000000f7e80000,0x00000000fb7287b0,0x00000000fbc00000)
  to   space 67072K, 0% used [0x00000000fbe80000,0x00000000fbe80000,0x0000000100000000)
 ParOldGen       total 285696K, used 248543K [0x0000000081c00000, 0x0000000093300000, 0x00000000d5f00000)
  object space 285696K, 86% used [0x0000000081c00000,0x0000000090eb7db0,0x0000000093300000)
 Metaspace       used 67497K, capacity 73970K, committed 74112K, reserved 1112064K
  class space    used 10193K, capacity 12104K, committed 12160K, reserved 1048576K
}
Event: 60.167 GC heap before
{Heap before GC invocations=85 (full 5):
 PSYoungGen      total 619520K, used 614561K [0x00000000d5f00000, 0x0000000100000000, 0x0000000100000000)
  eden space 556544K, 100% used [0x00000000d5f00000,0x00000000f7e80000,0x00000000f7e80000)
  from space 62976K, 92% used [0x00000000f7e80000,0x00000000fb7287b0,0x00000000fbc00000)
  to   space 67072K, 0% used [0x00000000fbe80000,0x00000000fbe80000,0x0000000100000000)
 ParOldGen       total 285696K, used 248543K [0x0000000081c00000, 0x0000000093300000, 0x00000000d5f00000)
  object space 285696K, 86% used [0x0000000081c00000,0x0000000090eb7db0,0x0000000093300000)
 Metaspace       used 67719K, capacity 74160K, committed 74368K, reserved 1112064K
  class space    used 10225K, capacity 12143K, committed 12160K, reserved 1048576K
Event: 60.204 GC heap after
Heap after GC invocations=85 (full 5):
 PSYoungGen      total 621056K, used 25146K [0x00000000d5f00000, 0x0000000100000000, 0x0000000100000000)
  eden space 553984K, 0% used [0x00000000d5f00000,0x00000000d5f00000,0x00000000f7c00000)
  from space 67072K, 37% used [0x00000000fbe80000,0x00000000fd70eac8,0x0000000100000000)
  to   space 67584K, 0% used [0x00000000f7c00000,0x00000000f7c00000,0x00000000fbe00000)
 ParOldGen       total 285696K, used 250065K [0x0000000081c00000, 0x0000000093300000, 0x00000000d5f00000)
  object space 285696K, 87% used [0x0000000081c00000,0x0000000091034408,0x0000000093300000)
 Metaspace       used 67719K, capacity 74160K, committed 74368K, reserved 1112064K
  class space    used 10225K, capacity 12143K, committed 12160K, reserved 1048576K
}
Event: 60.755 GC heap before
{Heap before GC invocations=86 (full 5):
 PSYoungGen      total 621056K, used 579130K [0x00000000d5f00000, 0x0000000100000000, 0x0000000100000000)
  eden space 553984K, 100% used [0x00000000d5f00000,0x00000000f7c00000,0x00000000f7c00000)
  from space 67072K, 37% used [0x00000000fbe80000,0x00000000fd70eac8,0x0000000100000000)
  to   space 67584K, 0% used [0x00000000f7c00000,0x00000000f7c00000,0x00000000fbe00000)
 ParOldGen       total 285696K, used 250065K [0x0000000081c00000, 0x0000000093300000, 0x00000000d5f00000)
  object space 285696K, 87% used [0x0000000081c00000,0x0000000091034408,0x0000000093300000)
 Metaspace       used 68771K, capacity 75464K, committed 75648K, reserved 1112064K
  class space    used 10377K, capacity 12357K, committed 12416K, reserved 1048576K
Event: 60.847 GC heap after
Heap after GC invocations=86 (full 5):
 PSYoungGen      total 612864K, used 58461K [0x00000000d5f00000, 0x0000000100000000, 0x0000000100000000)
  eden space 553984K, 0% used [0x00000000d5f00000,0x00000000d5f00000,0x00000000f7c00000)
  from space 58880K, 99% used [0x00000000f7c00000,0x00000000fb517530,0x00000000fb580000)
  to   space 71680K, 0% used [0x00000000fba00000,0x00000000fba00000,0x0000000100000000)
 ParOldGen       total 285696K, used 251226K [0x0000000081c00000, 0x0000000093300000, 0x00000000d5f00000)
  object space 285696K, 87% used [0x0000000081c00000,0x0000000091156a60,0x0000000093300000)
 Metaspace       used 68771K, capacity 75464K, committed 75648K, reserved 1112064K
  class space    used 10377K, capacity 12357K, committed 12416K, reserved 1048576K
}
Event: 61.658 GC heap before
{Heap before GC invocations=87 (full 5):
 PSYoungGen      total 612864K, used 612445K [0x00000000d5f00000, 0x0000000100000000, 0x0000000100000000)
  eden space 553984K, 100% used [0x00000000d5f00000,0x00000000f7c00000,0x00000000f7c00000)
  from space 58880K, 99% used [0x00000000f7c00000,0x00000000fb517530,0x00000000fb580000)
  to   space 71680K, 0% used [0x00000000fba00000,0x00000000fba00000,0x0000000100000000)
 ParOldGen       total 285696K, used 251226K [0x0000000081c00000, 0x0000000093300000, 0x00000000d5f00000)
  object space 285696K, 87% used [0x0000000081c00000,0x0000000091156a60,0x0000000093300000)
 Metaspace       used 69615K, capacity 76430K, committed 76544K, reserved 1114112K
  class space    used 10528K, capacity 12528K, committed 12544K, reserved 1048576K

Deoptimization events (10 events):
Event: 61.279 Thread 0x0000000002372800 Uncommon trap: reason=unstable_if action=reinterpret pc=0x00000000030e3354 method=java.util.concurrent.locks.AbstractQueuedSynchronizer.apparentlyFirstQueuedIsExclusive()Z @ 6
Event: 61.279 Thread 0x0000000022e17800 Uncommon trap: reason=unstable_if action=reinterpret pc=0x0000000002c43b10 method=java.util.concurrent.locks.AbstractQueuedSynchronizer.release(I)Z @ 14
Event: 61.279 Thread 0x0000000022e17800 Uncommon trap: reason=unstable_if action=reinterpret pc=0x00000000031038f0 method=java.util.concurrent.locks.AbstractQueuedSynchronizer.apparentlyFirstQueuedIsExclusive()Z @ 6
Event: 61.280 Thread 0x0000000022e17800 Uncommon trap: reason=unstable_if action=reinterpret pc=0x00000000031002bc method=java.util.concurrent.locks.AbstractQueuedSynchronizer.doReleaseShared()V @ 6
Event: 61.280 Thread 0x0000000022e17800 Uncommon trap: reason=unstable_if action=reinterpret pc=0x00000000030ff8d4 method=java.util.concurrent.locks.AbstractQueuedSynchronizer.apparentlyFirstQueuedIsExclusive()Z @ 6
Event: 61.280 Thread 0x0000000022e17800 Uncommon trap: reason=unstable_if action=reinterpret pc=0x0000000002927ef8 method=java.util.concurrent.locks.AbstractQueuedSynchronizer.doReleaseShared()V @ 6
Event: 61.305 Thread 0x0000000022e18800 Uncommon trap: reason=unstable_if action=reinterpret pc=0x0000000002dccd20 method=java.util.Arrays.equals([B[B)Z @ 12
Event: 61.325 Thread 0x0000000022e18800 Uncommon trap: reason=unstable_if action=reinterpret pc=0x0000000002b97994 method=java.lang.CharacterDataLatin1.digit(II)I @ 82
Event: 61.343 Thread 0x0000000022e17800 Uncommon trap: reason=class_check action=maybe_recompile pc=0x000000000378471c method=java.util.stream.AbstractPipeline.close()V @ 42
Event: 61.496 Thread 0x0000000022e17800 Uncommon trap: reason=unstable_if action=reinterpret pc=0x00000000037870fc method=java.util.stream.AbstractPipeline.sourceSpliterator(I)Ljava/util/Spliterator; @ 9

Internal exceptions (10 events):
Event: 61.657 Thread 0x0000000022e19000 Exception <a 'sun/nio/fs/WindowsException'> (0x00000000f21e3858) thrown at [C:\re\workspace\8-2-build-windows-amd64-cygwin\jdk8u51\3951\hotspot\src\share\vm\prims\jni.cpp, line 709]
Event: 61.657 Thread 0x0000000022e19000 Exception <a 'sun/nio/fs/WindowsException'> (0x00000000f21e3d98) thrown at [C:\re\workspace\8-2-build-windows-amd64-cygwin\jdk8u51\3951\hotspot\src\share\vm\prims\jni.cpp, line 709]
Event: 61.657 Thread 0x0000000022e17800 Exception <a 'sun/nio/fs/WindowsException'> (0x00000000f5a22b10) thrown at [C:\re\workspace\8-2-build-windows-amd64-cygwin\jdk8u51\3951\hotspot\src\share\vm\prims\jni.cpp, line 709]
Event: 61.657 Thread 0x0000000022e17800 Exception <a 'sun/nio/fs/WindowsException'> (0x00000000f5a23190) thrown at [C:\re\workspace\8-2-build-windows-amd64-cygwin\jdk8u51\3951\hotspot\src\share\vm\prims\jni.cpp, line 709]
Event: 61.657 Thread 0x0000000022e19000 Exception <a 'sun/nio/fs/WindowsException'> (0x00000000f21e5bf8) thrown at [C:\re\workspace\8-2-build-windows-amd64-cygwin\jdk8u51\3951\hotspot\src\share\vm\prims\jni.cpp, line 709]
Event: 61.657 Thread 0x0000000022e19000 Exception <a 'sun/nio/fs/WindowsException'> (0x00000000f21e6028) thrown at [C:\re\workspace\8-2-build-windows-amd64-cygwin\jdk8u51\3951\hotspot\src\share\vm\prims\jni.cpp, line 709]
Event: 61.658 Thread 0x0000000022e19000 Exception <a 'sun/nio/fs/WindowsException'> (0x00000000f21e6c78) thrown at [C:\re\workspace\8-2-build-windows-amd64-cygwin\jdk8u51\3951\hotspot\src\share\vm\prims\jni.cpp, line 709]
Event: 61.658 Thread 0x0000000022e19000 Exception <a 'sun/nio/fs/WindowsException'> (0x00000000f21e7248) thrown at [C:\re\workspace\8-2-build-windows-amd64-cygwin\jdk8u51\3951\hotspot\src\share\vm\prims\jni.cpp, line 709]
Event: 61.658 Thread 0x0000000022e19000 Exception <a 'sun/nio/fs/WindowsException'> (0x00000000f21e82b8) thrown at [C:\re\workspace\8-2-build-windows-amd64-cygwin\jdk8u51\3951\hotspot\src\share\vm\prims\jni.cpp, line 709]
Event: 61.658 Thread 0x0000000022e19000 Exception <a 'sun/nio/fs/WindowsException'> (0x00000000f21e87f8) thrown at [C:\re\workspace\8-2-build-windows-amd64-cygwin\jdk8u51\3951\hotspot\src\share\vm\prims\jni.cpp, line 709]

Events (10 events):
Event: 61.575 loading class com/google/common/collect/Lists$ReverseList$1 done
Event: 61.581 loading class net/minecraft/util/ResourceLocation
Event: 61.581 loading class net/minecraft/util/ResourceLocation done
Event: 61.581 loading class net/minecraft/util/ResourceLocation
Event: 61.581 loading class net/minecraft/util/ResourceLocation done
Event: 61.625 Executing VM operation: RevokeBias
Event: 61.636 Executing VM operation: RevokeBias done
Event: 61.636 Executing VM operation: BulkRevokeBias
Event: 61.637 Executing VM operation: BulkRevokeBias done
Event: 61.658 Executing VM operation: ParallelGCFailedAllocation


Dynamic libraries:
0x00007ff7ecd10000 - 0x00007ff7ecd47000 	C:\Program Files (x86)\Minecraft\runtime\jre-x64\bin\java.exe
0x00007ffb0d6b0000 - 0x00007ffb0d8a6000 	C:\WINDOWS\SYSTEM32\ntdll.dll
0x00007ffb0cba0000 - 0x00007ffb0cc5d000 	C:\WINDOWS\System32\KERNEL32.DLL
0x00007ffb0ae40000 - 0x00007ffb0b109000 	C:\WINDOWS\System32\KERNELBASE.dll
0x00007ffb0d070000 - 0x00007ffb0d11c000 	C:\WINDOWS\System32\ADVAPI32.dll
0x00007ffb0c820000 - 0x00007ffb0c8be000 	C:\WINDOWS\System32\msvcrt.dll
0x00007ffb0cc90000 - 0x00007ffb0cd2c000 	C:\WINDOWS\System32\sechost.dll
0x00007ffb0b960000 - 0x00007ffb0ba8b000 	C:\WINDOWS\System32\RPCRT4.dll
0x00007ffb0b710000 - 0x00007ffb0b8b0000 	C:\WINDOWS\System32\USER32.dll
0x00007ffb0b260000 - 0x00007ffb0b282000 	C:\WINDOWS\System32\win32u.dll
0x00007ffb0cc60000 - 0x00007ffb0cc8a000 	C:\WINDOWS\System32\GDI32.dll
0x00007ffb0b600000 - 0x00007ffb0b709000 	C:\WINDOWS\System32\gdi32full.dll
0x00007ffb0b1c0000 - 0x00007ffb0b25d000 	C:\WINDOWS\System32\msvcp_win.dll
0x00007ffb0b320000 - 0x00007ffb0b420000 	C:\WINDOWS\System32\ucrtbase.dll
0x00007ffaf4a70000 - 0x00007ffaf4d0b000 	C:\WINDOWS\WinSxS\amd64_microsoft.windows.common-controls_6595b64144ccf1df_6.0.19041.488_none_ca04af081b815d21\COMCTL32.dll
0x00007ffb0d640000 - 0x00007ffb0d670000 	C:\WINDOWS\System32\IMM32.DLL
0x000000005a970000 - 0x000000005aa42000 	C:\Program Files (x86)\Minecraft\runtime\jre-x64\bin\msvcr100.dll
0x000000005a0e0000 - 0x000000005a963000 	C:\Program Files (x86)\Minecraft\runtime\jre-x64\bin\server\jvm.dll
0x00007ffb0ba90000 - 0x00007ffb0ba98000 	C:\WINDOWS\System32\PSAPI.DLL
0x00007ffae6700000 - 0x00007ffae6709000 	C:\WINDOWS\SYSTEM32\WSOCK32.dll
0x00007ffb04300000 - 0x00007ffb04327000 	C:\WINDOWS\SYSTEM32\WINMM.dll
0x00007ffb0baa0000 - 0x00007ffb0bb0b000 	C:\WINDOWS\System32\WS2_32.dll
0x00007ffb04060000 - 0x00007ffb0406a000 	C:\WINDOWS\SYSTEM32\VERSION.dll
0x000000005a0d0000 - 0x000000005a0df000 	C:\Program Files (x86)\Minecraft\runtime\jre-x64\bin\verify.dll
0x000000005a0a0000 - 0x000000005a0c9000 	C:\Program Files (x86)\Minecraft\runtime\jre-x64\bin\java.dll
0x000000005a070000 - 0x000000005a093000 	C:\Program Files (x86)\Minecraft\runtime\jre-x64\bin\instrument.dll
0x000000005a050000 - 0x000000005a066000 	C:\Program Files (x86)\Minecraft\runtime\jre-x64\bin\zip.dll
0x00007ffb0bba0000 - 0x00007ffb0c2e2000 	C:\WINDOWS\System32\SHELL32.dll
0x00007ffb08d10000 - 0x00007ffb094a5000 	C:\WINDOWS\SYSTEM32\windows.storage.dll
0x00007ffb0d190000 - 0x00007ffb0d4e6000 	C:\WINDOWS\System32\combase.dll
0x00007ffb0a790000 - 0x00007ffb0a7bc000 	C:\WINDOWS\SYSTEM32\Wldp.dll
0x00007ffb0b8b0000 - 0x00007ffb0b95e000 	C:\WINDOWS\System32\SHCORE.dll
0x00007ffb0c350000 - 0x00007ffb0c3a5000 	C:\WINDOWS\System32\shlwapi.dll
0x00007ffb0ad20000 - 0x00007ffb0ad46000 	C:\WINDOWS\SYSTEM32\profapi.dll
0x00007ffaffc50000 - 0x00007ffaffc6a000 	C:\Users\ervin_1nmnhvl\AppData\Local\JetBrains\Toolbox\apps\IDEA-U\ch-0\203.5981.155\bin\breakgen64.dll
0x000000005a030000 - 0x000000005a04a000 	C:\Program Files (x86)\Minecraft\runtime\jre-x64\bin\net.dll
0x00007ffb0a580000 - 0x00007ffb0a5ea000 	C:\WINDOWS\system32\mswsock.dll
0x000000005a020000 - 0x000000005a02d000 	C:\Program Files (x86)\Minecraft\runtime\jre-x64\bin\management.dll
0x00007ffafa650000 - 0x00007ffafa667000 	C:\WINDOWS\system32\napinsp.dll
0x00007ffaf4e60000 - 0x00007ffaf4e7b000 	C:\WINDOWS\system32\pnrpnsp.dll
0x00007ffb05bb0000 - 0x00007ffb05bc5000 	C:\WINDOWS\system32\wshbth.dll
0x00007ffb06910000 - 0x00007ffb0692d000 	C:\WINDOWS\system32\NLAapi.dll
0x00007ffb0a240000 - 0x00007ffb0a27b000 	C:\WINDOWS\SYSTEM32\IPHLPAPI.DLL
0x00007ffb0a290000 - 0x00007ffb0a35b000 	C:\WINDOWS\SYSTEM32\DNSAPI.dll
0x00007ffb0d180000 - 0x00007ffb0d188000 	C:\WINDOWS\System32\NSI.dll
0x00007ffafb130000 - 0x00007ffafb142000 	C:\WINDOWS\System32\winrnr.dll
0x00007ffafc120000 - 0x00007ffafc12a000 	C:\Windows\System32\rasadhlp.dll
0x00007ffb00380000 - 0x00007ffb003ff000 	C:\WINDOWS\System32\fwpuclnt.dll
0x00007ffb0b2f0000 - 0x00007ffb0b317000 	C:\WINDOWS\System32\bcrypt.dll
0x000000005a000000 - 0x000000005a011000 	C:\Program Files (x86)\Minecraft\runtime\jre-x64\bin\nio.dll
0x0000000059fd0000 - 0x0000000059ff4000 	C:\Program Files (x86)\Minecraft\runtime\jre-x64\bin\sunec.dll
0x00007ffb0aac0000 - 0x00007ffb0aad8000 	C:\WINDOWS\SYSTEM32\CRYPTSP.dll
0x00007ffb09dc0000 - 0x00007ffb09df4000 	C:\WINDOWS\system32\rsaenh.dll
0x00007ffb0ace0000 - 0x00007ffb0ad0e000 	C:\WINDOWS\SYSTEM32\USERENV.dll
0x00007ffb0b420000 - 0x00007ffb0b4a0000 	C:\WINDOWS\System32\bcryptprimitives.dll
0x00007ffb0a700000 - 0x00007ffb0a70c000 	C:\WINDOWS\SYSTEM32\CRYPTBASE.dll
0x00007ffb01e80000 - 0x00007ffb01e97000 	C:\WINDOWS\SYSTEM32\dhcpcsvc6.DLL
0x00007ffb01e60000 - 0x00007ffb01e7d000 	C:\WINDOWS\SYSTEM32\dhcpcsvc.DLL
0x00007ffad4a10000 - 0x00007ffad4a82000 	C:\Users\ervin_1nmnhvl\AppData\Local\Temp\lwjglervin_1nmnhvl\3.2.2-build-10\lwjgl.dll
0x00007ffad1280000 - 0x00007ffad14d1000 	C:\Users\ERVIN_~1\AppData\Local\Temp\lwjglervin_1nmnhvl\3.2.2-build-10\jemalloc.dll
0x00007ffadb3b0000 - 0x00007ffadb40e000 	C:\Users\ERVIN_~1\AppData\Local\Temp\lwjglervin_1nmnhvl\3.2.2-build-10\glfw.dll
0x00007ffb085d0000 - 0x00007ffb0866e000 	C:\WINDOWS\system32\uxtheme.dll
0x00007ffad49c0000 - 0x00007ffad4a05000 	C:\WINDOWS\SYSTEM32\dinput8.dll
0x00007ffafef50000 - 0x00007ffafef61000 	C:\WINDOWS\SYSTEM32\xinput1_4.dll
0x00007ffb0adf0000 - 0x00007ffb0ae3e000 	C:\WINDOWS\System32\cfgmgr32.dll
0x00007ffb0aba0000 - 0x00007ffb0abcc000 	C:\WINDOWS\SYSTEM32\DEVOBJ.dll
0x00007ffb08840000 - 0x00007ffb0886f000 	C:\WINDOWS\SYSTEM32\dwmapi.dll
0x00007ffafa2a0000 - 0x00007ffafa3f2000 	C:\WINDOWS\SYSTEM32\inputhost.dll
0x00007ffb0cfa0000 - 0x00007ffb0d06d000 	C:\WINDOWS\System32\OLEAUT32.dll
0x00007ffb08270000 - 0x00007ffb08362000 	C:\WINDOWS\SYSTEM32\CoreMessaging.dll
0x00007ffb06570000 - 0x00007ffb06667000 	C:\WINDOWS\SYSTEM32\PROPSYS.dll
0x00007ffb07f10000 - 0x00007ffb0826e000 	C:\WINDOWS\SYSTEM32\CoreUIComponents.dll
0x00007ffb095c0000 - 0x00007ffb095d2000 	C:\WINDOWS\SYSTEM32\kernel.appcore.dll
0x00007ffb07840000 - 0x00007ffb07996000 	C:\WINDOWS\SYSTEM32\wintypes.dll
0x00007ffb099f0000 - 0x00007ffb09a23000 	C:\WINDOWS\SYSTEM32\ntmarta.dll
0x00007ffb0ce10000 - 0x00007ffb0cf26000 	C:\WINDOWS\System32\MSCTF.dll
0x00007ffb094b0000 - 0x00007ffb094bd000 	C:\WINDOWS\SYSTEM32\HID.DLL
0x00007ffb0c3b0000 - 0x00007ffb0c817000 	C:\WINDOWS\System32\SETUPAPI.DLL
0x00007ffb0b290000 - 0x00007ffb0b2f0000 	C:\WINDOWS\System32\WINTRUST.dll
0x00007ffb0b4a0000 - 0x00007ffb0b5fd000 	C:\WINDOWS\System32\CRYPT32.dll
0x00007ffb0ab80000 - 0x00007ffb0ab92000 	C:\WINDOWS\SYSTEM32\MSASN1.dll
0x00007ffacd680000 - 0x00007ffacd7a5000 	C:\WINDOWS\SYSTEM32\opengl32.dll
0x00007ffae4220000 - 0x00007ffae424c000 	C:\WINDOWS\SYSTEM32\GLU32.dll
0x00007ffb0c8c0000 - 0x00007ffb0c969000 	C:\WINDOWS\System32\clbcatq.dll
0x00007ffac8810000 - 0x00007ffac9494000 	C:\WINDOWS\SYSTEM32\ig4icd64.dll
0x00007ffb09600000 - 0x00007ffb096f3000 	C:\WINDOWS\SYSTEM32\dxgi.dll
0x00007ffb06bb0000 - 0x00007ffb06e14000 	C:\WINDOWS\SYSTEM32\d3d11.dll
0x00007ffad8480000 - 0x00007ffad90d0000 	C:\WINDOWS\SYSTEM32\igd10umd64.dll
0x00007ffaff5d0000 - 0x00007ffaff60b000 	C:\WINDOWS\SYSTEM32\dxcore.dll
0x00007ffad34a0000 - 0x00007ffad351f000 	C:\Users\ervin_1nmnhvl\AppData\Local\Temp\lwjglervin_1nmnhvl\3.2.2-build-10\lwjgl_stb.dll
0x00007ffb05750000 - 0x00007ffb057fe000 	C:\WINDOWS\SYSTEM32\mscms.dll
0x00007ffb05530000 - 0x00007ffb05541000 	C:\WINDOWS\SYSTEM32\ColorAdapterClient.dll
0x00007ffad44b0000 - 0x00007ffad44f3000 	C:\WINDOWS\SYSTEM32\icm32.dll
0x00007ffafa400000 - 0x00007ffafa4fd000 	C:\WINDOWS\SYSTEM32\textinputframework.dll
0x00007ffad42f0000 - 0x00007ffad4348000 	C:\Users\ervin_1nmnhvl\AppData\Local\Temp\lwjglervin_1nmnhvl\3.2.2-build-10\lwjgl_opengl.dll
0x00007ffad1a10000 - 0x00007ffad1a52000 	C:\Users\ervin_1nmnhvl\AppData\Local\Temp\jna-2118671535\jna2715696306741220278.dll
0x00007ffafe620000 - 0x00007ffafe63a000 	C:\save\modding\nimrod_mod_1\build\natives\SAPIWrapper_x64.dll
0x00007ffb0d510000 - 0x00007ffb0d63a000 	C:\WINDOWS\System32\ole32.dll
0x00007ffad0d60000 - 0x00007ffad0ee4000 	C:\WINDOWS\System32\Speech\Common\sapi.dll
0x00007ffafef90000 - 0x00007ffafefae000 	C:\WINDOWS\SYSTEM32\MSACM32.dll
0x00007ffafcee0000 - 0x00007ffafceeb000 	C:\WINDOWS\SYSTEM32\msdmo.dll
0x00007ffafceb0000 - 0x00007ffafced6000 	C:\WINDOWS\SYSTEM32\winmmbase.dll
0x00007ffafc240000 - 0x00007ffafc2c5000 	C:\WINDOWS\System32\MMDevApi.dll
0x00007ffb02a10000 - 0x00007ffb02bf4000 	C:\WINDOWS\SYSTEM32\dbghelp.dll

VM Arguments:
jvm_args: -Dforge.logging.console.level=debug -Dforge.logging.markers=SCAN,REGISTRIES,REGISTRYDUMP -XX:HeapDumpPath=MojangTricksIntelDriversForPerformance_javaw.exe_minecraft.exe.heapdump -Dos.name=Windows 10 -Dos.version=10.0 -javaagent:C:\Users\ervin_1nmnhvl\AppData\Local\JetBrains\Toolbox\apps\IDEA-U\ch-0\203.5981.155\lib\idea_rt.jar=52335:C:\Users\ervin_1nmnhvl\AppData\Local\JetBrains\Toolbox\apps\IDEA-U\ch-0\203.5981.155\bin -Dfile.encoding=UTF-8 
java_command: net.minecraftforge.userdev.LaunchTesting
java_class_path (initial): C:\Program Files (x86)\Minecraft\runtime\jre-x64\lib\charsets.jar;C:\Program Files (x86)\Minecraft\runtime\jre-x64\lib\deploy.jar;C:\Program Files (x86)\Minecraft\runtime\jre-x64\lib\ext\access-bridge-64.jar;C:\Program Files (x86)\Minecraft\runtime\jre-x64\lib\ext\cldrdata.jar;C:\Program Files (x86)\Minecraft\runtime\jre-x64\lib\ext\dnsns.jar;C:\Program Files (x86)\Minecraft\runtime\jre-x64\lib\ext\jaccess.jar;C:\Program Files (x86)\Minecraft\runtime\jre-x64\lib\ext\jfxrt.jar;C:\Program Files (x86)\Minecraft\runtime\jre-x64\lib\ext\localedata.jar;C:\Program Files (x86)\Minecraft\runtime\jre-x64\lib\ext\nashorn.jar;C:\Program Files (x86)\Minecraft\runtime\jre-x64\lib\ext\sunec.jar;C:\Program Files (x86)\Minecraft\runtime\jre-x64\lib\ext\sunjce_provider.jar;C:\Program Files (x86)\Minecraft\runtime\jre-x64\lib\ext\sunmscapi.jar;C:\Program Files (x86)\Minecraft\runtime\jre-x64\lib\ext\sunpkcs11.jar;C:\Program Files (x86)\Minecraft\runtime\jre-x64\lib\ext\zipfs.jar;C:\Program Files (x86)\Minecraft\runtime\jre-x64\lib\javaws.jar;C:\Program Files (x86)\Minecraft\runtime\jre-x64\lib\jce.jar;C:\Program Files (x86)\Minecraft\runtime\jre-x64\lib\jfr.jar;C:\Program Files (x86)\Minecraft\runtime\jre-x64\lib\jfxswt.jar;C:\Program Files (x86)\Minecraft\runtime\jre-x64\lib\jsse.jar;C:\Program Files (x86)\Minecraft\runtime\jre-x64\lib\management-agent.jar;C:\Program Files (x86)\Minecraft\runtime\jre-x64\lib\plugin.jar;C:\Program Files (x86)\Minecraft\runtime\jre-x64\lib\resources.jar;C:\Program Files (x86)\Minecraft\runtime\jre-x64\lib\rt.jar;C:\save\modding\nimrod_mod_1\build\classes\java\main;C:\save\modding\nimrod_mod_1\build\resources\main;C:\Users\ervin_1nmnhvl\.gradle\caches\forge_gradle\minecraft_user_repo\net\minecraftforge\forge\1.16.1-32.0.75_mapped_snapshot_20200723-1.16.1\forge-1.16.1-32.0.75_mapped_snapshot_20200723-1.16.1-recomp.jar;C:\Users\ervin_1nmnhvl\.gradle\caches\forge_gradle\minecraft_user_repo\net\minecraftforge\forge\1.16.1-32.0.7
Launcher Type: SUN_STANDARD

Environment Variables:
JAVA_HOME=C:\Program Files\Java\jdk-11.0.4
PATH=C:\Program Files\Docker\Docker\Resources\bin;C:\ProgramData\Oracle\Java\javapath;C:\WINDOWS\system32;C:\WINDOWS;C:\WINDOWS\System32\Wbem;C:\WINDOWS\System32\WindowsPowerShell\v1.0\;C:\Program Files (x86)\cloudControl;C:\Program Files\Git\cmd;C:\bin;C:\Program Files (x86)\Windows Kits\8.1\Windows Performance Toolkit\;C:\Program Files (x86)\PuTTY\;C:\Program Files (x86)\Nodist\bin;G:\save\sdk\android\tools;G:\save\sdk\android\platform-tools;C:\boxfuse;C:\Program Files (x86)\Skype\Phone\;C:\Program Files (x86)\GtkSharp\2.12\bin;C:\Program Files (x86)\IVI Foundation\VISA\WinNT\Bin;C:\WINDOWS\system32;C:\WINDOWS;C:\WINDOWS\System32\Wbem;C:\WINDOWS\System32\WindowsPowerShell\v1.0\;;C:\WINDOWS\System32\OpenSSH\;C:\Users\ervin_1nmnhvl\AppData\Local\Microsoft\WindowsApps;
USERNAME=ervin_1nmnhvl
OS=Windows_NT
PROCESSOR_IDENTIFIER=Intel64 Family 6 Model 42 Stepping 7, GenuineIntel



---------------  S Y S T E M  ---------------

OS: Windows 10.0 , 64 bit Build 19041 (10.0.19041.662)

CPU:total 4 (2 cores per cpu, 2 threads per core) family 6 model 42 stepping 7, cmov, cx8, fxsr, mmx, sse, sse2, sse3, ssse3, sse4.1, sse4.2, popcnt, avx, aes, clmul, ht, tsc, tscinvbit

Memory: 4k page, physical 8266764k(328540k free), swap 10363916k(3100k free)

vm_info: Java HotSpot(TM) 64-Bit Server VM (25.51-b03) for windows-amd64 JRE (1.8.0_51-b16), built on Jun  8 2015 18:03:07 by "java_re" with MS VC++ 10.0 (VS2010)

time: Wed Dec 23 13:48:11 2020
elapsed time: 61 seconds (0d 0h 1m 1s)

